{"H:\\logiciel perso\\server_reforger\\OTEA-server\\backend\\osAbstraction.js": {"path":"H:\\logiciel perso\\server_reforger\\OTEA-server\\backend\\osAbstraction.js","statementMap":{"0":{"start":{"line":18,"column":13},"end":{"line":18,"column":28}},"1":{"start":{"line":19,"column":11},"end":{"line":19,"column":24}},"2":{"start":{"line":20,"column":17},"end":{"line":20,"column":41}},"3":{"start":{"line":21,"column":11},"end":{"line":21,"column":24}},"4":{"start":{"line":27,"column":23},"end":{"line":27,"column":27}},"5":{"start":{"line":28,"column":21},"end":{"line":28,"column":25}},"6":{"start":{"line":29,"column":21},"end":{"line":29,"column":25}},"7":{"start":{"line":30,"column":23},"end":{"line":30,"column":27}},"8":{"start":{"line":31,"column":13},"end":{"line":31,"column":15}},"9":{"start":{"line":32,"column":20},"end":{"line":32,"column":25}},"10":{"start":{"line":43,"column":21},"end":{"line":43,"column":23}},"11":{"start":{"line":46,"column":23},"end":{"line":46,"column":72}},"12":{"start":{"line":47,"column":4},"end":{"line":55,"column":5}},"13":{"start":{"line":48,"column":8},"end":{"line":52,"column":9}},"14":{"start":{"line":49,"column":32},"end":{"line":49,"column":68}},"15":{"start":{"line":50,"column":12},"end":{"line":50,"column":49}},"16":{"start":{"line":51,"column":12},"end":{"line":51,"column":79}},"17":{"start":{"line":54,"column":8},"end":{"line":54,"column":87}},"18":{"start":{"line":58,"column":20},"end":{"line":62,"column":5}},"19":{"start":{"line":65,"column":4},"end":{"line":68,"column":6}},"20":{"start":{"line":67,"column":73},"end":{"line":67,"column":88}},"21":{"start":{"line":71,"column":4},"end":{"line":80,"column":5}},"22":{"start":{"line":72,"column":8},"end":{"line":78,"column":9}},"23":{"start":{"line":73,"column":12},"end":{"line":73,"column":54}},"24":{"start":{"line":74,"column":15},"end":{"line":78,"column":9}},"25":{"start":{"line":75,"column":12},"end":{"line":75,"column":60}},"26":{"start":{"line":77,"column":12},"end":{"line":77,"column":51}},"27":{"start":{"line":79,"column":8},"end":{"line":79,"column":102}},"28":{"start":{"line":82,"column":4},"end":{"line":84,"column":5}},"29":{"start":{"line":83,"column":8},"end":{"line":83,"column":37}},"30":{"start":{"line":86,"column":4},"end":{"line":88,"column":5}},"31":{"start":{"line":87,"column":8},"end":{"line":87,"column":36}},"32":{"start":{"line":90,"column":4},"end":{"line":92,"column":5}},"33":{"start":{"line":91,"column":8},"end":{"line":91,"column":40}},"34":{"start":{"line":94,"column":4},"end":{"line":94,"column":43}},"35":{"start":{"line":96,"column":4},"end":{"line":96,"column":22}},"36":{"start":{"line":104,"column":18},"end":{"line":108,"column":5}},"37":{"start":{"line":110,"column":4},"end":{"line":118,"column":5}},"38":{"start":{"line":111,"column":8},"end":{"line":111,"column":90}},"39":{"start":{"line":112,"column":8},"end":{"line":112,"column":89}},"40":{"start":{"line":113,"column":11},"end":{"line":118,"column":5}},"41":{"start":{"line":114,"column":8},"end":{"line":114,"column":86}},"42":{"start":{"line":115,"column":8},"end":{"line":115,"column":88}},"43":{"start":{"line":117,"column":8},"end":{"line":117,"column":61}},"44":{"start":{"line":120,"column":4},"end":{"line":120,"column":17}},"45":{"start":{"line":128,"column":4},"end":{"line":130,"column":5}},"46":{"start":{"line":129,"column":8},"end":{"line":129,"column":15}},"47":{"start":{"line":132,"column":4},"end":{"line":148,"column":5}},"48":{"start":{"line":133,"column":8},"end":{"line":144,"column":9}},"49":{"start":{"line":134,"column":26},"end":{"line":134,"column":53}},"50":{"start":{"line":136,"column":33},"end":{"line":136,"column":72}},"51":{"start":{"line":138,"column":12},"end":{"line":143,"column":13}},"52":{"start":{"line":139,"column":16},"end":{"line":139,"column":52}},"53":{"start":{"line":140,"column":16},"end":{"line":140,"column":88}},"54":{"start":{"line":142,"column":16},"end":{"line":142,"column":87}},"55":{"start":{"line":146,"column":8},"end":{"line":146,"column":85}},"56":{"start":{"line":147,"column":8},"end":{"line":147,"column":18}},"57":{"start":{"line":157,"column":4},"end":{"line":157,"column":84}},"58":{"start":{"line":160,"column":4},"end":{"line":163,"column":5}},"59":{"start":{"line":161,"column":8},"end":{"line":161,"column":92}},"60":{"start":{"line":162,"column":8},"end":{"line":162,"column":21}},"61":{"start":{"line":164,"column":4},"end":{"line":164,"column":69}},"62":{"start":{"line":167,"column":4},"end":{"line":172,"column":5}},"63":{"start":{"line":168,"column":8},"end":{"line":168,"column":89}},"64":{"start":{"line":169,"column":8},"end":{"line":169,"column":81}},"65":{"start":{"line":171,"column":8},"end":{"line":171,"column":82}},"66":{"start":{"line":175,"column":4},"end":{"line":181,"column":5}},"67":{"start":{"line":176,"column":8},"end":{"line":180,"column":9}},"68":{"start":{"line":177,"column":12},"end":{"line":177,"column":57}},"69":{"start":{"line":179,"column":12},"end":{"line":179,"column":25}},"70":{"start":{"line":183,"column":4},"end":{"line":183,"column":16}},"71":{"start":{"line":191,"column":4},"end":{"line":235,"column":7}},"72":{"start":{"line":192,"column":8},"end":{"line":234,"column":11}},"73":{"start":{"line":193,"column":12},"end":{"line":197,"column":13}},"74":{"start":{"line":194,"column":16},"end":{"line":194,"column":84}},"75":{"start":{"line":195,"column":16},"end":{"line":195,"column":31}},"76":{"start":{"line":196,"column":16},"end":{"line":196,"column":23}},"77":{"start":{"line":199,"column":12},"end":{"line":233,"column":13}},"78":{"start":{"line":200,"column":30},"end":{"line":200,"column":55}},"79":{"start":{"line":201,"column":29},"end":{"line":201,"column":34}},"80":{"start":{"line":202,"column":32},"end":{"line":202,"column":34}},"81":{"start":{"line":204,"column":16},"end":{"line":210,"column":19}},"82":{"start":{"line":205,"column":34},"end":{"line":205,"column":58}},"83":{"start":{"line":206,"column":32},"end":{"line":206,"column":40}},"84":{"start":{"line":207,"column":20},"end":{"line":209,"column":21}},"85":{"start":{"line":208,"column":24},"end":{"line":208,"column":42}},"86":{"start":{"line":212,"column":16},"end":{"line":215,"column":17}},"87":{"start":{"line":213,"column":20},"end":{"line":213,"column":35}},"88":{"start":{"line":214,"column":20},"end":{"line":214,"column":27}},"89":{"start":{"line":217,"column":32},"end":{"line":217,"column":33}},"90":{"start":{"line":218,"column":16},"end":{"line":229,"column":19}},"91":{"start":{"line":219,"column":20},"end":{"line":228,"column":23}},"92":{"start":{"line":220,"column":24},"end":{"line":223,"column":25}},"93":{"start":{"line":221,"column":28},"end":{"line":221,"column":42}},"94":{"start":{"line":222,"column":28},"end":{"line":222,"column":87}},"95":{"start":{"line":224,"column":24},"end":{"line":224,"column":36}},"96":{"start":{"line":225,"column":24},"end":{"line":227,"column":25}},"97":{"start":{"line":226,"column":28},"end":{"line":226,"column":44}},"98":{"start":{"line":231,"column":16},"end":{"line":231,"column":101}},"99":{"start":{"line":232,"column":16},"end":{"line":232,"column":31}},"100":{"start":{"line":243,"column":4},"end":{"line":279,"column":7}},"101":{"start":{"line":244,"column":8},"end":{"line":278,"column":11}},"102":{"start":{"line":245,"column":12},"end":{"line":249,"column":13}},"103":{"start":{"line":246,"column":16},"end":{"line":246,"column":84}},"104":{"start":{"line":247,"column":16},"end":{"line":247,"column":31}},"105":{"start":{"line":248,"column":16},"end":{"line":248,"column":23}},"106":{"start":{"line":251,"column":12},"end":{"line":277,"column":13}},"107":{"start":{"line":252,"column":32},"end":{"line":252,"column":72}},"108":{"start":{"line":252,"column":70},"end":{"line":252,"column":71}},"109":{"start":{"line":254,"column":16},"end":{"line":257,"column":17}},"110":{"start":{"line":255,"column":20},"end":{"line":255,"column":35}},"111":{"start":{"line":256,"column":20},"end":{"line":256,"column":27}},"112":{"start":{"line":259,"column":32},"end":{"line":259,"column":33}},"113":{"start":{"line":260,"column":29},"end":{"line":260,"column":34}},"114":{"start":{"line":262,"column":16},"end":{"line":273,"column":19}},"115":{"start":{"line":263,"column":20},"end":{"line":272,"column":23}},"116":{"start":{"line":264,"column":24},"end":{"line":267,"column":25}},"117":{"start":{"line":265,"column":28},"end":{"line":265,"column":42}},"118":{"start":{"line":266,"column":28},"end":{"line":266,"column":87}},"119":{"start":{"line":268,"column":24},"end":{"line":268,"column":36}},"120":{"start":{"line":269,"column":24},"end":{"line":271,"column":25}},"121":{"start":{"line":270,"column":28},"end":{"line":270,"column":44}},"122":{"start":{"line":275,"column":16},"end":{"line":275,"column":98}},"123":{"start":{"line":276,"column":16},"end":{"line":276,"column":31}},"124":{"start":{"line":292,"column":4},"end":{"line":292,"column":75}},"125":{"start":{"line":295,"column":4},"end":{"line":295,"column":40}},"126":{"start":{"line":296,"column":4},"end":{"line":296,"column":79}},"127":{"start":{"line":299,"column":4},"end":{"line":299,"column":39}},"128":{"start":{"line":300,"column":4},"end":{"line":300,"column":43}},"129":{"start":{"line":301,"column":4},"end":{"line":301,"column":74}},"130":{"start":{"line":304,"column":18},"end":{"line":304,"column":59}},"131":{"start":{"line":305,"column":4},"end":{"line":305,"column":42}},"132":{"start":{"line":306,"column":4},"end":{"line":306,"column":46}},"133":{"start":{"line":309,"column":18},"end":{"line":309,"column":87}},"134":{"start":{"line":311,"column":4},"end":{"line":317,"column":5}},"135":{"start":{"line":312,"column":25},"end":{"line":314,"column":95}},"136":{"start":{"line":315,"column":8},"end":{"line":315,"column":55}},"137":{"start":{"line":316,"column":8},"end":{"line":316,"column":34}},"138":{"start":{"line":320,"column":4},"end":{"line":320,"column":25}},"139":{"start":{"line":321,"column":4},"end":{"line":321,"column":81}},"140":{"start":{"line":322,"column":4},"end":{"line":322,"column":76}},"141":{"start":{"line":330,"column":4},"end":{"line":332,"column":5}},"142":{"start":{"line":331,"column":8},"end":{"line":331,"column":77}},"143":{"start":{"line":333,"column":4},"end":{"line":333,"column":26}},"144":{"start":{"line":341,"column":4},"end":{"line":343,"column":5}},"145":{"start":{"line":342,"column":8},"end":{"line":342,"column":77}},"146":{"start":{"line":345,"column":17},"end":{"line":349,"column":5}},"147":{"start":{"line":352,"column":4},"end":{"line":354,"column":5}},"148":{"start":{"line":353,"column":8},"end":{"line":353,"column":33}},"149":{"start":{"line":356,"column":4},"end":{"line":356,"column":86}},"150":{"start":{"line":357,"column":4},"end":{"line":357,"column":16}},"151":{"start":{"line":365,"column":4},"end":{"line":367,"column":5}},"152":{"start":{"line":366,"column":8},"end":{"line":366,"column":77}},"153":{"start":{"line":368,"column":4},"end":{"line":368,"column":28}},"154":{"start":{"line":377,"column":4},"end":{"line":379,"column":5}},"155":{"start":{"line":378,"column":8},"end":{"line":378,"column":77}},"156":{"start":{"line":381,"column":4},"end":{"line":381,"column":84}},"157":{"start":{"line":383,"column":4},"end":{"line":389,"column":5}},"158":{"start":{"line":384,"column":8},"end":{"line":384,"column":41}},"159":{"start":{"line":385,"column":11},"end":{"line":389,"column":5}},"160":{"start":{"line":386,"column":8},"end":{"line":386,"column":39}},"161":{"start":{"line":388,"column":8},"end":{"line":388,"column":86}},"162":{"start":{"line":397,"column":4},"end":{"line":399,"column":5}},"163":{"start":{"line":398,"column":8},"end":{"line":398,"column":77}},"164":{"start":{"line":400,"column":4},"end":{"line":400,"column":28}},"165":{"start":{"line":408,"column":4},"end":{"line":410,"column":5}},"166":{"start":{"line":409,"column":8},"end":{"line":409,"column":77}},"167":{"start":{"line":411,"column":4},"end":{"line":411,"column":26}},"168":{"start":{"line":419,"column":4},"end":{"line":421,"column":5}},"169":{"start":{"line":420,"column":8},"end":{"line":420,"column":77}},"170":{"start":{"line":422,"column":4},"end":{"line":422,"column":25}},"171":{"start":{"line":430,"column":4},"end":{"line":430,"column":25}},"172":{"start":{"line":437,"column":0},"end":{"line":447,"column":2}}},"fnMap":{"0":{"name":"_loadConfigWithPriority","decl":{"start":{"line":42,"column":9},"end":{"line":42,"column":32}},"loc":{"start":{"line":42,"column":35},"end":{"line":97,"column":1}},"line":42},"1":{"name":"(anonymous_1)","decl":{"start":{"line":67,"column":61},"end":{"line":67,"column":62}},"loc":{"start":{"line":67,"column":73},"end":{"line":67,"column":88}},"line":67},"2":{"name":"_constructPaths","decl":{"start":{"line":103,"column":9},"end":{"line":103,"column":24}},"loc":{"start":{"line":103,"column":43},"end":{"line":121,"column":1}},"line":103},"3":{"name":"_ensureExecutablePermissions","decl":{"start":{"line":127,"column":9},"end":{"line":127,"column":37}},"loc":{"start":{"line":127,"column":54},"end":{"line":149,"column":1}},"line":127},"4":{"name":"_validateBinaries","decl":{"start":{"line":156,"column":9},"end":{"line":156,"column":26}},"loc":{"start":{"line":156,"column":71},"end":{"line":184,"column":1}},"line":156},"5":{"name":"_killProcessWindows","decl":{"start":{"line":190,"column":9},"end":{"line":190,"column":28}},"loc":{"start":{"line":190,"column":35},"end":{"line":236,"column":1}},"line":190},"6":{"name":"(anonymous_6)","decl":{"start":{"line":191,"column":23},"end":{"line":191,"column":24}},"loc":{"start":{"line":191,"column":36},"end":{"line":235,"column":5}},"line":191},"7":{"name":"(anonymous_7)","decl":{"start":{"line":192,"column":48},"end":{"line":192,"column":49}},"loc":{"start":{"line":192,"column":73},"end":{"line":234,"column":9}},"line":192},"8":{"name":"(anonymous_8)","decl":{"start":{"line":204,"column":30},"end":{"line":204,"column":31}},"loc":{"start":{"line":204,"column":38},"end":{"line":210,"column":17}},"line":204},"9":{"name":"(anonymous_9)","decl":{"start":{"line":218,"column":32},"end":{"line":218,"column":33}},"loc":{"start":{"line":218,"column":39},"end":{"line":229,"column":17}},"line":218},"10":{"name":"(anonymous_10)","decl":{"start":{"line":219,"column":52},"end":{"line":219,"column":53}},"loc":{"start":{"line":219,"column":63},"end":{"line":228,"column":21}},"line":219},"11":{"name":"_killProcessLinux","decl":{"start":{"line":242,"column":9},"end":{"line":242,"column":26}},"loc":{"start":{"line":242,"column":33},"end":{"line":280,"column":1}},"line":242},"12":{"name":"(anonymous_12)","decl":{"start":{"line":243,"column":23},"end":{"line":243,"column":24}},"loc":{"start":{"line":243,"column":36},"end":{"line":279,"column":5}},"line":243},"13":{"name":"(anonymous_13)","decl":{"start":{"line":244,"column":36},"end":{"line":244,"column":37}},"loc":{"start":{"line":244,"column":61},"end":{"line":278,"column":9}},"line":244},"14":{"name":"(anonymous_14)","decl":{"start":{"line":252,"column":65},"end":{"line":252,"column":66}},"loc":{"start":{"line":252,"column":70},"end":{"line":252,"column":71}},"line":252},"15":{"name":"(anonymous_15)","decl":{"start":{"line":262,"column":32},"end":{"line":262,"column":33}},"loc":{"start":{"line":262,"column":39},"end":{"line":273,"column":17}},"line":262},"16":{"name":"(anonymous_16)","decl":{"start":{"line":263,"column":43},"end":{"line":263,"column":44}},"loc":{"start":{"line":263,"column":54},"end":{"line":272,"column":21}},"line":263},"17":{"name":"init","decl":{"start":{"line":291,"column":9},"end":{"line":291,"column":13}},"loc":{"start":{"line":291,"column":37},"end":{"line":323,"column":1}},"line":291},"18":{"name":"getServerExecutable","decl":{"start":{"line":329,"column":9},"end":{"line":329,"column":28}},"loc":{"start":{"line":329,"column":31},"end":{"line":334,"column":1}},"line":329},"19":{"name":"buildLaunchArgs","decl":{"start":{"line":340,"column":9},"end":{"line":340,"column":24}},"loc":{"start":{"line":340,"column":43},"end":{"line":358,"column":1}},"line":340},"20":{"name":"getUpdateScript","decl":{"start":{"line":364,"column":9},"end":{"line":364,"column":24}},"loc":{"start":{"line":364,"column":27},"end":{"line":369,"column":1}},"line":364},"21":{"name":"killProcessByPort","decl":{"start":{"line":376,"column":9},"end":{"line":376,"column":26}},"loc":{"start":{"line":376,"column":33},"end":{"line":390,"column":1}},"line":376},"22":{"name":"getPlatform","decl":{"start":{"line":396,"column":9},"end":{"line":396,"column":20}},"loc":{"start":{"line":396,"column":23},"end":{"line":401,"column":1}},"line":396},"23":{"name":"getServerRootPath","decl":{"start":{"line":407,"column":9},"end":{"line":407,"column":26}},"loc":{"start":{"line":407,"column":29},"end":{"line":412,"column":1}},"line":407},"24":{"name":"getConfig","decl":{"start":{"line":418,"column":9},"end":{"line":418,"column":18}},"loc":{"start":{"line":418,"column":21},"end":{"line":423,"column":1}},"line":418},"25":{"name":"isReady","decl":{"start":{"line":429,"column":9},"end":{"line":429,"column":16}},"loc":{"start":{"line":429,"column":19},"end":{"line":431,"column":1}},"line":429}},"branchMap":{"0":{"loc":{"start":{"line":48,"column":8},"end":{"line":52,"column":9}},"type":"if","locations":[{"start":{"line":48,"column":8},"end":{"line":52,"column":9}},{"start":{},"end":{}}],"line":48},"1":{"loc":{"start":{"line":61,"column":20},"end":{"line":61,"column":92}},"type":"cond-expr","locations":[{"start":{"line":61,"column":46},"end":{"line":61,"column":80}},{"start":{"line":61,"column":83},"end":{"line":61,"column":92}}],"line":61},"2":{"loc":{"start":{"line":71,"column":4},"end":{"line":80,"column":5}},"type":"if","locations":[{"start":{"line":71,"column":4},"end":{"line":80,"column":5}},{"start":{},"end":{}}],"line":71},"3":{"loc":{"start":{"line":72,"column":8},"end":{"line":78,"column":9}},"type":"if","locations":[{"start":{"line":72,"column":8},"end":{"line":78,"column":9}},{"start":{"line":74,"column":15},"end":{"line":78,"column":9}}],"line":72},"4":{"loc":{"start":{"line":74,"column":15},"end":{"line":78,"column":9}},"type":"if","locations":[{"start":{"line":74,"column":15},"end":{"line":78,"column":9}},{"start":{"line":76,"column":15},"end":{"line":78,"column":9}}],"line":74},"5":{"loc":{"start":{"line":82,"column":4},"end":{"line":84,"column":5}},"type":"if","locations":[{"start":{"line":82,"column":4},"end":{"line":84,"column":5}},{"start":{},"end":{}}],"line":82},"6":{"loc":{"start":{"line":86,"column":4},"end":{"line":88,"column":5}},"type":"if","locations":[{"start":{"line":86,"column":4},"end":{"line":88,"column":5}},{"start":{},"end":{}}],"line":86},"7":{"loc":{"start":{"line":90,"column":4},"end":{"line":92,"column":5}},"type":"if","locations":[{"start":{"line":90,"column":4},"end":{"line":92,"column":5}},{"start":{},"end":{}}],"line":90},"8":{"loc":{"start":{"line":110,"column":4},"end":{"line":118,"column":5}},"type":"if","locations":[{"start":{"line":110,"column":4},"end":{"line":118,"column":5}},{"start":{"line":113,"column":11},"end":{"line":118,"column":5}}],"line":110},"9":{"loc":{"start":{"line":113,"column":11},"end":{"line":118,"column":5}},"type":"if","locations":[{"start":{"line":113,"column":11},"end":{"line":118,"column":5}},{"start":{"line":116,"column":11},"end":{"line":118,"column":5}}],"line":113},"10":{"loc":{"start":{"line":128,"column":4},"end":{"line":130,"column":5}},"type":"if","locations":[{"start":{"line":128,"column":4},"end":{"line":130,"column":5}},{"start":{},"end":{}}],"line":128},"11":{"loc":{"start":{"line":133,"column":8},"end":{"line":144,"column":9}},"type":"if","locations":[{"start":{"line":133,"column":8},"end":{"line":144,"column":9}},{"start":{},"end":{}}],"line":133},"12":{"loc":{"start":{"line":138,"column":12},"end":{"line":143,"column":13}},"type":"if","locations":[{"start":{"line":138,"column":12},"end":{"line":143,"column":13}},{"start":{"line":141,"column":19},"end":{"line":143,"column":13}}],"line":138},"13":{"loc":{"start":{"line":160,"column":4},"end":{"line":163,"column":5}},"type":"if","locations":[{"start":{"line":160,"column":4},"end":{"line":163,"column":5}},{"start":{},"end":{}}],"line":160},"14":{"loc":{"start":{"line":167,"column":4},"end":{"line":172,"column":5}},"type":"if","locations":[{"start":{"line":167,"column":4},"end":{"line":172,"column":5}},{"start":{"line":170,"column":11},"end":{"line":172,"column":5}}],"line":167},"15":{"loc":{"start":{"line":175,"column":4},"end":{"line":181,"column":5}},"type":"if","locations":[{"start":{"line":175,"column":4},"end":{"line":181,"column":5}},{"start":{},"end":{}}],"line":175},"16":{"loc":{"start":{"line":193,"column":12},"end":{"line":197,"column":13}},"type":"if","locations":[{"start":{"line":193,"column":12},"end":{"line":197,"column":13}},{"start":{},"end":{}}],"line":193},"17":{"loc":{"start":{"line":193,"column":16},"end":{"line":193,"column":30}},"type":"binary-expr","locations":[{"start":{"line":193,"column":16},"end":{"line":193,"column":19}},{"start":{"line":193,"column":23},"end":{"line":193,"column":30}}],"line":193},"18":{"loc":{"start":{"line":207,"column":20},"end":{"line":209,"column":21}},"type":"if","locations":[{"start":{"line":207,"column":20},"end":{"line":209,"column":21}},{"start":{},"end":{}}],"line":207},"19":{"loc":{"start":{"line":207,"column":24},"end":{"line":207,"column":53}},"type":"binary-expr","locations":[{"start":{"line":207,"column":24},"end":{"line":207,"column":27}},{"start":{"line":207,"column":31},"end":{"line":207,"column":53}}],"line":207},"20":{"loc":{"start":{"line":212,"column":16},"end":{"line":215,"column":17}},"type":"if","locations":[{"start":{"line":212,"column":16},"end":{"line":215,"column":17}},{"start":{},"end":{}}],"line":212},"21":{"loc":{"start":{"line":220,"column":24},"end":{"line":223,"column":25}},"type":"if","locations":[{"start":{"line":220,"column":24},"end":{"line":223,"column":25}},{"start":{},"end":{}}],"line":220},"22":{"loc":{"start":{"line":225,"column":24},"end":{"line":227,"column":25}},"type":"if","locations":[{"start":{"line":225,"column":24},"end":{"line":227,"column":25}},{"start":{},"end":{}}],"line":225},"23":{"loc":{"start":{"line":245,"column":12},"end":{"line":249,"column":13}},"type":"if","locations":[{"start":{"line":245,"column":12},"end":{"line":249,"column":13}},{"start":{},"end":{}}],"line":245},"24":{"loc":{"start":{"line":245,"column":16},"end":{"line":245,"column":30}},"type":"binary-expr","locations":[{"start":{"line":245,"column":16},"end":{"line":245,"column":19}},{"start":{"line":245,"column":23},"end":{"line":245,"column":30}}],"line":245},"25":{"loc":{"start":{"line":254,"column":16},"end":{"line":257,"column":17}},"type":"if","locations":[{"start":{"line":254,"column":16},"end":{"line":257,"column":17}},{"start":{},"end":{}}],"line":254},"26":{"loc":{"start":{"line":264,"column":24},"end":{"line":267,"column":25}},"type":"if","locations":[{"start":{"line":264,"column":24},"end":{"line":267,"column":25}},{"start":{},"end":{}}],"line":264},"27":{"loc":{"start":{"line":269,"column":24},"end":{"line":271,"column":25}},"type":"if","locations":[{"start":{"line":269,"column":24},"end":{"line":271,"column":25}},{"start":{},"end":{}}],"line":269},"28":{"loc":{"start":{"line":291,"column":14},"end":{"line":291,"column":35}},"type":"default-arg","locations":[{"start":{"line":291,"column":33},"end":{"line":291,"column":35}}],"line":291},"29":{"loc":{"start":{"line":311,"column":4},"end":{"line":317,"column":5}},"type":"if","locations":[{"start":{"line":311,"column":4},"end":{"line":317,"column":5}},{"start":{},"end":{}}],"line":311},"30":{"loc":{"start":{"line":330,"column":4},"end":{"line":332,"column":5}},"type":"if","locations":[{"start":{"line":330,"column":4},"end":{"line":332,"column":5}},{"start":{},"end":{}}],"line":330},"31":{"loc":{"start":{"line":341,"column":4},"end":{"line":343,"column":5}},"type":"if","locations":[{"start":{"line":341,"column":4},"end":{"line":343,"column":5}},{"start":{},"end":{}}],"line":341},"32":{"loc":{"start":{"line":352,"column":4},"end":{"line":354,"column":5}},"type":"if","locations":[{"start":{"line":352,"column":4},"end":{"line":354,"column":5}},{"start":{},"end":{}}],"line":352},"33":{"loc":{"start":{"line":352,"column":8},"end":{"line":352,"column":57}},"type":"binary-expr","locations":[{"start":{"line":352,"column":8},"end":{"line":352,"column":36}},{"start":{"line":352,"column":40},"end":{"line":352,"column":57}}],"line":352},"34":{"loc":{"start":{"line":365,"column":4},"end":{"line":367,"column":5}},"type":"if","locations":[{"start":{"line":365,"column":4},"end":{"line":367,"column":5}},{"start":{},"end":{}}],"line":365},"35":{"loc":{"start":{"line":377,"column":4},"end":{"line":379,"column":5}},"type":"if","locations":[{"start":{"line":377,"column":4},"end":{"line":379,"column":5}},{"start":{},"end":{}}],"line":377},"36":{"loc":{"start":{"line":383,"column":4},"end":{"line":389,"column":5}},"type":"if","locations":[{"start":{"line":383,"column":4},"end":{"line":389,"column":5}},{"start":{"line":385,"column":11},"end":{"line":389,"column":5}}],"line":383},"37":{"loc":{"start":{"line":385,"column":11},"end":{"line":389,"column":5}},"type":"if","locations":[{"start":{"line":385,"column":11},"end":{"line":389,"column":5}},{"start":{"line":387,"column":11},"end":{"line":389,"column":5}}],"line":385},"38":{"loc":{"start":{"line":397,"column":4},"end":{"line":399,"column":5}},"type":"if","locations":[{"start":{"line":397,"column":4},"end":{"line":399,"column":5}},{"start":{},"end":{}}],"line":397},"39":{"loc":{"start":{"line":408,"column":4},"end":{"line":410,"column":5}},"type":"if","locations":[{"start":{"line":408,"column":4},"end":{"line":410,"column":5}},{"start":{},"end":{}}],"line":408},"40":{"loc":{"start":{"line":419,"column":4},"end":{"line":421,"column":5}},"type":"if","locations":[{"start":{"line":419,"column":4},"end":{"line":421,"column":5}},{"start":{},"end":{}}],"line":419}},"s":{"0":0,"1":0,"2":0,"3":0,"4":0,"5":0,"6":0,"7":0,"8":0,"9":0,"10":0,"11":0,"12":0,"13":0,"14":0,"15":0,"16":0,"17":0,"18":0,"19":0,"20":0,"21":0,"22":0,"23":0,"24":0,"25":0,"26":0,"27":0,"28":0,"29":0,"30":0,"31":0,"32":0,"33":0,"34":0,"35":0,"36":0,"37":0,"38":0,"39":0,"40":0,"41":0,"42":0,"43":0,"44":0,"45":0,"46":0,"47":0,"48":0,"49":0,"50":0,"51":0,"52":0,"53":0,"54":0,"55":0,"56":0,"57":0,"58":0,"59":0,"60":0,"61":0,"62":0,"63":0,"64":0,"65":0,"66":0,"67":0,"68":0,"69":0,"70":0,"71":0,"72":0,"73":0,"74":0,"75":0,"76":0,"77":0,"78":0,"79":0,"80":0,"81":0,"82":0,"83":0,"84":0,"85":0,"86":0,"87":0,"88":0,"89":0,"90":0,"91":0,"92":0,"93":0,"94":0,"95":0,"96":0,"97":0,"98":0,"99":0,"100":0,"101":0,"102":0,"103":0,"104":0,"105":0,"106":0,"107":0,"108":0,"109":0,"110":0,"111":0,"112":0,"113":0,"114":0,"115":0,"116":0,"117":0,"118":0,"119":0,"120":0,"121":0,"122":0,"123":0,"124":0,"125":0,"126":0,"127":0,"128":0,"129":0,"130":0,"131":0,"132":0,"133":0,"134":0,"135":0,"136":0,"137":0,"138":0,"139":0,"140":0,"141":0,"142":0,"143":0,"144":0,"145":0,"146":0,"147":0,"148":0,"149":0,"150":0,"151":0,"152":0,"153":0,"154":0,"155":0,"156":0,"157":0,"158":0,"159":0,"160":0,"161":0,"162":0,"163":0,"164":0,"165":0,"166":0,"167":0,"168":0,"169":0,"170":0,"171":0,"172":0},"f":{"0":0,"1":0,"2":0,"3":0,"4":0,"5":0,"6":0,"7":0,"8":0,"9":0,"10":0,"11":0,"12":0,"13":0,"14":0,"15":0,"16":0,"17":0,"18":0,"19":0,"20":0,"21":0,"22":0,"23":0,"24":0,"25":0},"b":{"0":[0,0],"1":[0,0],"2":[0,0],"3":[0,0],"4":[0,0],"5":[0,0],"6":[0,0],"7":[0,0],"8":[0,0],"9":[0,0],"10":[0,0],"11":[0,0],"12":[0,0],"13":[0,0],"14":[0,0],"15":[0,0],"16":[0,0],"17":[0,0],"18":[0,0],"19":[0,0],"20":[0,0],"21":[0,0],"22":[0,0],"23":[0,0],"24":[0,0],"25":[0,0],"26":[0,0],"27":[0,0],"28":[0],"29":[0,0],"30":[0,0],"31":[0,0],"32":[0,0],"33":[0,0],"34":[0,0],"35":[0,0],"36":[0,0],"37":[0,0],"38":[0,0],"39":[0,0],"40":[0,0]}}
,"H:\\logiciel perso\\server_reforger\\OTEA-server\\backend\\config\\index.js": {"path":"H:\\logiciel perso\\server_reforger\\OTEA-server\\backend\\config\\index.js","statementMap":{"0":{"start":{"line":6,"column":0},"end":{"line":6,"column":85}},"1":{"start":{"line":8,"column":13},"end":{"line":8,"column":28}},"2":{"start":{"line":13,"column":15},"end":{"line":17,"column":1}},"3":{"start":{"line":22,"column":12},"end":{"line":28,"column":1}},"4":{"start":{"line":33,"column":17},"end":{"line":36,"column":1}},"5":{"start":{"line":41,"column":13},"end":{"line":44,"column":1}},"6":{"start":{"line":49,"column":16},"end":{"line":51,"column":1}},"7":{"start":{"line":56,"column":17},"end":{"line":70,"column":1}},"8":{"start":{"line":76,"column":19},"end":{"line":76,"column":21}},"9":{"start":{"line":78,"column":4},"end":{"line":80,"column":5}},"10":{"start":{"line":79,"column":8},"end":{"line":79,"column":72}},"11":{"start":{"line":82,"column":4},"end":{"line":84,"column":5}},"12":{"start":{"line":83,"column":8},"end":{"line":83,"column":54}},"13":{"start":{"line":86,"column":4},"end":{"line":92,"column":5}},"14":{"start":{"line":87,"column":8},"end":{"line":87,"column":62}},"15":{"start":{"line":88,"column":8},"end":{"line":88,"column":58}},"16":{"start":{"line":88,"column":30},"end":{"line":88,"column":56}},"17":{"start":{"line":89,"column":8},"end":{"line":91,"column":9}},"18":{"start":{"line":90,"column":12},"end":{"line":90,"column":63}},"19":{"start":{"line":98,"column":0},"end":{"line":106,"column":2}}},"fnMap":{"0":{"name":"validateConfig","decl":{"start":{"line":75,"column":9},"end":{"line":75,"column":23}},"loc":{"start":{"line":75,"column":26},"end":{"line":93,"column":1}},"line":75},"1":{"name":"(anonymous_1)","decl":{"start":{"line":88,"column":23},"end":{"line":88,"column":24}},"loc":{"start":{"line":88,"column":30},"end":{"line":88,"column":56}},"line":88}},"branchMap":{"0":{"loc":{"start":{"line":14,"column":19},"end":{"line":14,"column":50}},"type":"binary-expr","locations":[{"start":{"line":14,"column":19},"end":{"line":14,"column":40}},{"start":{"line":14,"column":44},"end":{"line":14,"column":50}}],"line":14},"1":{"loc":{"start":{"line":15,"column":10},"end":{"line":15,"column":46}},"type":"binary-expr","locations":[{"start":{"line":15,"column":10},"end":{"line":15,"column":31}},{"start":{"line":15,"column":35},"end":{"line":15,"column":46}}],"line":15},"2":{"loc":{"start":{"line":16,"column":14},"end":{"line":16,"column":51}},"type":"binary-expr","locations":[{"start":{"line":16,"column":14},"end":{"line":16,"column":34}},{"start":{"line":16,"column":38},"end":{"line":16,"column":51}}],"line":16},"3":{"loc":{"start":{"line":23,"column":12},"end":{"line":23,"column":96}},"type":"binary-expr","locations":[{"start":{"line":23,"column":12},"end":{"line":23,"column":34}},{"start":{"line":23,"column":38},"end":{"line":23,"column":96}}],"line":23},"4":{"loc":{"start":{"line":24,"column":25},"end":{"line":24,"column":62}},"type":"binary-expr","locations":[{"start":{"line":24,"column":25},"end":{"line":24,"column":51}},{"start":{"line":24,"column":55},"end":{"line":24,"column":62}}],"line":24},"5":{"loc":{"start":{"line":34,"column":10},"end":{"line":34,"column":77}},"type":"binary-expr","locations":[{"start":{"line":34,"column":10},"end":{"line":34,"column":29}},{"start":{"line":34,"column":33},"end":{"line":34,"column":77}}],"line":34},"6":{"loc":{"start":{"line":42,"column":17},"end":{"line":42,"column":62}},"type":"binary-expr","locations":[{"start":{"line":42,"column":17},"end":{"line":42,"column":45}},{"start":{"line":42,"column":49},"end":{"line":42,"column":62}}],"line":42},"7":{"loc":{"start":{"line":43,"column":19},"end":{"line":43,"column":76}},"type":"binary-expr","locations":[{"start":{"line":43,"column":19},"end":{"line":43,"column":44}},{"start":{"line":43,"column":48},"end":{"line":43,"column":76}}],"line":43},"8":{"loc":{"start":{"line":50,"column":11},"end":{"line":50,"column":42}},"type":"binary-expr","locations":[{"start":{"line":50,"column":11},"end":{"line":50,"column":32}},{"start":{"line":50,"column":36},"end":{"line":50,"column":42}}],"line":50},"9":{"loc":{"start":{"line":78,"column":4},"end":{"line":80,"column":5}},"type":"if","locations":[{"start":{"line":78,"column":4},"end":{"line":80,"column":5}},{"start":{},"end":{}}],"line":78},"10":{"loc":{"start":{"line":78,"column":8},"end":{"line":78,"column":45}},"type":"binary-expr","locations":[{"start":{"line":78,"column":8},"end":{"line":78,"column":19}},{"start":{"line":78,"column":23},"end":{"line":78,"column":45}}],"line":78},"11":{"loc":{"start":{"line":82,"column":4},"end":{"line":84,"column":5}},"type":"if","locations":[{"start":{"line":82,"column":4},"end":{"line":84,"column":5}},{"start":{},"end":{}}],"line":82},"12":{"loc":{"start":{"line":86,"column":4},"end":{"line":92,"column":5}},"type":"if","locations":[{"start":{"line":86,"column":4},"end":{"line":92,"column":5}},{"start":{},"end":{}}],"line":86},"13":{"loc":{"start":{"line":89,"column":8},"end":{"line":91,"column":9}},"type":"if","locations":[{"start":{"line":89,"column":8},"end":{"line":91,"column":9}},{"start":{},"end":{}}],"line":89}},"s":{"0":1,"1":1,"2":1,"3":1,"4":1,"5":1,"6":1,"7":1,"8":0,"9":0,"10":0,"11":0,"12":0,"13":0,"14":0,"15":0,"16":0,"17":0,"18":0,"19":1},"f":{"0":0,"1":0},"b":{"0":[1,0],"1":[1,0],"2":[1,0],"3":[1,0],"4":[1,0],"5":[1,0],"6":[1,0],"7":[1,0],"8":[1,0],"9":[0,0],"10":[0,0],"11":[0,0],"12":[0,0],"13":[0,0]},"_coverageSchema":"1a1c01bbd47fc00a2c39e90264f33305004495a9","hash":"001b2c0342738c3d9874e4e5f7694121fc851d03"}
,"H:\\logiciel perso\\server_reforger\\OTEA-server\\backend\\controllers\\admin.controller.js": {"path":"H:\\logiciel perso\\server_reforger\\OTEA-server\\backend\\controllers\\admin.controller.js","statementMap":{"0":{"start":{"line":8,"column":21},"end":{"line":8,"column":57}},"1":{"start":{"line":9,"column":26},"end":{"line":9,"column":68}},"2":{"start":{"line":10,"column":19},"end":{"line":10,"column":53}},"3":{"start":{"line":11,"column":27},"end":{"line":11,"column":57}},"4":{"start":{"line":19,"column":8},"end":{"line":42,"column":9}},"5":{"start":{"line":20,"column":29},"end":{"line":20,"column":39}},"6":{"start":{"line":22,"column":12},"end":{"line":26,"column":13}},"7":{"start":{"line":23,"column":16},"end":{"line":25,"column":18}},"8":{"start":{"line":28,"column":27},"end":{"line":30,"column":14}},"9":{"start":{"line":32,"column":12},"end":{"line":32,"column":74}},"10":{"start":{"line":34,"column":12},"end":{"line":38,"column":15}},"11":{"start":{"line":39,"column":12},"end":{"line":41,"column":14}},"12":{"start":{"line":50,"column":8},"end":{"line":76,"column":9}},"13":{"start":{"line":51,"column":12},"end":{"line":53,"column":15}},"14":{"start":{"line":55,"column":28},"end":{"line":57,"column":14}},"15":{"start":{"line":59,"column":12},"end":{"line":62,"column":15}},"16":{"start":{"line":64,"column":12},"end":{"line":67,"column":15}},"17":{"start":{"line":69,"column":12},"end":{"line":72,"column":15}},"18":{"start":{"line":73,"column":12},"end":{"line":75,"column":14}},"19":{"start":{"line":84,"column":8},"end":{"line":110,"column":9}},"20":{"start":{"line":85,"column":12},"end":{"line":87,"column":15}},"21":{"start":{"line":89,"column":28},"end":{"line":91,"column":14}},"22":{"start":{"line":93,"column":12},"end":{"line":96,"column":15}},"23":{"start":{"line":98,"column":12},"end":{"line":101,"column":15}},"24":{"start":{"line":103,"column":12},"end":{"line":106,"column":15}},"25":{"start":{"line":107,"column":12},"end":{"line":109,"column":14}},"26":{"start":{"line":118,"column":8},"end":{"line":143,"column":9}},"27":{"start":{"line":119,"column":46},"end":{"line":119,"column":54}},"28":{"start":{"line":121,"column":12},"end":{"line":125,"column":13}},"29":{"start":{"line":122,"column":16},"end":{"line":124,"column":18}},"30":{"start":{"line":127,"column":27},"end":{"line":127,"column":81}},"31":{"start":{"line":129,"column":12},"end":{"line":132,"column":15}},"32":{"start":{"line":134,"column":12},"end":{"line":134,"column":78}},"33":{"start":{"line":136,"column":12},"end":{"line":139,"column":15}},"34":{"start":{"line":140,"column":12},"end":{"line":142,"column":14}},"35":{"start":{"line":151,"column":8},"end":{"line":159,"column":9}},"36":{"start":{"line":152,"column":25},"end":{"line":152,"column":59}},"37":{"start":{"line":154,"column":12},"end":{"line":154,"column":68}},"38":{"start":{"line":156,"column":12},"end":{"line":158,"column":14}},"39":{"start":{"line":167,"column":8},"end":{"line":177,"column":9}},"40":{"start":{"line":168,"column":27},"end":{"line":168,"column":59}},"41":{"start":{"line":170,"column":27},"end":{"line":170,"column":67}},"42":{"start":{"line":172,"column":12},"end":{"line":172,"column":86}},"43":{"start":{"line":174,"column":12},"end":{"line":176,"column":14}},"44":{"start":{"line":185,"column":8},"end":{"line":211,"column":9}},"45":{"start":{"line":186,"column":31},"end":{"line":186,"column":39}},"46":{"start":{"line":188,"column":12},"end":{"line":191,"column":15}},"47":{"start":{"line":193,"column":27},"end":{"line":195,"column":14}},"48":{"start":{"line":197,"column":12},"end":{"line":200,"column":15}},"49":{"start":{"line":202,"column":12},"end":{"line":202,"column":66}},"50":{"start":{"line":204,"column":12},"end":{"line":207,"column":15}},"51":{"start":{"line":208,"column":12},"end":{"line":210,"column":14}},"52":{"start":{"line":219,"column":8},"end":{"line":244,"column":9}},"53":{"start":{"line":220,"column":12},"end":{"line":222,"column":15}},"54":{"start":{"line":225,"column":12},"end":{"line":228,"column":15}},"55":{"start":{"line":231,"column":12},"end":{"line":235,"column":21}},"56":{"start":{"line":232,"column":16},"end":{"line":234,"column":19}},"57":{"start":{"line":233,"column":20},"end":{"line":233,"column":57}},"58":{"start":{"line":237,"column":12},"end":{"line":240,"column":15}},"59":{"start":{"line":241,"column":12},"end":{"line":243,"column":14}},"60":{"start":{"line":252,"column":8},"end":{"line":271,"column":9}},"61":{"start":{"line":253,"column":28},"end":{"line":253,"column":60}},"62":{"start":{"line":254,"column":31},"end":{"line":254,"column":65}},"63":{"start":{"line":256,"column":12},"end":{"line":266,"column":15}},"64":{"start":{"line":268,"column":12},"end":{"line":270,"column":14}},"65":{"start":{"line":279,"column":8},"end":{"line":295,"column":9}},"66":{"start":{"line":280,"column":39},"end":{"line":280,"column":82}},"67":{"start":{"line":281,"column":30},"end":{"line":281,"column":76}},"68":{"start":{"line":283,"column":12},"end":{"line":290,"column":15}},"69":{"start":{"line":292,"column":12},"end":{"line":294,"column":14}},"70":{"start":{"line":299,"column":0},"end":{"line":299,"column":33}}},"fnMap":{"0":{"name":"(anonymous_0)","decl":{"start":{"line":18,"column":4},"end":{"line":18,"column":5}},"loc":{"start":{"line":18,"column":41},"end":{"line":43,"column":5}},"line":18},"1":{"name":"(anonymous_1)","decl":{"start":{"line":49,"column":4},"end":{"line":49,"column":5}},"loc":{"start":{"line":49,"column":45},"end":{"line":77,"column":5}},"line":49},"2":{"name":"(anonymous_2)","decl":{"start":{"line":83,"column":4},"end":{"line":83,"column":5}},"loc":{"start":{"line":83,"column":42},"end":{"line":111,"column":5}},"line":83},"3":{"name":"(anonymous_3)","decl":{"start":{"line":117,"column":4},"end":{"line":117,"column":5}},"loc":{"start":{"line":117,"column":40},"end":{"line":144,"column":5}},"line":117},"4":{"name":"(anonymous_4)","decl":{"start":{"line":150,"column":4},"end":{"line":150,"column":5}},"loc":{"start":{"line":150,"column":41},"end":{"line":160,"column":5}},"line":150},"5":{"name":"(anonymous_5)","decl":{"start":{"line":166,"column":4},"end":{"line":166,"column":5}},"loc":{"start":{"line":166,"column":39},"end":{"line":178,"column":5}},"line":166},"6":{"name":"(anonymous_6)","decl":{"start":{"line":184,"column":4},"end":{"line":184,"column":5}},"loc":{"start":{"line":184,"column":42},"end":{"line":212,"column":5}},"line":184},"7":{"name":"(anonymous_7)","decl":{"start":{"line":218,"column":4},"end":{"line":218,"column":5}},"loc":{"start":{"line":218,"column":39},"end":{"line":245,"column":5}},"line":218},"8":{"name":"(anonymous_8)","decl":{"start":{"line":231,"column":23},"end":{"line":231,"column":24}},"loc":{"start":{"line":231,"column":29},"end":{"line":235,"column":13}},"line":231},"9":{"name":"(anonymous_9)","decl":{"start":{"line":232,"column":64},"end":{"line":232,"column":65}},"loc":{"start":{"line":232,"column":71},"end":{"line":234,"column":17}},"line":232},"10":{"name":"(anonymous_10)","decl":{"start":{"line":251,"column":4},"end":{"line":251,"column":5}},"loc":{"start":{"line":251,"column":45},"end":{"line":272,"column":5}},"line":251},"11":{"name":"(anonymous_11)","decl":{"start":{"line":278,"column":4},"end":{"line":278,"column":5}},"loc":{"start":{"line":278,"column":42},"end":{"line":296,"column":5}},"line":278}},"branchMap":{"0":{"loc":{"start":{"line":22,"column":12},"end":{"line":26,"column":13}},"type":"if","locations":[{"start":{"line":22,"column":12},"end":{"line":26,"column":13}},{"start":{},"end":{}}],"line":22},"1":{"loc":{"start":{"line":121,"column":12},"end":{"line":125,"column":13}},"type":"if","locations":[{"start":{"line":121,"column":12},"end":{"line":125,"column":13}},{"start":{},"end":{}}],"line":121},"2":{"loc":{"start":{"line":121,"column":16},"end":{"line":121,"column":41}},"type":"binary-expr","locations":[{"start":{"line":121,"column":16},"end":{"line":121,"column":27}},{"start":{"line":121,"column":31},"end":{"line":121,"column":41}}],"line":121},"3":{"loc":{"start":{"line":170,"column":27},"end":{"line":170,"column":67}},"type":"cond-expr","locations":[{"start":{"line":170,"column":58},"end":{"line":170,"column":61}},{"start":{"line":170,"column":64},"end":{"line":170,"column":67}}],"line":170},"4":{"loc":{"start":{"line":190,"column":24},"end":{"line":190,"column":39}},"type":"binary-expr","locations":[{"start":{"line":190,"column":24},"end":{"line":190,"column":30}},{"start":{"line":190,"column":34},"end":{"line":190,"column":39}}],"line":190},"5":{"loc":{"start":{"line":194,"column":24},"end":{"line":194,"column":39}},"type":"binary-expr","locations":[{"start":{"line":194,"column":24},"end":{"line":194,"column":30}},{"start":{"line":194,"column":34},"end":{"line":194,"column":39}}],"line":194},"6":{"loc":{"start":{"line":285,"column":38},"end":{"line":285,"column":61}},"type":"binary-expr","locations":[{"start":{"line":285,"column":38},"end":{"line":285,"column":47}},{"start":{"line":285,"column":51},"end":{"line":285,"column":61}}],"line":285}},"s":{"0":1,"1":1,"2":1,"3":1,"4":0,"5":0,"6":0,"7":0,"8":0,"9":0,"10":0,"11":0,"12":0,"13":0,"14":0,"15":0,"16":0,"17":0,"18":0,"19":0,"20":0,"21":0,"22":0,"23":0,"24":0,"25":0,"26":0,"27":0,"28":0,"29":0,"30":0,"31":0,"32":0,"33":0,"34":0,"35":0,"36":0,"37":0,"38":0,"39":0,"40":0,"41":0,"42":0,"43":0,"44":0,"45":0,"46":0,"47":0,"48":0,"49":0,"50":0,"51":0,"52":0,"53":0,"54":0,"55":0,"56":0,"57":0,"58":0,"59":0,"60":0,"61":0,"62":0,"63":0,"64":0,"65":0,"66":0,"67":0,"68":0,"69":0,"70":1},"f":{"0":0,"1":0,"2":0,"3":0,"4":0,"5":0,"6":0,"7":0,"8":0,"9":0,"10":0,"11":0},"b":{"0":[0,0],"1":[0,0],"2":[0,0],"3":[0,0],"4":[0,0],"5":[0,0],"6":[0,0]},"_coverageSchema":"1a1c01bbd47fc00a2c39e90264f33305004495a9","hash":"d378932c41d531e1614195b0222bcc0347a60d16"}
,"H:\\logiciel perso\\server_reforger\\OTEA-server\\backend\\controllers\\arma-logs.controller.js": {"path":"H:\\logiciel perso\\server_reforger\\OTEA-server\\backend\\controllers\\arma-logs.controller.js","statementMap":{"0":{"start":{"line":11,"column":24},"end":{"line":11,"column":64}},"1":{"start":{"line":12,"column":27},"end":{"line":12,"column":57}},"2":{"start":{"line":23,"column":8},"end":{"line":68,"column":9}},"3":{"start":{"line":24,"column":25},"end":{"line":24,"column":40}},"4":{"start":{"line":25,"column":66},"end":{"line":25,"column":75}},"5":{"start":{"line":28,"column":12},"end":{"line":34,"column":13}},"6":{"start":{"line":29,"column":16},"end":{"line":33,"column":19}},"7":{"start":{"line":37,"column":12},"end":{"line":48,"column":13}},"8":{"start":{"line":39,"column":32},"end":{"line":39,"column":52}},"9":{"start":{"line":40,"column":16},"end":{"line":42,"column":19}},"10":{"start":{"line":45,"column":16},"end":{"line":47,"column":19}},"11":{"start":{"line":51,"column":26},"end":{"line":51,"column":56}},"12":{"start":{"line":53,"column":12},"end":{"line":61,"column":15}},"13":{"start":{"line":63,"column":12},"end":{"line":63,"column":69}},"14":{"start":{"line":64,"column":12},"end":{"line":67,"column":15}},"15":{"start":{"line":81,"column":8},"end":{"line":113,"column":9}},"16":{"start":{"line":82,"column":25},"end":{"line":82,"column":40}},"17":{"start":{"line":83,"column":57},"end":{"line":83,"column":66}},"18":{"start":{"line":86,"column":12},"end":{"line":91,"column":13}},"19":{"start":{"line":87,"column":16},"end":{"line":90,"column":19}},"20":{"start":{"line":94,"column":28},"end":{"line":94,"column":75}},"21":{"start":{"line":95,"column":25},"end":{"line":97,"column":14}},"22":{"start":{"line":99,"column":12},"end":{"line":106,"column":15}},"23":{"start":{"line":108,"column":12},"end":{"line":108,"column":75}},"24":{"start":{"line":109,"column":12},"end":{"line":112,"column":15}},"25":{"start":{"line":121,"column":8},"end":{"line":136,"column":9}},"26":{"start":{"line":122,"column":28},"end":{"line":122,"column":62}},"27":{"start":{"line":123,"column":12},"end":{"line":129,"column":15}},"28":{"start":{"line":131,"column":12},"end":{"line":131,"column":72}},"29":{"start":{"line":132,"column":12},"end":{"line":135,"column":15}},"30":{"start":{"line":144,"column":8},"end":{"line":165,"column":9}},"31":{"start":{"line":145,"column":25},"end":{"line":145,"column":40}},"32":{"start":{"line":147,"column":12},"end":{"line":152,"column":13}},"33":{"start":{"line":148,"column":16},"end":{"line":151,"column":19}},"34":{"start":{"line":154,"column":26},"end":{"line":154,"column":56}},"35":{"start":{"line":155,"column":12},"end":{"line":158,"column":15}},"36":{"start":{"line":160,"column":12},"end":{"line":160,"column":68}},"37":{"start":{"line":161,"column":12},"end":{"line":164,"column":15}},"38":{"start":{"line":173,"column":8},"end":{"line":194,"column":9}},"39":{"start":{"line":174,"column":25},"end":{"line":174,"column":40}},"40":{"start":{"line":176,"column":12},"end":{"line":181,"column":13}},"41":{"start":{"line":177,"column":16},"end":{"line":180,"column":19}},"42":{"start":{"line":183,"column":12},"end":{"line":183,"column":46}},"43":{"start":{"line":184,"column":12},"end":{"line":187,"column":15}},"44":{"start":{"line":189,"column":12},"end":{"line":189,"column":65}},"45":{"start":{"line":190,"column":12},"end":{"line":193,"column":15}},"46":{"start":{"line":198,"column":0},"end":{"line":198,"column":36}}},"fnMap":{"0":{"name":"(anonymous_0)","decl":{"start":{"line":22,"column":4},"end":{"line":22,"column":5}},"loc":{"start":{"line":22,"column":41},"end":{"line":69,"column":5}},"line":22},"1":{"name":"(anonymous_1)","decl":{"start":{"line":80,"column":4},"end":{"line":80,"column":5}},"loc":{"start":{"line":80,"column":47},"end":{"line":114,"column":5}},"line":80},"2":{"name":"(anonymous_2)","decl":{"start":{"line":120,"column":4},"end":{"line":120,"column":5}},"loc":{"start":{"line":120,"column":44},"end":{"line":137,"column":5}},"line":120},"3":{"name":"(anonymous_3)","decl":{"start":{"line":143,"column":4},"end":{"line":143,"column":5}},"loc":{"start":{"line":143,"column":40},"end":{"line":166,"column":5}},"line":143},"4":{"name":"(anonymous_4)","decl":{"start":{"line":172,"column":4},"end":{"line":172,"column":5}},"loc":{"start":{"line":172,"column":37},"end":{"line":195,"column":5}},"line":172}},"branchMap":{"0":{"loc":{"start":{"line":25,"column":36},"end":{"line":25,"column":47}},"type":"default-arg","locations":[{"start":{"line":25,"column":44},"end":{"line":25,"column":47}}],"line":25},"1":{"loc":{"start":{"line":28,"column":12},"end":{"line":34,"column":13}},"type":"if","locations":[{"start":{"line":28,"column":12},"end":{"line":34,"column":13}},{"start":{},"end":{}}],"line":28},"2":{"loc":{"start":{"line":28,"column":16},"end":{"line":28,"column":36}},"type":"binary-expr","locations":[{"start":{"line":28,"column":16},"end":{"line":28,"column":21}},{"start":{"line":28,"column":25},"end":{"line":28,"column":36}}],"line":28},"3":{"loc":{"start":{"line":37,"column":12},"end":{"line":48,"column":13}},"type":"if","locations":[{"start":{"line":37,"column":12},"end":{"line":48,"column":13}},{"start":{"line":43,"column":19},"end":{"line":48,"column":13}}],"line":37},"4":{"loc":{"start":{"line":39,"column":32},"end":{"line":39,"column":52}},"type":"binary-expr","locations":[{"start":{"line":39,"column":32},"end":{"line":39,"column":47}},{"start":{"line":39,"column":51},"end":{"line":39,"column":52}}],"line":39},"5":{"loc":{"start":{"line":83,"column":43},"end":{"line":83,"column":52}},"type":"default-arg","locations":[{"start":{"line":83,"column":51},"end":{"line":83,"column":52}}],"line":83},"6":{"loc":{"start":{"line":86,"column":12},"end":{"line":91,"column":13}},"type":"if","locations":[{"start":{"line":86,"column":12},"end":{"line":91,"column":13}},{"start":{},"end":{}}],"line":86},"7":{"loc":{"start":{"line":86,"column":16},"end":{"line":86,"column":36}},"type":"binary-expr","locations":[{"start":{"line":86,"column":16},"end":{"line":86,"column":21}},{"start":{"line":86,"column":25},"end":{"line":86,"column":36}}],"line":86},"8":{"loc":{"start":{"line":94,"column":49},"end":{"line":94,"column":69}},"type":"binary-expr","locations":[{"start":{"line":94,"column":49},"end":{"line":94,"column":64}},{"start":{"line":94,"column":68},"end":{"line":94,"column":69}}],"line":94},"9":{"loc":{"start":{"line":147,"column":12},"end":{"line":152,"column":13}},"type":"if","locations":[{"start":{"line":147,"column":12},"end":{"line":152,"column":13}},{"start":{},"end":{}}],"line":147},"10":{"loc":{"start":{"line":147,"column":16},"end":{"line":147,"column":36}},"type":"binary-expr","locations":[{"start":{"line":147,"column":16},"end":{"line":147,"column":21}},{"start":{"line":147,"column":25},"end":{"line":147,"column":36}}],"line":147},"11":{"loc":{"start":{"line":176,"column":12},"end":{"line":181,"column":13}},"type":"if","locations":[{"start":{"line":176,"column":12},"end":{"line":181,"column":13}},{"start":{},"end":{}}],"line":176},"12":{"loc":{"start":{"line":176,"column":16},"end":{"line":176,"column":36}},"type":"binary-expr","locations":[{"start":{"line":176,"column":16},"end":{"line":176,"column":21}},{"start":{"line":176,"column":25},"end":{"line":176,"column":36}}],"line":176}},"s":{"0":1,"1":1,"2":0,"3":0,"4":0,"5":0,"6":0,"7":0,"8":0,"9":0,"10":0,"11":0,"12":0,"13":0,"14":0,"15":0,"16":0,"17":0,"18":0,"19":0,"20":0,"21":0,"22":0,"23":0,"24":0,"25":0,"26":0,"27":0,"28":0,"29":0,"30":0,"31":0,"32":0,"33":0,"34":0,"35":0,"36":0,"37":0,"38":0,"39":0,"40":0,"41":0,"42":0,"43":0,"44":0,"45":0,"46":1},"f":{"0":0,"1":0,"2":0,"3":0,"4":0},"b":{"0":[0],"1":[0,0],"2":[0,0],"3":[0,0],"4":[0,0],"5":[0],"6":[0,0],"7":[0,0],"8":[0,0],"9":[0,0],"10":[0,0],"11":[0,0],"12":[0,0]},"_coverageSchema":"1a1c01bbd47fc00a2c39e90264f33305004495a9","hash":"b18b7834c72fb7920a46a71d0c834feaceee72ab"}
,"H:\\logiciel perso\\server_reforger\\OTEA-server\\backend\\controllers\\arma-server.controller.js": {"path":"H:\\logiciel perso\\server_reforger\\OTEA-server\\backend\\controllers\\arma-server.controller.js","statementMap":{"0":{"start":{"line":14,"column":26},"end":{"line":14,"column":68}},"1":{"start":{"line":15,"column":23},"end":{"line":15,"column":61}},"2":{"start":{"line":16,"column":19},"end":{"line":16,"column":53}},"3":{"start":{"line":17,"column":44},"end":{"line":17,"column":74}},"4":{"start":{"line":32,"column":8},"end":{"line":87,"column":9}},"5":{"start":{"line":33,"column":47},"end":{"line":33,"column":55}},"6":{"start":{"line":36,"column":12},"end":{"line":44,"column":13}},"7":{"start":{"line":37,"column":16},"end":{"line":40,"column":19}},"8":{"start":{"line":41,"column":16},"end":{"line":43,"column":18}},"9":{"start":{"line":47,"column":12},"end":{"line":56,"column":13}},"10":{"start":{"line":48,"column":16},"end":{"line":52,"column":19}},"11":{"start":{"line":53,"column":16},"end":{"line":55,"column":18}},"12":{"start":{"line":59,"column":12},"end":{"line":63,"column":13}},"13":{"start":{"line":60,"column":16},"end":{"line":62,"column":18}},"14":{"start":{"line":66,"column":27},"end":{"line":68,"column":14}},"15":{"start":{"line":71,"column":12},"end":{"line":76,"column":15}},"16":{"start":{"line":78,"column":12},"end":{"line":78,"column":76}},"17":{"start":{"line":80,"column":12},"end":{"line":83,"column":15}},"18":{"start":{"line":84,"column":12},"end":{"line":86,"column":14}},"19":{"start":{"line":95,"column":8},"end":{"line":117,"column":9}},"20":{"start":{"line":96,"column":29},"end":{"line":96,"column":39}},"21":{"start":{"line":98,"column":12},"end":{"line":102,"column":13}},"22":{"start":{"line":99,"column":16},"end":{"line":101,"column":18}},"23":{"start":{"line":104,"column":27},"end":{"line":104,"column":70}},"24":{"start":{"line":106,"column":12},"end":{"line":110,"column":13}},"25":{"start":{"line":107,"column":16},"end":{"line":109,"column":18}},"26":{"start":{"line":112,"column":12},"end":{"line":112,"column":72}},"27":{"start":{"line":114,"column":12},"end":{"line":116,"column":14}},"28":{"start":{"line":125,"column":8},"end":{"line":139,"column":9}},"29":{"start":{"line":126,"column":28},"end":{"line":126,"column":60}},"30":{"start":{"line":128,"column":12},"end":{"line":134,"column":15}},"31":{"start":{"line":136,"column":12},"end":{"line":138,"column":14}},"32":{"start":{"line":147,"column":8},"end":{"line":183,"column":9}},"33":{"start":{"line":148,"column":29},"end":{"line":148,"column":39}},"34":{"start":{"line":150,"column":12},"end":{"line":154,"column":13}},"35":{"start":{"line":151,"column":16},"end":{"line":153,"column":18}},"36":{"start":{"line":156,"column":12},"end":{"line":160,"column":13}},"37":{"start":{"line":157,"column":16},"end":{"line":159,"column":18}},"38":{"start":{"line":162,"column":27},"end":{"line":165,"column":13}},"39":{"start":{"line":167,"column":12},"end":{"line":171,"column":15}},"40":{"start":{"line":173,"column":12},"end":{"line":173,"column":78}},"41":{"start":{"line":175,"column":12},"end":{"line":179,"column":15}},"42":{"start":{"line":180,"column":12},"end":{"line":182,"column":14}},"43":{"start":{"line":191,"column":8},"end":{"line":224,"column":9}},"44":{"start":{"line":192,"column":29},"end":{"line":192,"column":39}},"45":{"start":{"line":193,"column":31},"end":{"line":193,"column":39}},"46":{"start":{"line":195,"column":12},"end":{"line":199,"column":13}},"47":{"start":{"line":196,"column":16},"end":{"line":198,"column":18}},"48":{"start":{"line":201,"column":12},"end":{"line":205,"column":13}},"49":{"start":{"line":202,"column":16},"end":{"line":204,"column":18}},"50":{"start":{"line":207,"column":12},"end":{"line":207,"column":73}},"51":{"start":{"line":209,"column":12},"end":{"line":212,"column":15}},"52":{"start":{"line":214,"column":12},"end":{"line":214,"column":86}},"53":{"start":{"line":216,"column":12},"end":{"line":220,"column":15}},"54":{"start":{"line":221,"column":12},"end":{"line":223,"column":14}},"55":{"start":{"line":232,"column":8},"end":{"line":254,"column":9}},"56":{"start":{"line":233,"column":29},"end":{"line":233,"column":39}},"57":{"start":{"line":235,"column":12},"end":{"line":239,"column":13}},"58":{"start":{"line":236,"column":16},"end":{"line":238,"column":18}},"59":{"start":{"line":241,"column":25},"end":{"line":241,"column":74}},"60":{"start":{"line":243,"column":12},"end":{"line":247,"column":13}},"61":{"start":{"line":244,"column":16},"end":{"line":246,"column":18}},"62":{"start":{"line":249,"column":12},"end":{"line":249,"column":68}},"63":{"start":{"line":251,"column":12},"end":{"line":253,"column":14}},"64":{"start":{"line":262,"column":8},"end":{"line":294,"column":9}},"65":{"start":{"line":263,"column":29},"end":{"line":263,"column":39}},"66":{"start":{"line":265,"column":12},"end":{"line":269,"column":13}},"67":{"start":{"line":266,"column":16},"end":{"line":268,"column":18}},"68":{"start":{"line":271,"column":12},"end":{"line":275,"column":13}},"69":{"start":{"line":272,"column":16},"end":{"line":274,"column":18}},"70":{"start":{"line":277,"column":27},"end":{"line":277,"column":71}},"71":{"start":{"line":279,"column":12},"end":{"line":282,"column":15}},"72":{"start":{"line":284,"column":12},"end":{"line":284,"column":76}},"73":{"start":{"line":286,"column":12},"end":{"line":290,"column":15}},"74":{"start":{"line":291,"column":12},"end":{"line":293,"column":14}},"75":{"start":{"line":302,"column":8},"end":{"line":318,"column":9}},"76":{"start":{"line":303,"column":28},"end":{"line":303,"column":60}},"77":{"start":{"line":304,"column":28},"end":{"line":304,"column":46}},"78":{"start":{"line":306,"column":12},"end":{"line":313,"column":15}},"79":{"start":{"line":315,"column":12},"end":{"line":317,"column":14}},"80":{"start":{"line":322,"column":0},"end":{"line":322,"column":38}}},"fnMap":{"0":{"name":"(anonymous_0)","decl":{"start":{"line":31,"column":4},"end":{"line":31,"column":5}},"loc":{"start":{"line":31,"column":39},"end":{"line":88,"column":5}},"line":31},"1":{"name":"(anonymous_1)","decl":{"start":{"line":94,"column":4},"end":{"line":94,"column":5}},"loc":{"start":{"line":94,"column":43},"end":{"line":118,"column":5}},"line":94},"2":{"name":"(anonymous_2)","decl":{"start":{"line":124,"column":4},"end":{"line":124,"column":5}},"loc":{"start":{"line":124,"column":41},"end":{"line":140,"column":5}},"line":124},"3":{"name":"(anonymous_3)","decl":{"start":{"line":146,"column":4},"end":{"line":146,"column":5}},"loc":{"start":{"line":146,"column":41},"end":{"line":184,"column":5}},"line":146},"4":{"name":"(anonymous_4)","decl":{"start":{"line":190,"column":4},"end":{"line":190,"column":5}},"loc":{"start":{"line":190,"column":46},"end":{"line":225,"column":5}},"line":190},"5":{"name":"(anonymous_5)","decl":{"start":{"line":231,"column":4},"end":{"line":231,"column":5}},"loc":{"start":{"line":231,"column":41},"end":{"line":255,"column":5}},"line":231},"6":{"name":"(anonymous_6)","decl":{"start":{"line":261,"column":4},"end":{"line":261,"column":5}},"loc":{"start":{"line":261,"column":38},"end":{"line":295,"column":5}},"line":261},"7":{"name":"(anonymous_7)","decl":{"start":{"line":301,"column":4},"end":{"line":301,"column":5}},"loc":{"start":{"line":301,"column":39},"end":{"line":319,"column":5}},"line":301}},"branchMap":{"0":{"loc":{"start":{"line":36,"column":12},"end":{"line":44,"column":13}},"type":"if","locations":[{"start":{"line":36,"column":12},"end":{"line":44,"column":13}},{"start":{},"end":{}}],"line":36},"1":{"loc":{"start":{"line":36,"column":16},"end":{"line":36,"column":32}},"type":"binary-expr","locations":[{"start":{"line":36,"column":16},"end":{"line":36,"column":21}},{"start":{"line":36,"column":25},"end":{"line":36,"column":32}}],"line":36},"2":{"loc":{"start":{"line":47,"column":12},"end":{"line":56,"column":13}},"type":"if","locations":[{"start":{"line":47,"column":12},"end":{"line":56,"column":13}},{"start":{},"end":{}}],"line":47},"3":{"loc":{"start":{"line":47,"column":16},"end":{"line":47,"column":43}},"type":"binary-expr","locations":[{"start":{"line":47,"column":16},"end":{"line":47,"column":27}},{"start":{"line":47,"column":31},"end":{"line":47,"column":43}}],"line":47},"4":{"loc":{"start":{"line":59,"column":12},"end":{"line":63,"column":13}},"type":"if","locations":[{"start":{"line":59,"column":12},"end":{"line":63,"column":13}},{"start":{},"end":{}}],"line":59},"5":{"loc":{"start":{"line":74,"column":26},"end":{"line":74,"column":42}},"type":"binary-expr","locations":[{"start":{"line":74,"column":26},"end":{"line":74,"column":34}},{"start":{"line":74,"column":38},"end":{"line":74,"column":42}}],"line":74},"6":{"loc":{"start":{"line":98,"column":12},"end":{"line":102,"column":13}},"type":"if","locations":[{"start":{"line":98,"column":12},"end":{"line":102,"column":13}},{"start":{},"end":{}}],"line":98},"7":{"loc":{"start":{"line":106,"column":12},"end":{"line":110,"column":13}},"type":"if","locations":[{"start":{"line":106,"column":12},"end":{"line":110,"column":13}},{"start":{},"end":{}}],"line":106},"8":{"loc":{"start":{"line":150,"column":12},"end":{"line":154,"column":13}},"type":"if","locations":[{"start":{"line":150,"column":12},"end":{"line":154,"column":13}},{"start":{},"end":{}}],"line":150},"9":{"loc":{"start":{"line":156,"column":12},"end":{"line":160,"column":13}},"type":"if","locations":[{"start":{"line":156,"column":12},"end":{"line":160,"column":13}},{"start":{},"end":{}}],"line":156},"10":{"loc":{"start":{"line":195,"column":12},"end":{"line":199,"column":13}},"type":"if","locations":[{"start":{"line":195,"column":12},"end":{"line":199,"column":13}},{"start":{},"end":{}}],"line":195},"11":{"loc":{"start":{"line":195,"column":16},"end":{"line":195,"column":32}},"type":"binary-expr","locations":[{"start":{"line":195,"column":16},"end":{"line":195,"column":21}},{"start":{"line":195,"column":25},"end":{"line":195,"column":32}}],"line":195},"12":{"loc":{"start":{"line":201,"column":12},"end":{"line":205,"column":13}},"type":"if","locations":[{"start":{"line":201,"column":12},"end":{"line":205,"column":13}},{"start":{},"end":{}}],"line":201},"13":{"loc":{"start":{"line":235,"column":12},"end":{"line":239,"column":13}},"type":"if","locations":[{"start":{"line":235,"column":12},"end":{"line":239,"column":13}},{"start":{},"end":{}}],"line":235},"14":{"loc":{"start":{"line":243,"column":12},"end":{"line":247,"column":13}},"type":"if","locations":[{"start":{"line":243,"column":12},"end":{"line":247,"column":13}},{"start":{},"end":{}}],"line":243},"15":{"loc":{"start":{"line":265,"column":12},"end":{"line":269,"column":13}},"type":"if","locations":[{"start":{"line":265,"column":12},"end":{"line":269,"column":13}},{"start":{},"end":{}}],"line":265},"16":{"loc":{"start":{"line":271,"column":12},"end":{"line":275,"column":13}},"type":"if","locations":[{"start":{"line":271,"column":12},"end":{"line":275,"column":13}},{"start":{},"end":{}}],"line":271},"17":{"loc":{"start":{"line":312,"column":16},"end":{"line":312,"column":70}},"type":"cond-expr","locations":[{"start":{"line":312,"column":26},"end":{"line":312,"column":47}},{"start":{"line":312,"column":50},"end":{"line":312,"column":70}}],"line":312}},"s":{"0":1,"1":1,"2":1,"3":1,"4":0,"5":0,"6":0,"7":0,"8":0,"9":0,"10":0,"11":0,"12":0,"13":0,"14":0,"15":0,"16":0,"17":0,"18":0,"19":0,"20":0,"21":0,"22":0,"23":0,"24":0,"25":0,"26":0,"27":0,"28":0,"29":0,"30":0,"31":0,"32":0,"33":0,"34":0,"35":0,"36":0,"37":0,"38":0,"39":0,"40":0,"41":0,"42":0,"43":0,"44":0,"45":0,"46":0,"47":0,"48":0,"49":0,"50":0,"51":0,"52":0,"53":0,"54":0,"55":0,"56":0,"57":0,"58":0,"59":0,"60":0,"61":0,"62":0,"63":0,"64":0,"65":0,"66":0,"67":0,"68":0,"69":0,"70":0,"71":0,"72":0,"73":0,"74":0,"75":0,"76":0,"77":0,"78":0,"79":0,"80":1},"f":{"0":0,"1":0,"2":0,"3":0,"4":0,"5":0,"6":0,"7":0},"b":{"0":[0,0],"1":[0,0],"2":[0,0],"3":[0,0],"4":[0,0],"5":[0,0],"6":[0,0],"7":[0,0],"8":[0,0],"9":[0,0],"10":[0,0],"11":[0,0],"12":[0,0],"13":[0,0],"14":[0,0],"15":[0,0],"16":[0,0],"17":[0,0]},"_coverageSchema":"1a1c01bbd47fc00a2c39e90264f33305004495a9","hash":"df7f7fc2628247fd9c17598e98e44e80b7eb320b"}
,"H:\\logiciel perso\\server_reforger\\OTEA-server\\backend\\controllers\\auth.controller.js": {"path":"H:\\logiciel perso\\server_reforger\\OTEA-server\\backend\\controllers\\auth.controller.js","statementMap":{"0":{"start":{"line":12,"column":27},"end":{"line":12,"column":57}},"1":{"start":{"line":13,"column":20},"end":{"line":13,"column":55}},"2":{"start":{"line":14,"column":18},"end":{"line":14,"column":43}},"3":{"start":{"line":24,"column":4},"end":{"line":57,"column":5}},"4":{"start":{"line":25,"column":39},"end":{"line":25,"column":47}},"5":{"start":{"line":27,"column":8},"end":{"line":32,"column":9}},"6":{"start":{"line":28,"column":12},"end":{"line":31,"column":15}},"7":{"start":{"line":34,"column":23},"end":{"line":34,"column":60}},"8":{"start":{"line":36,"column":8},"end":{"line":41,"column":9}},"9":{"start":{"line":37,"column":12},"end":{"line":40,"column":15}},"10":{"start":{"line":43,"column":8},"end":{"line":50,"column":11}},"11":{"start":{"line":52,"column":8},"end":{"line":52,"column":53}},"12":{"start":{"line":53,"column":8},"end":{"line":56,"column":11}},"13":{"start":{"line":67,"column":4},"end":{"line":105,"column":5}},"14":{"start":{"line":68,"column":63},"end":{"line":68,"column":71}},"15":{"start":{"line":70,"column":8},"end":{"line":75,"column":9}},"16":{"start":{"line":71,"column":12},"end":{"line":74,"column":15}},"17":{"start":{"line":77,"column":23},"end":{"line":77,"column":78}},"18":{"start":{"line":79,"column":8},"end":{"line":84,"column":9}},"19":{"start":{"line":80,"column":12},"end":{"line":83,"column":15}},"20":{"start":{"line":87,"column":8},"end":{"line":89,"column":11}},"21":{"start":{"line":91,"column":8},"end":{"line":98,"column":11}},"22":{"start":{"line":100,"column":8},"end":{"line":100,"column":56}},"23":{"start":{"line":101,"column":8},"end":{"line":104,"column":11}},"24":{"start":{"line":114,"column":4},"end":{"line":137,"column":5}},"25":{"start":{"line":115,"column":21},"end":{"line":118,"column":32}},"26":{"start":{"line":120,"column":8},"end":{"line":125,"column":9}},"27":{"start":{"line":121,"column":12},"end":{"line":124,"column":15}},"28":{"start":{"line":127,"column":8},"end":{"line":130,"column":11}},"29":{"start":{"line":132,"column":8},"end":{"line":132,"column":53}},"30":{"start":{"line":133,"column":8},"end":{"line":136,"column":11}},"31":{"start":{"line":147,"column":4},"end":{"line":179,"column":5}},"32":{"start":{"line":148,"column":45},"end":{"line":148,"column":53}},"33":{"start":{"line":150,"column":8},"end":{"line":155,"column":9}},"34":{"start":{"line":151,"column":12},"end":{"line":154,"column":15}},"35":{"start":{"line":157,"column":23},"end":{"line":157,"column":93}},"36":{"start":{"line":159,"column":8},"end":{"line":164,"column":9}},"37":{"start":{"line":160,"column":12},"end":{"line":163,"column":15}},"38":{"start":{"line":167,"column":8},"end":{"line":167,"column":86}},"39":{"start":{"line":169,"column":8},"end":{"line":172,"column":11}},"40":{"start":{"line":174,"column":8},"end":{"line":174,"column":62}},"41":{"start":{"line":175,"column":8},"end":{"line":178,"column":11}},"42":{"start":{"line":188,"column":4},"end":{"line":202,"column":5}},"43":{"start":{"line":189,"column":8},"end":{"line":199,"column":10}},"44":{"start":{"line":201,"column":8},"end":{"line":201,"column":60}},"45":{"start":{"line":205,"column":0},"end":{"line":210,"column":2}}},"fnMap":{"0":{"name":"login","decl":{"start":{"line":23,"column":15},"end":{"line":23,"column":20}},"loc":{"start":{"line":23,"column":31},"end":{"line":58,"column":1}},"line":23},"1":{"name":"register","decl":{"start":{"line":66,"column":15},"end":{"line":66,"column":23}},"loc":{"start":{"line":66,"column":34},"end":{"line":106,"column":1}},"line":66},"2":{"name":"getMe","decl":{"start":{"line":113,"column":15},"end":{"line":113,"column":20}},"loc":{"start":{"line":113,"column":31},"end":{"line":138,"column":1}},"line":113},"3":{"name":"changePassword","decl":{"start":{"line":146,"column":15},"end":{"line":146,"column":29}},"loc":{"start":{"line":146,"column":40},"end":{"line":180,"column":1}},"line":146},"4":{"name":"_logAudit","decl":{"start":{"line":187,"column":9},"end":{"line":187,"column":18}},"loc":{"start":{"line":187,"column":70},"end":{"line":203,"column":1}},"line":187}},"branchMap":{"0":{"loc":{"start":{"line":27,"column":8},"end":{"line":32,"column":9}},"type":"if","locations":[{"start":{"line":27,"column":8},"end":{"line":32,"column":9}},{"start":{},"end":{}}],"line":27},"1":{"loc":{"start":{"line":27,"column":12},"end":{"line":27,"column":34}},"type":"binary-expr","locations":[{"start":{"line":27,"column":12},"end":{"line":27,"column":21}},{"start":{"line":27,"column":25},"end":{"line":27,"column":34}}],"line":27},"2":{"loc":{"start":{"line":36,"column":8},"end":{"line":41,"column":9}},"type":"if","locations":[{"start":{"line":36,"column":8},"end":{"line":41,"column":9}},{"start":{},"end":{}}],"line":36},"3":{"loc":{"start":{"line":68,"column":36},"end":{"line":68,"column":51}},"type":"default-arg","locations":[{"start":{"line":68,"column":43},"end":{"line":68,"column":51}}],"line":68},"4":{"loc":{"start":{"line":70,"column":8},"end":{"line":75,"column":9}},"type":"if","locations":[{"start":{"line":70,"column":8},"end":{"line":75,"column":9}},{"start":{},"end":{}}],"line":70},"5":{"loc":{"start":{"line":70,"column":12},"end":{"line":70,"column":34}},"type":"binary-expr","locations":[{"start":{"line":70,"column":12},"end":{"line":70,"column":21}},{"start":{"line":70,"column":25},"end":{"line":70,"column":34}}],"line":70},"6":{"loc":{"start":{"line":79,"column":8},"end":{"line":84,"column":9}},"type":"if","locations":[{"start":{"line":79,"column":8},"end":{"line":84,"column":9}},{"start":{},"end":{}}],"line":79},"7":{"loc":{"start":{"line":120,"column":8},"end":{"line":125,"column":9}},"type":"if","locations":[{"start":{"line":120,"column":8},"end":{"line":125,"column":9}},{"start":{},"end":{}}],"line":120},"8":{"loc":{"start":{"line":150,"column":8},"end":{"line":155,"column":9}},"type":"if","locations":[{"start":{"line":150,"column":8},"end":{"line":155,"column":9}},{"start":{},"end":{}}],"line":150},"9":{"loc":{"start":{"line":150,"column":12},"end":{"line":150,"column":40}},"type":"binary-expr","locations":[{"start":{"line":150,"column":12},"end":{"line":150,"column":24}},{"start":{"line":150,"column":28},"end":{"line":150,"column":40}}],"line":150},"10":{"loc":{"start":{"line":159,"column":8},"end":{"line":164,"column":9}},"type":"if","locations":[{"start":{"line":159,"column":8},"end":{"line":164,"column":9}},{"start":{},"end":{}}],"line":159}},"s":{"0":1,"1":1,"2":1,"3":4,"4":4,"5":4,"6":0,"7":4,"8":4,"9":2,"10":2,"11":0,"12":0,"13":3,"14":3,"15":3,"16":1,"17":2,"18":2,"19":0,"20":2,"21":2,"22":0,"23":0,"24":1,"25":1,"26":1,"27":0,"28":1,"29":0,"30":0,"31":0,"32":0,"33":0,"34":0,"35":0,"36":0,"37":0,"38":0,"39":0,"40":0,"41":0,"42":2,"43":2,"44":2,"45":1},"f":{"0":4,"1":3,"2":1,"3":0,"4":2},"b":{"0":[0,4],"1":[4,4],"2":[2,2],"3":[1],"4":[1,2],"5":[3,3],"6":[0,2],"7":[0,1],"8":[0,0],"9":[0,0],"10":[0,0]},"_coverageSchema":"1a1c01bbd47fc00a2c39e90264f33305004495a9","hash":"4af0f18800e019220a03284b729a6d9b7847bd98"}
,"H:\\logiciel perso\\server_reforger\\OTEA-server\\backend\\controllers\\log.controller.js": {"path":"H:\\logiciel perso\\server_reforger\\OTEA-server\\backend\\controllers\\log.controller.js","statementMap":{"0":{"start":{"line":8,"column":19},"end":{"line":8,"column":53}},"1":{"start":{"line":9,"column":27},"end":{"line":9,"column":57}},"2":{"start":{"line":17,"column":8},"end":{"line":35,"column":9}},"3":{"start":{"line":18,"column":35},"end":{"line":18,"column":44}},"4":{"start":{"line":19,"column":29},"end":{"line":19,"column":66}},"5":{"start":{"line":21,"column":25},"end":{"line":21,"column":59}},"6":{"start":{"line":23,"column":12},"end":{"line":30,"column":15}},"7":{"start":{"line":32,"column":12},"end":{"line":34,"column":14}},"8":{"start":{"line":43,"column":8},"end":{"line":70,"column":9}},"9":{"start":{"line":44,"column":61},"end":{"line":44,"column":70}},"10":{"start":{"line":46,"column":12},"end":{"line":50,"column":13}},"11":{"start":{"line":47,"column":16},"end":{"line":49,"column":18}},"12":{"start":{"line":52,"column":28},"end":{"line":55,"column":14}},"13":{"start":{"line":57,"column":12},"end":{"line":65,"column":15}},"14":{"start":{"line":67,"column":12},"end":{"line":69,"column":14}},"15":{"start":{"line":78,"column":8},"end":{"line":105,"column":9}},"16":{"start":{"line":79,"column":33},"end":{"line":79,"column":43}},"17":{"start":{"line":80,"column":36},"end":{"line":80,"column":45}},"18":{"start":{"line":82,"column":12},"end":{"line":86,"column":13}},"19":{"start":{"line":83,"column":16},"end":{"line":85,"column":18}},"20":{"start":{"line":88,"column":25},"end":{"line":91,"column":13}},"21":{"start":{"line":93,"column":12},"end":{"line":100,"column":15}},"22":{"start":{"line":102,"column":12},"end":{"line":104,"column":14}},"23":{"start":{"line":113,"column":8},"end":{"line":140,"column":9}},"24":{"start":{"line":114,"column":31},"end":{"line":114,"column":41}},"25":{"start":{"line":115,"column":36},"end":{"line":115,"column":45}},"26":{"start":{"line":117,"column":12},"end":{"line":121,"column":13}},"27":{"start":{"line":118,"column":16},"end":{"line":120,"column":18}},"28":{"start":{"line":123,"column":25},"end":{"line":126,"column":13}},"29":{"start":{"line":128,"column":12},"end":{"line":135,"column":15}},"30":{"start":{"line":137,"column":12},"end":{"line":139,"column":14}},"31":{"start":{"line":148,"column":8},"end":{"line":156,"column":9}},"32":{"start":{"line":149,"column":27},"end":{"line":149,"column":55}},"33":{"start":{"line":151,"column":12},"end":{"line":151,"column":69}},"34":{"start":{"line":153,"column":12},"end":{"line":155,"column":14}},"35":{"start":{"line":164,"column":8},"end":{"line":181,"column":9}},"36":{"start":{"line":165,"column":27},"end":{"line":165,"column":53}},"37":{"start":{"line":167,"column":12},"end":{"line":170,"column":15}},"38":{"start":{"line":172,"column":12},"end":{"line":172,"column":77}},"39":{"start":{"line":174,"column":12},"end":{"line":177,"column":15}},"40":{"start":{"line":178,"column":12},"end":{"line":180,"column":14}},"41":{"start":{"line":189,"column":8},"end":{"line":216,"column":9}},"42":{"start":{"line":190,"column":55},"end":{"line":190,"column":64}},"43":{"start":{"line":192,"column":12},"end":{"line":196,"column":13}},"44":{"start":{"line":193,"column":16},"end":{"line":195,"column":18}},"45":{"start":{"line":198,"column":25},"end":{"line":201,"column":13}},"46":{"start":{"line":203,"column":12},"end":{"line":209,"column":13}},"47":{"start":{"line":204,"column":16},"end":{"line":204,"column":52}},"48":{"start":{"line":205,"column":16},"end":{"line":205,"column":82}},"49":{"start":{"line":207,"column":16},"end":{"line":207,"column":60}},"50":{"start":{"line":208,"column":16},"end":{"line":208,"column":83}},"51":{"start":{"line":211,"column":12},"end":{"line":211,"column":27}},"52":{"start":{"line":213,"column":12},"end":{"line":215,"column":14}},"53":{"start":{"line":224,"column":8},"end":{"line":257,"column":9}},"54":{"start":{"line":226,"column":32},"end":{"line":226,"column":40}},"55":{"start":{"line":228,"column":12},"end":{"line":235,"column":13}},"56":{"start":{"line":229,"column":16},"end":{"line":234,"column":18}},"57":{"start":{"line":238,"column":12},"end":{"line":241,"column":15}},"58":{"start":{"line":243,"column":27},"end":{"line":243,"column":53}},"59":{"start":{"line":245,"column":12},"end":{"line":248,"column":15}},"60":{"start":{"line":250,"column":12},"end":{"line":253,"column":15}},"61":{"start":{"line":254,"column":12},"end":{"line":256,"column":14}},"62":{"start":{"line":261,"column":0},"end":{"line":261,"column":31}}},"fnMap":{"0":{"name":"(anonymous_0)","decl":{"start":{"line":16,"column":4},"end":{"line":16,"column":5}},"loc":{"start":{"line":16,"column":35},"end":{"line":36,"column":5}},"line":16},"1":{"name":"(anonymous_1)","decl":{"start":{"line":42,"column":4},"end":{"line":42,"column":5}},"loc":{"start":{"line":42,"column":38},"end":{"line":71,"column":5}},"line":42},"2":{"name":"(anonymous_2)","decl":{"start":{"line":77,"column":4},"end":{"line":77,"column":5}},"loc":{"start":{"line":77,"column":41},"end":{"line":106,"column":5}},"line":77},"3":{"name":"(anonymous_3)","decl":{"start":{"line":112,"column":4},"end":{"line":112,"column":5}},"loc":{"start":{"line":112,"column":43},"end":{"line":141,"column":5}},"line":112},"4":{"name":"(anonymous_4)","decl":{"start":{"line":147,"column":4},"end":{"line":147,"column":5}},"loc":{"start":{"line":147,"column":40},"end":{"line":157,"column":5}},"line":147},"5":{"name":"(anonymous_5)","decl":{"start":{"line":163,"column":4},"end":{"line":163,"column":5}},"loc":{"start":{"line":163,"column":39},"end":{"line":182,"column":5}},"line":163},"6":{"name":"(anonymous_6)","decl":{"start":{"line":188,"column":4},"end":{"line":188,"column":5}},"loc":{"start":{"line":188,"column":38},"end":{"line":217,"column":5}},"line":188},"7":{"name":"(anonymous_7)","decl":{"start":{"line":223,"column":4},"end":{"line":223,"column":5}},"loc":{"start":{"line":223,"column":40},"end":{"line":258,"column":5}},"line":223}},"branchMap":{"0":{"loc":{"start":{"line":18,"column":20},"end":{"line":18,"column":30}},"type":"default-arg","locations":[{"start":{"line":18,"column":28},"end":{"line":18,"column":30}}],"line":18},"1":{"loc":{"start":{"line":19,"column":38},"end":{"line":19,"column":59}},"type":"binary-expr","locations":[{"start":{"line":19,"column":38},"end":{"line":19,"column":53}},{"start":{"line":19,"column":57},"end":{"line":19,"column":59}}],"line":19},"2":{"loc":{"start":{"line":44,"column":27},"end":{"line":44,"column":43}},"type":"default-arg","locations":[{"start":{"line":44,"column":35},"end":{"line":44,"column":43}}],"line":44},"3":{"loc":{"start":{"line":44,"column":45},"end":{"line":44,"column":56}},"type":"default-arg","locations":[{"start":{"line":44,"column":53},"end":{"line":44,"column":56}}],"line":44},"4":{"loc":{"start":{"line":46,"column":12},"end":{"line":50,"column":13}},"type":"if","locations":[{"start":{"line":46,"column":12},"end":{"line":50,"column":13}},{"start":{},"end":{}}],"line":46},"5":{"loc":{"start":{"line":54,"column":32},"end":{"line":54,"column":54}},"type":"binary-expr","locations":[{"start":{"line":54,"column":32},"end":{"line":54,"column":47}},{"start":{"line":54,"column":51},"end":{"line":54,"column":54}}],"line":54},"6":{"loc":{"start":{"line":80,"column":20},"end":{"line":80,"column":31}},"type":"default-arg","locations":[{"start":{"line":80,"column":28},"end":{"line":80,"column":31}}],"line":80},"7":{"loc":{"start":{"line":82,"column":12},"end":{"line":86,"column":13}},"type":"if","locations":[{"start":{"line":82,"column":12},"end":{"line":86,"column":13}},{"start":{},"end":{}}],"line":82},"8":{"loc":{"start":{"line":90,"column":25},"end":{"line":90,"column":47}},"type":"binary-expr","locations":[{"start":{"line":90,"column":25},"end":{"line":90,"column":40}},{"start":{"line":90,"column":44},"end":{"line":90,"column":47}}],"line":90},"9":{"loc":{"start":{"line":115,"column":20},"end":{"line":115,"column":31}},"type":"default-arg","locations":[{"start":{"line":115,"column":28},"end":{"line":115,"column":31}}],"line":115},"10":{"loc":{"start":{"line":117,"column":12},"end":{"line":121,"column":13}},"type":"if","locations":[{"start":{"line":117,"column":12},"end":{"line":121,"column":13}},{"start":{},"end":{}}],"line":117},"11":{"loc":{"start":{"line":125,"column":25},"end":{"line":125,"column":47}},"type":"binary-expr","locations":[{"start":{"line":125,"column":25},"end":{"line":125,"column":40}},{"start":{"line":125,"column":44},"end":{"line":125,"column":47}}],"line":125},"12":{"loc":{"start":{"line":190,"column":20},"end":{"line":190,"column":35}},"type":"default-arg","locations":[{"start":{"line":190,"column":29},"end":{"line":190,"column":35}}],"line":190},"13":{"loc":{"start":{"line":190,"column":37},"end":{"line":190,"column":50}},"type":"default-arg","locations":[{"start":{"line":190,"column":45},"end":{"line":190,"column":50}}],"line":190},"14":{"loc":{"start":{"line":192,"column":12},"end":{"line":196,"column":13}},"type":"if","locations":[{"start":{"line":192,"column":12},"end":{"line":196,"column":13}},{"start":{},"end":{}}],"line":192},"15":{"loc":{"start":{"line":200,"column":25},"end":{"line":200,"column":49}},"type":"binary-expr","locations":[{"start":{"line":200,"column":25},"end":{"line":200,"
[...]
"column":9}},"type":"if","locations":[{"start":{"line":246,"column":8},"end":{"line":248,"column":9}},{"start":{},"end":{}}],"line":246},"22":{"loc":{"start":{"line":259,"column":12},"end":{"line":261,"column":13}},"type":"if","locations":[{"start":{"line":259,"column":12},"end":{"line":261,"column":13}},{"start":{},"end":{}}],"line":259},"23":{"loc":{"start":{"line":259,"column":16},"end":{"line":259,"column":33}},"type":"binary-expr","locations":[{"start":{"line":259,"column":16},"end":{"line":259,"column":21}},{"start":{"line":259,"column":25},"end":{"line":259,"column":33}}],"line":259},"24":{"loc":{"start":{"line":266,"column":15},"end":{"line":266,"column":59}},"type":"cond-expr","locations":[{"start":{"line":266,"column":25},"end":{"line":266,"column":52}},{"start":{"line":266,"column":55},"end":{"line":266,"column":59}}],"line":266},"25":{"loc":{"start":{"line":279,"column":20},"end":{"line":279,"column":77}},"type":"cond-expr","locations":[{"start":{"line":279,"column":50},"end":{"line":279,"column":61}},{"start":{"line":279,"column":64},"end":{"line":279,"column":77}}],"line":279},"26":{"loc":{"start":{"line":296,"column":12},"end":{"line":298,"column":52}},"type":"binary-expr","locations":[{"start":{"line":296,"column":12},"end":{"line":296,"column":48}},{"start":{"line":297,"column":15},"end":{"line":297,"column":52}},{"start":{"line":298,"column":15},"end":{"line":298,"column":52}}],"line":296},"27":{"loc":{"start":{"line":312,"column":12},"end":{"line":313,"column":50}},"type":"binary-expr","locations":[{"start":{"line":312,"column":12},"end":{"line":312,"column":50}},{"start":{"line":313,"column":15},"end":{"line":313,"column":50}}],"line":312}},"s":{"0":1,"1":1,"2":1,"3":1,"4":0,"5":0,"6":0,"7":0,"8":0,"9":0,"10":0,"11":0,"12":0,"13":0,"14":0,"15":0,"16":0,"17":0,"18":0,"19":0,"20":0,"21":0,"22":0,"23":0,"24":0,"25":0,"26":0,"27":0,"28":0,"29":0,"30":0,"31":0,"32":0,"33":0,"34":0,"35":0,"36":0,"37":0,"38":0,"39":0,"40":0,"41":0,"42":0,"43":0,"44":0,"45":0,"46":0,"47":0,"48":0,"49":0,"50":0,"51":0,"52":0,"53":0,"54":0,"55":0,"56":0,"57":0,"58":0,"59":0,"60":0,"61":0,"62":0,"63":0,"64":0,"65":0,"66":0,"67":0,"68":0,"69":0,"70":0,"71":0,"72":0,"73":0,"74":0,"75":0,"76":0,"77":0,"78":0,"79":0,"80":1},"f":{"0":0,"1":0,"2":0,"3":0,"4":0,"5":0,"6":0,"7":0,"8":0,"9":0,"10":0,"11":0,"12":0,"13":0,"14":0},"b":{"0":[0],"1":[0,0],"2":[0,0],"3":[0,0],"4":[0],"5":[0,0],"6":[0,0],"7":[0,0],"8":[0,0],"9":[0,0],"10":[0,0],"11":[0,0],"12":[0,0],"13":[0,0],"14":[0,0],"15":[0,0],"16":[0,0],"17":[0,0],"18":[0,0,0],"19":[0,0],"20":[0,0],"21":[0,0],"22":[0,0],"23":[0,0],"24":[0,0],"25":[0,0],"26":[0,0,0],"27":[0,0]},"_coverageSchema":"1a1c01bbd47fc00a2c39e90264f33305004495a9","hash":"35d87cbf8e40f242d8c81960bd31a918b24015b6"}
,"H:\\logiciel perso\\server_reforger\\OTEA-server\\backend\\services\\user.service.js": {"path":"H:\\logiciel perso\\server_reforger\\OTEA-server\\backend\\services\\user.service.js","statementMap":{"0":{"start":{"line":13,"column":18},"end":{"line":13,"column":43}},"1":{"start":{"line":14,"column":20},"end":{"line":14,"column":45}},"2":{"start":{"line":23,"column":4},"end":{"line":82,"column":5}},"3":{"start":{"line":24,"column":84},"end":{"line":24,"column":91}},"4":{"start":{"line":26,"column":20},"end":{"line":26,"column":110}},"5":{"start":{"line":27,"column":25},"end":{"line":27,"column":72}},"6":{"start":{"line":28,"column":23},"end":{"line":28,"column":25}},"7":{"start":{"line":29,"column":28},"end":{"line":29,"column":30}},"8":{"start":{"line":32,"column":8},"end":{"line":37,"column":9}},"9":{"start":{"line":33,"column":12},"end":{"line":33,"column":42}},"10":{"start":{"line":34,"column":12},"end":{"line":34,"column":47}},"11":{"start":{"line":35,"column":12},"end":{"line":35,"column":35}},"12":{"start":{"line":36,"column":12},"end":{"line":36,"column":40}},"13":{"start":{"line":40,"column":8},"end":{"line":45,"column":9}},"14":{"start":{"line":41,"column":12},"end":{"line":41,"column":37}},"15":{"start":{"line":42,"column":12},"end":{"line":42,"column":42}},"16":{"start":{"line":43,"column":12},"end":{"line":43,"column":30}},"17":{"start":{"line":44,"column":12},"end":{"line":44,"column":35}},"18":{"start":{"line":48,"column":8},"end":{"line":54,"column":9}},"19":{"start":{"line":49,"column":12},"end":{"line":49,"column":62}},"20":{"start":{"line":50,"column":12},"end":{"line":50,"column":67}},"21":{"start":{"line":51,"column":31},"end":{"line":51,"column":44}},"22":{"start":{"line":52,"column":12},"end":{"line":52,"column":48}},"23":{"start":{"line":53,"column":12},"end":{"line":53,"column":53}},"24":{"start":{"line":57,"column":28},"end":{"line":57,"column":75}},"25":{"start":{"line":58,"column":22},"end":{"line":58,"column":39}},"26":{"start":{"line":61,"column":8},"end":{"line":61,"column":62}},"27":{"start":{"line":62,"column":8},"end":{"line":62,"column":35}},"28":{"start":{"line":64,"column":22},"end":{"line":64,"column":59}},"29":{"start":{"line":66,"column":8},"end":{"line":75,"column":10}},"30":{"start":{"line":77,"column":8},"end":{"line":77,"column":56}},"31":{"start":{"line":78,"column":8},"end":{"line":81,"column":10}},"32":{"start":{"line":92,"column":4},"end":{"line":116,"column":5}},"33":{"start":{"line":93,"column":21},"end":{"line":97,"column":23}},"34":{"start":{"line":99,"column":8},"end":{"line":104,"column":9}},"35":{"start":{"line":100,"column":12},"end":{"line":103,"column":14}},"36":{"start":{"line":106,"column":8},"end":{"line":109,"column":10}},"37":{"start":{"line":111,"column":8},"end":{"line":111,"column":56}},"38":{"start":{"line":112,"column":8},"end":{"line":115,"column":10}},"39":{"start":{"line":127,"column":4},"end":{"line":172,"column":5}},"40":{"start":{"line":129,"column":8},"end":{"line":134,"column":9}},"41":{"start":{"line":130,"column":12},"end":{"line":133,"column":14}},"42":{"start":{"line":136,"column":21},"end":{"line":136,"column":85}},"43":{"start":{"line":138,"column":8},"end":{"line":143,"column":9}},"44":{"start":{"line":139,"column":12},"end":{"line":142,"column":14}},"45":{"start":{"line":146,"column":8},"end":{"line":154,"column":9}},"46":{"start":{"line":147,"column":35},"end":{"line":147,"column":113}},"47":{"start":{"line":148,"column":12},"end":{"line":153,"column":13}},"48":{"start":{"line":149,"column":16},"end":{"line":152,"column":18}},"49":{"start":{"line":157,"column":8},"end":{"line":157,"column":71}},"50":{"start":{"line":160,"column":8},"end":{"line":160,"column":105}},"51":{"start":{"line":162,"column":8},"end":{"line":165,"column":10}},"52":{"start":{"line":167,"column":8},"end":{"line":167,"column":55}},"53":{"start":{"line":168,"column":8},"end":{"line":171,"column":10}},"54":{"start":{"line":184,"column":4},"end":{"line":232,"column":5}},"55":{"start":{"line":185,"column":27},"end":{"line":185,"column":61}},"56":{"start":{"line":186,"column":8},"end":{"line":191,"column":9}},"57":{"start":{"line":187,"column":12},"end":{"line":190,"column":14}},"58":{"start":{"line":193,"column":21},"end":{"line":193,"column":85}},"59":{"start":{"line":195,"column":8},"end":{"line":200,"column":9}},"60":{"start":{"line":196,"column":12},"end":{"line":199,"column":14}},"61":{"start":{"line":202,"column":8},"end":{"line":207,"column":9}},"62":{"start":{"line":203,"column":12},"end":{"line":206,"column":14}},"63":{"start":{"line":210,"column":8},"end":{"line":211,"column":35}},"64":{"start":{"line":214,"column":8},"end":{"line":220,"column":10}},"65":{"start":{"line":222,"column":8},"end":{"line":225,"column":10}},"66":{"start":{"line":227,"column":8},"end":{"line":227,"column":59}},"67":{"start":{"line":228,"column":8},"end":{"line":231,"column":10}},"68":{"start":{"line":244,"column":4},"end":{"line":280,"column":5}},"69":{"start":{"line":245,"column":21},"end":{"line":245,"column":85}},"70":{"start":{"line":247,"column":8},"end":{"line":252,"column":9}},"71":{"start":{"line":248,"column":12},"end":{"line":251,"column":14}},"72":{"start":{"line":254,"column":8},"end":{"line":260,"column":9}},"73":{"start":{"line":255,"column":27},"end":{"line":255,"column":75}},"74":{"start":{"line":256,"column":12},"end":{"line":259,"column":14}},"75":{"start":{"line":263,"column":8},"end":{"line":264,"column":44}},"76":{"start":{"line":267,"column":23},"end":{"line":267,"column":66}},"77":{"start":{"line":268,"column":8},"end":{"line":268,"column":125}},"78":{"start":{"line":270,"column":8},"end":{"line":273,"column":10}},"79":{"start":{"line":275,"column":8},"end":{"line":275,"column":61}},"80":{"start":{"line":276,"column":8},"end":{"line":279,"column":10}},"81":{"start":{"line":289,"column":4},"end":{"line":296,"column":5}},"82":{"start":{"line":290,"column":8},"end":{"line":293,"column":67}},"83":{"start":{"line":295,"column":8},"end":{"line":295,"column":54}},"84":{"start":{"line":299,"column":0},"end":{"line":305,"column":2}}},"fnMap":{"0":{"name":"getAllUsers","decl":{"start":{"line":22,"column":9},"end":{"line":22,"column":20}},"loc":{"start":{"line":22,"column":35},"end":{"line":83,"column":1}},"line":22},"1":{"name":"getUserById","decl":{"start":{"line":91,"column":9},"end":{"line":91,"column":20}},"loc":{"start":{"line":91,"column":30},"end":{"line":117,"column":1}},"line":91},"2":{"name":"deleteUser","decl":{"start":{"line":126,"column":9},"end":{"line":126,"column":19}},"loc":{"start":{"line":126,"column":49},"end":{"line":173,"column":1}},"line":126},"3":{"name":"updateUserRole","decl":{"start":{"line":183,"column":9},"end":{"line":183,"column":23}},"loc":{"start":{"line":183,"column":62},"end":{"line":233,"column":1}},"line":183},"4":{"name":"updateUserStatus","decl":{"start":{"line":243,"column":9},"end":{"line":243,"column":25}},"loc":{"start":{"line":243,"column":65},"end":{"line":281,"column":1}},"line":243},"5":{"name":"_logAudit","decl":{"start":{"line":288,"column":9},"end":{"line":288,"column":18}},"loc":{"start":{"line":288,"column":71},"end":{"line":297,"column":1}},"line":288}},"branchMap":{"0":{"loc":{"start":{"line":22,"column":21},"end":{"line":22,"column":33}},"type":"default-arg","locations":[{"start":{"line":22,"column":31},"end":{"line":22,"column":33}}],"line":22},"1":{"loc":{"start":{"line":24,"column":16},"end":{"line":24,"column":27}},"type":"default-arg","locations":[{"start":{"line":24,"column":25},"end":{"line":24,"column":27}}],"line":24},"2":{"loc":{"start":{"line":24,"column":29},"end":{"line":24,"column":40}},"type":"default-arg","locations":[{"start":{"line":24,"column":36},"end":{"line":24,"column":40}}],"line":24},"3":{"loc":{"start":{"line":24,"column":42},"end":{"line":24,"column":55}},"type":"default-arg","locations":[{"start":{"line":24,"column":54},"end":{"line":24,"column":55}}],"line":24},"4":{"loc":{"start":{"line":24,"column":57},"end":{"line":24,"column":67}},"type":"default-arg","locations":[{"start":{"line":24,"column":65},"end":{"line":24,"column":67}}],"line":24},"5":{"loc":{"start":{"line":24,"column":69},"end":{"line":24,"column":79}},"type":"default-arg","locations":[{"start":{"line":24,"column":78},"end":{"line":24,"column":79}}],"line":24},"6":{"loc":{"start":{"line":32,"column":8},"end":{"line":37,"column":9}},"type":"if","locations":[{"start":{"line":32,"column":8},"end":{"line":37,"column":9}},{"start":{},"end":{}}],"line":32},"7":{"loc":{"start":{"line":40,"column":8},"end":{"line":45,"column":9}},"type":"if","locations":[{"start":{"line":40,"column":8},"end":{"line":45,"column":9}},{"start":{},"end":{}}],"line":40},"8":{"loc":{"start":{"line":48,"column":8},"end":{"line":54,"column":9}},"type":"if","locations":[{"start":{"line":48,"column":8},"end":{"line":54,"column":9}},{"start":{},"end":{}}],"line":48},"9":{"loc":{"start":{"line":99,"column":8},"end":{"line":104,"column":9}},"type":"if","locations":[{"start":{"line":99,"column":8},"end":{"line":104,"column":9}},{"start":{},"end":{}}],"line":99},"10":{"loc":{"start":{"line":129,"column":8},"end":{"line":134,"column":9}},"type":"if","locations":[{"start":{"line":129,"column":8},"end":{"line":134,"column":9}},{"start":{},"end":{}}],"line":129},"11":{"loc":{"start":{"line":138,"column":8},"end":{"line":143,"column":9}},"type":"if","locations":[{"start":{"line":138,"column":8},"end":{"line":143,"column":9}},{"start":{},"end":{}}],"line":138},"12":{"loc":{"start":{"line":146,"column":8},"end":{"line":154,"column":9}},"type":"if","locations":[{"start":{"line":146,"column":8},"end":{"line":154,"column":9}},{"start":{},"end":{}}],"line":146},"13":{"loc":{"start":{"line":148,"column":12},"end":{"line":153,"column":13}},"type":"if","locations":[{"start":{"line":148,"column":12},"end":{"line":153,"column":13}},{"start":{},"end":{}}],"line":148},"14":{"loc":{"start":{"line":186,"column":8},"end":{"line":191,"column":9}},"type":"if","locations":[{"start":{"line":186,"column":8},"end":{"line":191,"column":9}},{"start":{},"end":{}}],"line":186},"15":{"loc":{"start":{"line":195,"column":8},"end":{"line":200,"column":9}},"type":"if","locations":[{"start":{"line":195,"column":8},"end":{"line":200,"column":9}},{"start":{},"end":{}}],"line":195},"16":{"loc":{"start":{"line":202,"column":8},"end":{"line":207,"column":9}},"type":"if","locations":[{"start":{"line":202,"column":8},"end":{"line":207,"column":9}},{"start":{},"end":{}}],"line":202},"17":{"loc":{"start":{"line":247,"column":8},"end":{"line":252,"column":9}},"type":"if","locations":[{"start":{"line":247,"column":8},"end":{"line":252,"column":9}},{"start":{},"end":{}}],"line":247},"18":{"loc":{"start":{"line":254,"column":8},"end":{"line":260,"column":9}},"type":"if","locations":[{"start":{"line":254,"column":8},"end":{"line":260,"column":9}},{"start":{},"end":{}}],"line":254},"19":{"loc":{"start":{"line":254,"column":32},"end":{"line":254,"column":48}},"type":"cond-expr","locations":[{"start":{"line":254,"column":43},"end":{"line":254,"column":44}},{"start":{"line":254,"column":47},"end":{"line":254,"column":48}}],"line":254},"20":{"loc":{"start":{"line":255,"column":27},"end":{"line":255,"column":75}},"type":"cond-expr","locations":[{"start":{"line":255,"column":38},"end":{"line":255,"column":54}},{"start":{"line":255,"column":57},"end":{"line":255,"column":75}}],"line":255},"21":{"loc":{"start":{"line":264,"column":17},"end":{"line":264,"column":33}},"type":"cond-expr","locations":[{"start":{"line":264,"column":28},"end":{"line":264,"column":29}},{"start":{"line":264,"column":32},"end":{"line":264,"column":33}}],"line":264},"22":{"loc":{"start":{"line":267,"column":23},"end":{"line":267,"column":66}},"type":"cond-expr","locations":[{"start":{"line":267,"column":34},"end":{"line":267,"column":48}},{"start":{"line":267,"column":51},"end":{"line":267,"column":66}}],"line":267},"23":{"loc":{"start":{"line":268,"column":88},"end":{"line":268,"column":121}},"type":"cond-expr","locations":[{"start":{"line":268,"column":99},"end":{"line":268,"column":108}},{"start":{"line":268,"column":111},"end":{"line":268,"column":121}}],"line":268},"24":{"loc":{"start":{"line":272,"column":46},"end":{"line":272,"column":79}},"type":"cond-expr","locations":[{"start":{"line":272,"column":57},"end":{"line":272,"column":66}},{"start":{"line":272,"column":69},"end":{"line":272,"column":79}}],"line":272}},"s":{"0":1,"1":1,"2":5,"3":5,"4":5,"5":5,"6":5,"7":5,"8":5,"9":5,"10":5,"11":5,"12":5,"13":5,"14":0,"15":0,"16":0,"17":0,"18":5,"19":0,"20":0,"21":0,"22":0,"23":0,"24":5,"25":5,"26":5,"27":5,"28":5,"29":5,"30":0,"31":0,"32":1,"33":1,"34":1,"35":1,"36":0,"37":0,"38":0,"39":0,"40":0,"41":0,"42":0,"43":0,"44":0,"45":0,"46":0,"47":0,"48":0,"49":0,"50":0,"51":0,"52":0,"53":0,"54":1,"55":1,"56":1,"57":0,"58":1,"59":1,"60":0,"61":1,"62":0,"63":1,"64":1,"65":1,"66":0,"67":0,"68":0,"69":0,"70":0,"71":0,"72":0,"73":0,"74":0,"75":0,"76":0,"77":0,"78":0,"79":0,"80":0,"81":1,"82":1,"83":0,"84":1},"f":{"0":5,"1":1,"2":0,"3":1,"4":0,"5":1},"b":{"0":[0],"1":[0],"2":[0],"3":[0],"4":[0],"5":[0],"6":[5,0],"7":[0,5],"8":[0,5],"9":[1,0],"10":[0,0],"11":[0,0],"12":[0,0],"13":[0,0],"14":[0,1],"15":[0,1],"16":[0,1],"17":[0,0],"18":[0,0],"19":[0,0],"20":[0,0],"21":[0,0],"22":[0,0],"23":[0,0],"24":[0,0]},"_coverageSchema":"1a1c01bbd47fc00a2c39e90264f33305004495a9","hash":"5c1bd274097d6797285f505f39181a8be70828e6"}
,"H:\\logiciel perso\\server_reforger\\OTEA-server\\backend\\utils\\formatters.js": {"path":"H:\\logiciel perso\\server_reforger\\OTEA-server\\backend\\utils\\formatters.js","statementMap":{"0":{"start":{"line":12,"column":4},"end":{"line":12,"column":30}},"1":{"start":{"line":21,"column":4},"end":{"line":23,"column":5}},"2":{"start":{"line":22,"column":8},"end":{"line":22,"column":25}},"3":{"start":{"line":25,"column":14},"end":{"line":25,"column":18}},"4":{"start":{"line":26,"column":18},"end":{"line":26,"column":45}},"5":{"start":{"line":27,"column":14},"end":{"line":27,"column":55}},"6":{"start":{"line":29,"column":4},"end":{"line":29,"column":77}},"7":{"start":{"line":38,"column":18},"end":{"line":38,"column":44}},"8":{"start":{"line":39,"column":20},"end":{"line":39,"column":53}},"9":{"start":{"line":40,"column":17},"end":{"line":40,"column":29}},"10":{"start":{"line":42,"column":4},"end":{"line":44,"column":5}},"11":{"start":{"line":43,"column":8},"end":{"line":43,"column":39}},"12":{"start":{"line":45,"column":4},"end":{"line":47,"column":5}},"13":{"start":{"line":46,"column":8},"end":{"line":46,"column":38}},"14":{"start":{"line":48,"column":4},"end":{"line":48,"column":22}},"15":{"start":{"line":57,"column":26},"end":{"line":62,"column":5}},"16":{"start":{"line":64,"column":22},"end":{"line":64,"column":36}},"17":{"start":{"line":66,"column":4},"end":{"line":70,"column":7}},"18":{"start":{"line":67,"column":8},"end":{"line":69,"column":9}},"19":{"start":{"line":68,"column":12},"end":{"line":68,"column":42}},"20":{"start":{"line":72,"column":4},"end":{"line":72,"column":21}},"21":{"start":{"line":75,"column":0},"end":{"line":80,"column":2}}},"fnMap":{"0":{"name":"formatDate","decl":{"start":{"line":11,"column":9},"end":{"line":11,"column":19}},"loc":{"start":{"line":11,"column":39},"end":{"line":13,"column":1}},"line":11},"1":{"name":"formatBytes","decl":{"start":{"line":20,"column":9},"end":{"line":20,"column":20}},"loc":{"start":{"line":20,"column":28},"end":{"line":30,"column":1}},"line":20},"2":{"name":"formatDuration","decl":{"start":{"line":37,"column":9},"end":{"line":37,"column":23}},"loc":{"start":{"line":37,"column":33},"end":{"line":49,"column":1}},"line":37},"3":{"name":"sanitizeHeaders","decl":{"start":{"line":56,"column":9},"end":{"line":56,"column":24}},"loc":{"start":{"line":56,"column":34},"end":{"line":73,"column":1}},"line":56},"4":{"name":"(anonymous_4)","decl":{"start":{"line":66,"column":26},"end":{"line":66,"column":27}},"loc":{"start":{"line":66,"column":33},"end":{"line":70,"column":5}},"line":66}},"branchMap":{"0":{"loc":{"start":{"line":11,"column":20},"end":{"line":11,"column":37}},"type":"default-arg","locations":[{"start":{"line":11,"column":27},"end":{"line":11,"column":37}}],"line":11},"1":{"loc":{"start":{"line":21,"column":4},"end":{"line":23,"column":5}},"type":"if","locations":[{"start":{"line":21,"column":4},"end":{"line":23,"column":5}},{"start":{},"end":{}}],"line":21},"2":{"loc":{"start":{"line":42,"column":4},"end":{"line":44,"column":5}},"type":"if","locations":[{"start":{"line":42,"column":4},"end":{"line":44,"column":5}},{"start":{},"end":{}}],"line":42},"3":{"loc":{"start":{"line":45,"column":4},"end":{"line":47,"column":5}},"type":"if","locations":[{"start":{"line":45,"column":4},"end":{"line":47,"column":5}},{"start":{},"end":{}}],"line":45},"4":{"loc":{"start":{"line":67,"column":8},"end":{"line":69,"column":9}},"type":"if","locations":[{"start":{"line":67,"column":8},"end":{"line":69,"column":9}},{"start":{},"end":{}}],"line":67}},"s":{"0":0,"1":0,"2":0,"3":0,"4":0,"5":0,"6":0,"7":0,"8":0,"9":0,"10":0,"11":0,"12":0,"13":0,"14":0,"15":0,"16":0,"17":0,"18":0,"19":0,"20":0,"21":0},"f":{"0":0,"1":0,"2":0,"3":0,"4":0},"b":{"0":[0],"1":[0,0],"2":[0,0],"3":[0,0],"4":[0,0]}}
}
