TN:
SF:backend\osAbstraction.js
FN:42,_loadConfigWithPriority
FN:67,(anonymous_1)
FN:103,_constructPaths
FN:127,_ensureExecutablePermissions
FN:156,_validateBinaries
FN:190,_killProcessWindows
FN:191,(anonymous_6)
FN:192,(anonymous_7)
FN:204,(anonymous_8)
FN:218,(anonymous_9)
FN:219,(anonymous_10)
FN:242,_killProcessLinux
FN:243,(anonymous_12)
FN:244,(anonymous_13)
FN:252,(anonymous_14)
FN:262,(anonymous_15)
FN:263,(anonymous_16)
FN:291,init
FN:329,getServerExecutable
FN:340,buildLaunchArgs
FN:364,getUpdateScript
FN:376,killProcessByPort
FN:396,getPlatform
FN:407,getServerRootPath
FN:418,getConfig
FN:429,isReady
FNF:26
FNH:0
FNDA:0,_loadConfigWithPriority
FNDA:0,(anonymous_1)
FNDA:0,_constructPaths
FNDA:0,_ensureExecutablePermissions
FNDA:0,_validateBinaries
FNDA:0,_killProcessWindows
FNDA:0,(anonymous_6)
FNDA:0,(anonymous_7)
FNDA:0,(anonymous_8)
FNDA:0,(anonymous_9)
FNDA:0,(anonymous_10)
FNDA:0,_killProcessLinux
FNDA:0,(anonymous_12)
FNDA:0,(anonymous_13)
FNDA:0,(anonymous_14)
FNDA:0,(anonymous_15)
FNDA:0,(anonymous_16)
FNDA:0,init
FNDA:0,getServerExecutable
FNDA:0,buildLaunchArgs
FNDA:0,getUpdateScript
FNDA:0,killProcessByPort
FNDA:0,getPlatform
FNDA:0,getServerRootPath
FNDA:0,getConfig
FNDA:0,isReady
DA:18,0
DA:19,0
DA:20,0
DA:21,0
DA:27,0
DA:28,0
DA:29,0
DA:30,0
DA:31,0
DA:32,0
DA:43,0
DA:46,0
DA:47,0
DA:48,0
DA:49,0
DA:50,0
DA:51,0
DA:54,0
DA:58,0
DA:65,0
DA:67,0
DA:71,0
DA:72,0
DA:73,0
DA:74,0
DA:75,0
DA:77,0
DA:79,0
DA:82,0
DA:83,0
DA:86,0
DA:87,0
DA:90,0
DA:91,0
DA:94,0
DA:96,0
DA:104,0
DA:110,0
DA:111,0
DA:112,0
DA:113,0
DA:114,0
DA:115,0
DA:117,0
DA:120,0
DA:128,0
DA:129,0
DA:132,0
DA:133,0
DA:134,0
DA:136,0
DA:138,0
DA:139,0
DA:140,0
DA:142,0
DA:146,0
DA:147,0
DA:157,0
DA:160,0
DA:161,0
DA:162,0
DA:164,0
DA:167,0
DA:168,0
DA:169,0
DA:171,0
DA:175,0
DA:176,0
DA:177,0
DA:179,0
DA:183,0
DA:191,0
DA:192,0
DA:193,0
DA:194,0
DA:195,0
DA:196,0
DA:199,0
DA:200,0
DA:201,0
DA:202,0
DA:204,0
DA:205,0
DA:206,0
DA:207,0
DA:208,0
DA:212,0
DA:213,0
DA:214,0
DA:217,0
DA:218,0
DA:219,0
DA:220,0
DA:221,0
DA:222,0
DA:224,0
DA:225,0
DA:226,0
DA:231,0
DA:232,0
DA:243,0
DA:244,0
DA:245,0
DA:246,0
DA:247,0
DA:248,0
DA:251,0
DA:252,0
DA:254,0
DA:255,0
DA:256,0
DA:259,0
DA:260,0
DA:262,0
DA:263,0
DA:264,0
DA:265,0
DA:266,0
DA:268,0
DA:269,0
DA:270,0
DA:275,0
DA:276,0
DA:292,0
DA:295,0
DA:296,0
DA:299,0
DA:300,0
DA:301,0
DA:304,0
DA:305,0
DA:306,0
DA:309,0
DA:311,0
DA:312,0
DA:315,0
DA:316,0
DA:320,0
DA:321,0
DA:322,0
DA:330,0
DA:331,0
DA:333,0
DA:341,0
DA:342,0
DA:345,0
DA:352,0
DA:353,0
DA:356,0
DA:357,0
DA:365,0
DA:366,0
DA:368,0
DA:377,0
DA:378,0
DA:381,0
DA:383,0
DA:384,0
DA:385,0
DA:386,0
DA:388,0
DA:397,0
DA:398,0
DA:400,0
DA:408,0
DA:409,0
DA:411,0
DA:419,0
DA:420,0
DA:422,0
DA:430,0
DA:437,0
LF:172
LH:0
BRDA:48,0,0,0
BRDA:48,0,1,0
BRDA:61,1,0,0
BRDA:61,1,1,0
BRDA:71,2,0,0
BRDA:71,2,1,0
BRDA:72,3,0,0
BRDA:72,3,1,0
BRDA:74,4,0,0
BRDA:74,4,1,0
BRDA:82,5,0,0
BRDA:82,5,1,0
BRDA:86,6,0,0
BRDA:86,6,1,0
BRDA:90,7,0,0
BRDA:90,7,1,0
BRDA:110,8,0,0
BRDA:110,8,1,0
BRDA:113,9,0,0
BRDA:113,9,1,0
BRDA:128,10,0,0
BRDA:128,10,1,0
BRDA:133,11,0,0
BRDA:133,11,1,0
BRDA:138,12,0,0
BRDA:138,12,1,0
BRDA:160,13,0,0
BRDA:160,13,1,0
BRDA:167,14,0,0
BRDA:167,14,1,0
BRDA:175,15,0,0
BRDA:175,15,1,0
BRDA:193,16,0,0
BRDA:193,16,1,0
BRDA:193,17,0,0
BRDA:193,17,1,0
BRDA:207,18,0,0
BRDA:207,18,1,0
BRDA:207,19,0,0
BRDA:207,19,1,0
BRDA:212,20,0,0
BRDA:212,20,1,0
BRDA:220,21,0,0
BRDA:220,21,1,0
BRDA:225,22,0,0
BRDA:225,22,1,0
BRDA:245,23,0,0
BRDA:245,23,1,0
BRDA:245,24,0,0
BRDA:245,24,1,0
BRDA:254,25,0,0
BRDA:254,25,1,0
BRDA:264,26,0,0
BRDA:264,26,1,0
BRDA:269,27,0,0
BRDA:269,27,1,0
BRDA:291,28,0,0
BRDA:311,29,0,0
BRDA:311,29,1,0
BRDA:330,30,0,0
BRDA:330,30,1,0
BRDA:341,31,0,0
BRDA:341,31,1,0
BRDA:352,32,0,0
BRDA:352,32,1,0
BRDA:352,33,0,0
BRDA:352,33,1,0
BRDA:365,34,0,0
BRDA:365,34,1,0
BRDA:377,35,0,0
BRDA:377,35,1,0
BRDA:383,36,0,0
BRDA:383,36,1,0
BRDA:385,37,0,0
BRDA:385,37,1,0
BRDA:397,38,0,0
BRDA:397,38,1,0
BRDA:408,39,0,0
BRDA:408,39,1,0
BRDA:419,40,0,0
BRDA:419,40,1,0
BRF:81
BRH:0
end_of_record
TN:
SF:backend\config\index.js
FN:75,validateConfig
FN:88,(anonymous_1)
FNF:2
FNH:0
FNDA:0,validateConfig
FNDA:0,(anonymous_1)
DA:6,1
DA:8,1
DA:13,1
DA:22,1
DA:33,1
DA:41,1
DA:49,1
DA:56,1
DA:76,0
DA:78,0
DA:79,0
DA:82,0
DA:83,0
DA:86,0
DA:87,0
DA:88,0
DA:89,0
DA:90,0
DA:98,1
LF:19
LH:9
BRDA:14,0,0,1
BRDA:14,0,1,0
BRDA:15,1,0,1
BRDA:15,1,1,0
BRDA:16,2,0,1
BRDA:16,2,1,0
BRDA:23,3,0,1
BRDA:23,3,1,0
BRDA:24,4,0,1
BRDA:24,4,1,0
BRDA:34,5,0,1
BRDA:34,5,1,0
BRDA:42,6,0,1
BRDA:42,6,1,0
BRDA:43,7,0,1
BRDA:43,7,1,0
BRDA:50,8,0,1
BRDA:50,8,1,0
BRDA:78,9,0,0
BRDA:78,9,1,0
BRDA:78,10,0,0
BRDA:78,10,1,0
BRDA:82,11,0,0
BRDA:82,11,1,0
BRDA:86,12,0,0
BRDA:86,12,1,0
BRDA:89,13,0,0
BRDA:89,13,1,0
BRF:28
BRH:9
end_of_record
TN:
SF:backend\controllers\admin.controller.js
FN:18,(anonymous_0)
FN:49,(anonymous_1)
FN:83,(anonymous_2)
FN:117,(anonymous_3)
FN:150,(anonymous_4)
FN:166,(anonymous_5)
FN:184,(anonymous_6)
FN:218,(anonymous_7)
FN:231,(anonymous_8)
FN:232,(anonymous_9)
FN:251,(anonymous_10)
FN:278,(anonymous_11)
FNF:12
FNH:0
FNDA:0,(anonymous_0)
FNDA:0,(anonymous_1)
FNDA:0,(anonymous_2)
FNDA:0,(anonymous_3)
FNDA:0,(anonymous_4)
FNDA:0,(anonymous_5)
FNDA:0,(anonymous_6)
FNDA:0,(anonymous_7)
FNDA:0,(anonymous_8)
FNDA:0,(anonymous_9)
FNDA:0,(anonymous_10)
FNDA:0,(anonymous_11)
DA:8,1
DA:9,1
DA:10,1
DA:11,1
DA:19,0
DA:20,0
DA:22,0
DA:23,0
DA:28,0
DA:32,0
DA:34,0
DA:39,0
DA:50,0
DA:51,0
DA:55,0
DA:59,0
DA:64,0
DA:69,0
DA:73,0
DA:84,0
DA:85,0
DA:89,0
DA:93,0
DA:98,0
DA:103,0
DA:107,0
DA:118,0
DA:119,0
DA:121,0
DA:122,0
DA:127,0
DA:129,0
DA:134,0
DA:136,0
DA:140,0
DA:151,0
DA:152,0
DA:154,0
DA:156,0
DA:167,0
DA:168,0
DA:170,0
DA:172,0
DA:174,0
DA:185,0
DA:186,0
DA:188,0
DA:193,0
DA:197,0
DA:202,0
DA:204,0
DA:208,0
DA:219,0
DA:220,0
DA:225,0
DA:231,0
DA:232,0
DA:233,0
DA:237,0
DA:241,0
DA:252,0
DA:253,0
DA:254,0
DA:256,0
DA:268,0
DA:279,0
DA:280,0
DA:281,0
DA:283,0
DA:292,0
DA:299,1
LF:71
LH:5
BRDA:22,0,0,0
BRDA:22,0,1,0
BRDA:121,1,0,0
BRDA:121,1,1,0
BRDA:121,2,0,0
BRDA:121,2,1,0
BRDA:170,3,0,0
BRDA:170,3,1,0
BRDA:190,4,0,0
BRDA:190,4,1,0
BRDA:194,5,0,0
BRDA:194,5,1,0
BRDA:285,6,0,0
BRDA:285,6,1,0
BRF:14
BRH:0
end_of_record
TN:
SF:backend\controllers\arma-logs.controller.js
FN:22,(anonymous_0)
FN:80,(anonymous_1)
FN:120,(anonymous_2)
FN:143,(anonymous_3)
FN:172,(anonymous_4)
FNF:5
FNH:0
FNDA:0,(anonymous_0)
FNDA:0,(anonymous_1)
FNDA:0,(anonymous_2)
FNDA:0,(anonymous_3)
FNDA:0,(anonymous_4)
DA:11,1
DA:12,1
DA:23,0
DA:24,0
DA:25,0
DA:28,0
DA:29,0
DA:37,0
DA:39,0
DA:40,0
DA:45,0
DA:51,0
DA:53,0
DA:63,0
DA:64,0
DA:81,0
DA:82,0
DA:83,0
DA:86,0
DA:87,0
DA:94,0
DA:95,0
DA:99,0
DA:108,0
DA:109,0
DA:121,0
DA:122,0
DA:123,0
DA:131,0
DA:132,0
DA:144,0
DA:145,0
DA:147,0
DA:148,0
DA:154,0
DA:155,0
DA:160,0
DA:161,0
DA:173,0
DA:174,0
DA:176,0
DA:177,0
DA:183,0
DA:184,0
DA:189,0
DA:190,0
DA:198,1
LF:47
LH:3
BRDA:25,0,0,0
BRDA:28,1,0,0
BRDA:28,1,1,0
BRDA:28,2,0,0
BRDA:28,2,1,0
BRDA:37,3,0,0
BRDA:37,3,1,0
BRDA:39,4,0,0
BRDA:39,4,1,0
BRDA:83,5,0,0
BRDA:86,6,0,0
BRDA:86,6,1,0
BRDA:86,7,0,0
BRDA:86,7,1,0
BRDA:94,8,0,0
BRDA:94,8,1,0
BRDA:147,9,0,0
BRDA:147,9,1,0
BRDA:147,10,0,0
BRDA:147,10,1,0
BRDA:176,11,0,0
BRDA:176,11,1,0
BRDA:176,12,0,0
BRDA:176,12,1,0
BRF:24
BRH:0
end_of_record
TN:
SF:backend\controllers\arma-server.controller.js
FN:31,(anonymous_0)
FN:94,(anonymous_1)
FN:124,(anonymous_2)
FN:146,(anonymous_3)
FN:190,(anonymous_4)
FN:231,(anonymous_5)
FN:261,(anonymous_6)
FN:301,(anonymous_7)
FNF:8
FNH:0
FNDA:0,(anonymous_0)
FNDA:0,(anonymous_1)
FNDA:0,(anonymous_2)
FNDA:0,(anonymous_3)
FNDA:0,(anonymous_4)
FNDA:0,(anonymous_5)
FNDA:0,(anonymous_6)
FNDA:0,(anonymous_7)
DA:14,1
DA:15,1
DA:16,1
DA:17,1
DA:32,0
DA:33,0
DA:36,0
DA:37,0
DA:41,0
DA:47,0
DA:48,0
DA:53,0
DA:59,0
DA:60,0
DA:66,0
DA:71,0
DA:78,0
DA:80,0
DA:84,0
DA:95,0
DA:96,0
DA:98,0
DA:99,0
DA:104,0
DA:106,0
DA:107,0
DA:112,0
DA:114,0
DA:125,0
DA:126,0
DA:128,0
DA:136,0
DA:147,0
DA:148,0
DA:150,0
DA:151,0
DA:156,0
DA:157,0
DA:162,0
DA:167,0
DA:173,0
DA:175,0
DA:180,0
DA:191,0
DA:192,0
DA:193,0
DA:195,0
DA:196,0
DA:201,0
DA:202,0
DA:207,0
DA:209,0
DA:214,0
DA:216,0
DA:221,0
DA:232,0
DA:233,0
DA:235,0
DA:236,0
DA:241,0
DA:243,0
DA:244,0
DA:249,0
DA:251,0
DA:262,0
DA:263,0
DA:265,0
DA:266,0
DA:271,0
DA:272,0
DA:277,0
DA:279,0
DA:284,0
DA:286,0
DA:291,0
DA:302,0
DA:303,0
DA:304,0
DA:306,0
DA:315,0
DA:322,1
LF:81
LH:5
BRDA:36,0,0,0
BRDA:36,0,1,0
BRDA:36,1,0,0
BRDA:36,1,1,0
BRDA:47,2,0,0
BRDA:47,2,1,0
BRDA:47,3,0,0
BRDA:47,3,1,0
BRDA:59,4,0,0
BRDA:59,4,1,0
BRDA:74,5,0,0
BRDA:74,5,1,0
BRDA:98,6,0,0
BRDA:98,6,1,0
BRDA:106,7,0,0
BRDA:106,7,1,0
BRDA:150,8,0,0
BRDA:150,8,1,0
BRDA:156,9,0,0
BRDA:156,9,1,0
BRDA:195,10,0,0
BRDA:195,10,1,0
BRDA:195,11,0,0
BRDA:195,11,1,0
BRDA:201,12,0,0
BRDA:201,12,1,0
BRDA:235,13,0,0
BRDA:235,13,1,0
BRDA:243,14,0,0
BRDA:243,14,1,0
BRDA:265,15,0,0
BRDA:265,15,1,0
BRDA:271,16,0,0
BRDA:271,16,1,0
BRDA:312,17,0,0
BRDA:312,17,1,0
BRF:36
BRH:0
end_of_record
TN:
SF:backend\controllers\auth.controller.js
FN:23,login
FN:66,register
FN:113,getMe
FN:146,changePassword
FN:187,_logAudit
FNF:5
FNH:4
FNDA:4,login
FNDA:3,register
FNDA:1,getMe
FNDA:0,changePassword
FNDA:2,_logAudit
DA:12,1
DA:13,1
DA:14,1
DA:24,4
DA:25,4
DA:27,4
DA:28,0
DA:34,4
DA:36,4
DA:37,2
DA:43,2
DA:52,0
DA:53,0
DA:67,3
DA:68,3
DA:70,3
DA:71,1
DA:77,2
DA:79,2
DA:80,0
DA:87,2
DA:91,2
DA:100,0
DA:101,0
DA:114,1
DA:115,1
DA:120,1
DA:121,0
DA:127,1
DA:132,0
DA:133,0
DA:147,0
DA:148,0
DA:150,0
DA:151,0
DA:157,0
DA:159,0
DA:160,0
DA:167,0
DA:169,0
DA:174,0
DA:175,0
DA:188,2
DA:189,2
DA:201,2
DA:205,1
LF:46
LH:26
BRDA:27,0,0,0
BRDA:27,0,1,4
BRDA:27,1,0,4
BRDA:27,1,1,4
BRDA:36,2,0,2
BRDA:36,2,1,2
BRDA:68,3,0,1
BRDA:70,4,0,1
BRDA:70,4,1,2
BRDA:70,5,0,3
BRDA:70,5,1,3
BRDA:79,6,0,0
BRDA:79,6,1,2
BRDA:120,7,0,0
BRDA:120,7,1,1
BRDA:150,8,0,0
BRDA:150,8,1,0
BRDA:150,9,0,0
BRDA:150,9,1,0
BRDA:159,10,0,0
BRDA:159,10,1,0
BRF:21
BRH:12
end_of_record
TN:
SF:backend\controllers\log.controller.js
FN:16,(anonymous_0)
FN:42,(anonymous_1)
FN:77,(anonymous_2)
FN:112,(anonymous_3)
FN:147,(anonymous_4)
FN:163,(anonymous_5)
FN:188,(anonymous_6)
FN:223,(anonymous_7)
FNF:8
FNH:0
FNDA:0,(anonymous_0)
FNDA:0,(anonymous_1)
FNDA:0,(anonymous_2)
FNDA:0,(anonymous_3)
FNDA:0,(anonymous_4)
FNDA:0,(anonymous_5)
FNDA:0,(anonymous_6)
FNDA:0,(anonymous_7)
DA:8,1
DA:9,1
DA:17,0
DA:18,0
DA:19,0
DA:21,0
DA:23,0
DA:32,0
DA:43,0
DA:44,0
DA:46,0
DA:47,0
DA:52,0
DA:57,0
DA:67,0
DA:78,0
DA:79,0
DA:80,0
DA:82,0
DA:83,0
DA:88,0
DA:93,0
DA:102,0
DA:113,0
DA:114,0
DA:115,0
DA:117,0
DA:118,0
DA:123,0
DA:128,0
DA:137,0
DA:148,0
DA:149,0
DA:151,0
DA:153,0
DA:164,0
DA:165,0
DA:167,0
DA:172,0
DA:174,0
DA:178,0
DA:189,0
DA:190,0
DA:192,0
DA:193,0
DA:198,0
DA:203,0
DA:204,0
DA:205,0
DA:207,0
DA:208,0
DA:211,0
DA:213,0
DA:224,0
DA:226,0
DA:228,0
DA:229,0
DA:238,0
DA:243,0
DA:245,0
DA:250,0
DA:254,0
DA:261,1
LF:63
LH:3
BRDA:18,0,0,0
BRDA:19,1,0,0
BRDA:19,1,1,0
BRDA:44,2,0,0
BRDA:44,3,0,0
BRDA:46,4,0,0
BRDA:46,4,1,0
BRDA:54,5,0,0
BRDA:54,5,1,0
BRDA:80,6,0,0
BRDA:82,7,0,0
BRDA:82,7,1,0
BRDA:90,8,0,0
BRDA:90,8,1,0
BRDA:115,9,0,0
BRDA:117,10,0,0
BRDA:117,10,1,0
BRDA:125,11,0,0
BRDA:125,11,1,0
BRDA:190,12,0,0
BRDA:190,13,0,0
BRDA:192,14,0,0
BRDA:192,14,1,0
BRDA:200,15,0,0
BRDA:200,15,1,0
BRDA:203,16,0,0
BRDA:203,16,1,0
BRDA:228,17,0,0
BRDA:228,17,1,0
BRF:29
BRH:0
end_of_record
TN:
SF:backend\controllers\presets.controller.js
FN:17,(anonymous_0)
FN:36,(anonymous_1)
FN:65,(anonymous_2)
FN:105,(anonymous_3)
FN:144,(anonymous_4)
FN:178,(anonymous_5)
FN:211,(anonymous_6)
FN:237,(anonymous_7)
FN:264,(anonymous_8)
FN:280,(anonymous_9)
FNF:10
FNH:0
FNDA:0,(anonymous_0)
FNDA:0,(anonymous_1)
FNDA:0,(anonymous_2)
FNDA:0,(anonymous_3)
FNDA:0,(anonymous_4)
FNDA:0,(anonymous_5)
FNDA:0,(anonymous_6)
FNDA:0,(anonymous_7)
FNDA:0,(anonymous_8)
FNDA:0,(anonymous_9)
DA:8,1
DA:9,1
DA:10,1
DA:18,0
DA:19,0
DA:21,0
DA:26,0
DA:37,0
DA:38,0
DA:40,0
DA:41,0
DA:46,0
DA:48,0
DA:50,0
DA:51,0
DA:55,0
DA:66,0
DA:67,0
DA:69,0
DA:70,0
DA:75,0
DA:79,0
DA:84,0
DA:86,0
DA:87,0
DA:91,0
DA:95,0
DA:106,0
DA:107,0
DA:109,0
DA:110,0
DA:115,0
DA:117,0
DA:122,0
DA:124,0
DA:125,0
DA:129,0
DA:134,0
DA:145,0
DA:146,0
DA:148,0
DA:149,0
DA:154,0
DA:156,0
DA:162,0
DA:164,0
DA:168,0
DA:179,0
DA:180,0
DA:182,0
DA:183,0
DA:188,0
DA:190,0
DA:195,0
DA:197,0
DA:201,0
DA:212,0
DA:213,0
DA:215,0
DA:216,0
DA:221,0
DA:223,0
DA:224,0
DA:225,0
DA:227,0
DA:238,0
DA:239,0
DA:241,0
DA:242,0
DA:247,0
DA:249,0
DA:254,0
DA:265,0
DA:266,0
DA:268,0
DA:270,0
DA:281,0
DA:282,0
DA:284,0
DA:286,0
DA:293,1
LF:81
LH:4
BRDA:40,0,0,0
BRDA:40,0,1,0
BRDA:50,1,0,0
BRDA:50,1,1,0
BRDA:69,2,0,0
BRDA:69,2,1,0
BRDA:69,3,0,0
BRDA:69,3,1,0
BRDA:86,4,0,0
BRDA:86,4,1,0
BRDA:109,5,0,0
BRDA:109,5,1,0
BRDA:124,6,0,0
BRDA:124,6,1,0
BRDA:148,7,0,0
BRDA:148,7,1,0
BRDA:148,8,0,0
BRDA:148,8,1,0
BRDA:182,9,0,0
BRDA:182,9,1,0
BRDA:182,10,0,0
BRDA:182,10,1,0
BRDA:215,11,0,0
BRDA:215,11,1,0
BRDA:241,12,0,0
BRDA:241,12,1,0
BRF:26
BRH:0
end_of_record
TN:
SF:backend\controllers\server-management.controller.js
FN:30,listServers
FN:65,getServer
FN:100,createServer
FN:144,updateServer
FN:195,deleteServer
FN:229,lockServer
FN:261,unlockServer
FNF:7
FNH:2
FNDA:1,listServers
FNDA:0,getServer
FNDA:1,createServer
FNDA:0,updateServer
FNDA:0,deleteServer
FNDA:0,lockServer
FNDA:0,unlockServer
DA:17,1
DA:18,1
DA:31,1
DA:32,1
DA:35,1
DA:36,1
DA:37,0
DA:40,1
DA:47,1
DA:48,0
DA:51,1
DA:56,0
DA:57,0
DA:66,0
DA:67,0
DA:69,0
DA:70,0
DA:73,0
DA:75,0
DA:76,0
DA:80,0
DA:81,0
DA:84,0
DA:86,0
DA:87,0
DA:101,1
DA:102,1
DA:105,1
DA:106,0
DA:109,1
DA:110,0
DA:114,1
DA:116,1
DA:124,1
DA:125,1
DA:128,0
DA:133,0
DA:134,0
DA:145,0
DA:146,0
DA:147,0
DA:149,0
DA:150,0
DA:153,0
DA:154,0
DA:156,0
DA:157,0
DA:161,0
DA:162,0
DA:166,0
DA:167,0
DA:170,0
DA:176,0
DA:177,0
DA:180,0
DA:182,0
DA:183,0
DA:196,0
DA:197,0
DA:199,0
DA:200,0
DA:203,0
DA:206,0
DA:207,0
DA:210,0
DA:212,0
DA:213,0
DA:216,0
DA:218,0
DA:219,0
DA:230,0
DA:231,0
DA:233,0
DA:234,0
DA:237,0
DA:240,0
DA:241,0
DA:244,0
DA:246,0
DA:247,0
DA:250,0
DA:252,0
DA:253,0
DA:262,0
DA:263,0
DA:265,0
DA:266,0
DA:269,0
DA:272,0
DA:273,0
DA:276,0
DA:278,0
DA:279,0
DA:282,0
DA:284,0
DA:285,0
DA:289,1
LF:97
LH:18
BRDA:32,0,0,1
BRDA:32,1,0,1
BRDA:36,2,0,0
BRDA:36,2,1,1
BRDA:36,3,0,1
BRDA:36,3,1,0
BRDA:41,4,0,0
BRDA:41,4,1,1
BRDA:42,5,0,0
BRDA:42,5,1,1
BRDA:47,6,0,0
BRDA:47,6,1,1
BRDA:69,7,0,0
BRDA:69,7,1,0
BRDA:69,8,0,0
BRDA:69,8,1,0
BRDA:75,9,0,0
BRDA:75,9,1,0
BRDA:80,10,0,0
BRDA:80,10,1,0
BRDA:80,11,0,0
BRDA:80,11,1,0
BRDA:105,12,0,0
BRDA:105,12,1,1
BRDA:105,13,0,1
BRDA:105,13,1,1
BRDA:109,14,0,0
BRDA:109,14,1,1
BRDA:109,15,0,1
BRDA:109,15,1,1
BRDA:109,15,2,1
BRDA:120,16,0,1
BRDA:120,16,1,0
BRDA:121,17,0,1
BRDA:121,17,1,0
BRDA:124,18,0,1
BRDA:124,18,1,0
BRDA:149,19,0,0
BRDA:149,19,1,0
BRDA:149,20,0,0
BRDA:149,20,1,0
BRDA:156,21,0,0
BRDA:156,21,1,0
BRDA:161,22,0,0
BRDA:161,22,1,0
BRDA:166,23,0,0
BRDA:166,23,1,0
BRDA:176,24,0,0
BRDA:176,24,1,0
BRDA:199,25,0,0
BRDA:199,25,1,0
BRDA:199,26,0,0
BRDA:199,26,1,0
BRDA:206,27,0,0
BRDA:206,27,1,0
BRDA:212,28,0,0
BRDA:212,28,1,0
BRDA:233,29,0,0
BRDA:233,29,1,0
BRDA:233,30,0,0
BRDA:233,30,1,0
BRDA:240,31,0,0
BRDA:240,31,1,0
BRDA:246,32,0,0
BRDA:246,32,1,0
BRDA:265,33,0,0
BRDA:265,33,1,0
BRDA:265,34,0,0
BRDA:265,34,1,0
BRDA:272,35,0,0
BRDA:272,35,1,0
BRDA:278,36,0,0
BRDA:278,36,1,0
BRF:73
BRH:17
end_of_record
TN:
SF:backend\controllers\update.controller.js
FN:18,(anonymous_0)
FN:73,(anonymous_1)
FN:120,(anonymous_2)
FN:142,(anonymous_3)
FNF:4
FNH:0
FNDA:0,(anonymous_0)
FNDA:0,(anonymous_1)
FNDA:0,(anonymous_2)
FNDA:0,(anonymous_3)
DA:8,1
DA:9,1
DA:10,1
DA:11,1
DA:19,0
DA:20,0
DA:22,0
DA:23,0
DA:28,0
DA:29,0
DA:30,0
DA:32,0
DA:33,0
DA:38,0
DA:45,0
DA:51,0
DA:57,0
DA:59,0
DA:63,0
DA:74,0
DA:75,0
DA:77,0
DA:78,0
DA:83,0
DA:84,0
DA:86,0
DA:87,0
DA:92,0
DA:93,0
DA:94,0
DA:96,0
DA:101,0
DA:110,0
DA:121,0
DA:122,0
DA:124,0
DA:132,0
DA:143,0
DA:144,0
DA:146,0
DA:147,0
DA:152,0
DA:154,0
DA:161,0
DA:166,0
DA:173,1
LF:46
LH:5
BRDA:22,0,0,0
BRDA:22,0,1,0
BRDA:32,1,0,0
BRDA:32,1,1,0
BRDA:32,2,0,0
BRDA:32,2,1,0
BRDA:77,3,0,0
BRDA:77,3,1,0
BRDA:86,4,0,0
BRDA:86,4,1,0
BRDA:107,5,0,0
BRDA:107,5,1,0
BRDA:146,6,0,0
BRDA:146,6,1,0
BRDA:146,7,0,0
BRDA:146,7,1,0
BRDA:163,8,0,0
BRDA:163,8,1,0
BRF:18
BRH:0
end_of_record
TN:
SF:backend\controllers\user.controller.js
FN:22,listUsers
FN:50,getUser
FN:76,deleteUser
FN:107,changeUserRole
FN:143,updateUserStatus
FNF:5
FNH:3
FNDA:5,listUsers
FNDA:1,getUser
FNDA:0,deleteUser
FNDA:1,changeUserRole
FNDA:0,updateUserStatus
DA:13,1
DA:14,1
DA:23,5
DA:24,5
DA:26,5
DA:34,5
DA:35,0
DA:38,5
DA:40,0
DA:41,0
DA:51,1
DA:52,1
DA:54,1
DA:55,0
DA:58,1
DA:60,1
DA:61,1
DA:64,0
DA:66,0
DA:67,0
DA:77,0
DA:78,0
DA:80,0
DA:81,0
DA:84,0
DA:85,0
DA:88,0
DA:90,0
DA:91,0
DA:94,0
DA:96,0
DA:97,0
DA:108,1
DA:109,1
DA:110,1
DA:112,1
DA:113,0
DA:116,1
DA:117,0
DA:120,1
DA:121,0
DA:124,1
DA:126,1
DA:127,0
DA:130,1
DA:132,0
DA:133,0
DA:144,0
DA:145,0
DA:146,0
DA:148,0
DA:149,0
DA:152,0
DA:153,0
DA:156,0
DA:157,0
DA:160,0
DA:162,0
DA:163,0
DA:166,0
DA:168,0
DA:169,0
DA:173,1
LF:63
LH:23
BRDA:24,0,0,5
BRDA:24,1,0,5
BRDA:24,2,0,5
BRDA:24,3,0,5
BRDA:24,4,0,5
BRDA:28,5,0,0
BRDA:28,5,1,5
BRDA:29,6,0,5
BRDA:29,6,1,0
BRDA:34,7,0,0
BRDA:34,7,1,5
BRDA:54,8,0,0
BRDA:54,8,1,1
BRDA:54,9,0,1
BRDA:54,9,1,1
BRDA:60,10,0,1
BRDA:60,10,1,0
BRDA:80,11,0,0
BRDA:80,11,1,0
BRDA:80,12,0,0
BRDA:80,12,1,0
BRDA:84,13,0,0
BRDA:84,13,1,0
BRDA:90,14,0,0
BRDA:90,14,1,0
BRDA:112,15,0,0
BRDA:112,15,1,1
BRDA:112,16,0,1
BRDA:112,16,1,1
BRDA:116,17,0,0
BRDA:116,17,1,1
BRDA:120,18,0,0
BRDA:120,18,1,1
BRDA:126,19,0,0
BRDA:126,19,1,1
BRDA:148,20,0,0
BRDA:148,20,1,0
BRDA:148,21,0,0
BRDA:148,21,1,0
BRDA:152,22,0,0
BRDA:152,22,1,0
BRDA:152,23,0,0
BRDA:152,23,1,0
BRDA:156,24,0,0
BRDA:156,24,1,0
BRDA:162,25,0,0
BRDA:162,25,1,0
BRF:47
BRH:18
end_of_record
TN:
SF:backend\db\database.js
FN:13,(anonymous_0)
FN:22,(anonymous_1)
FN:47,runMigrations
FN:130,createDefaultAdmin
FN:159,initDatabase
FNF:5
FNH:5
FNDA:2,(anonymous_0)
FNDA:31,(anonymous_1)
FNDA:1,runMigrations
FNDA:1,createDefaultAdmin
FNDA:1,initDatabase
DA:6,1
DA:7,1
DA:8,1
DA:10,1
DA:13,1
DA:14,2
DA:15,2
DA:17,0
DA:18,0
DA:22,1
DA:23,31
DA:25,1
DA:28,1
DA:29,1
DA:30,0
DA:31,0
DA:35,1
DA:38,1
DA:39,1
DA:41,1
DA:48,1
DA:49,1
DA:52,1
DA:69,1
DA:91,1
DA:107,1
DA:124,1
DA:131,1
DA:133,1
DA:134,1
DA:136,1
DA:137,1
DA:138,1
DA:139,1
DA:141,1
DA:146,1
DA:147,1
DA:150,0
DA:151,0
DA:160,1
DA:161,1
DA:162,1
DA:163,1
DA:164,1
DA:165,1
DA:166,1
DA:168,0
DA:169,0
DA:173,1
LF:49
LH:41
BRDA:14,0,0,2
BRDA:14,0,1,0
BRDA:23,1,0,30
BRDA:23,1,1,1
BRDA:29,2,0,0
BRDA:29,2,1,1
BRDA:136,3,0,1
BRDA:136,3,1,0
BRDA:150,4,0,0
BRDA:150,4,1,0
BRF:10
BRH:5
end_of_record
TN:
SF:backend\middleware\auth.middleware.js
FN:14,loadCurrentUser
FN:33,authMiddleware
FNF:2
FNH:0
FNDA:0,loadCurrentUser
FNDA:0,authMiddleware
DA:6,0
DA:7,0
DA:8,0
DA:15,0
DA:16,0
DA:17,0
DA:18,0
DA:20,0
DA:21,0
DA:23,0
DA:34,0
DA:35,0
DA:37,0
DA:42,0
DA:43,0
DA:46,0
DA:47,0
DA:56,0
LF:18
LH:0
BRDA:17,0,0,0
BRDA:17,0,1,0
BRDA:37,1,0,0
BRDA:37,1,1,0
BRDA:38,2,0,0
BRDA:38,2,1,0
BRDA:38,2,2,0
BRF:7
BRH:0
end_of_record
TN:
SF:backend\middleware\error.middleware.js
FN:16,errorMiddleware
FNF:1
FNH:0
FNDA:0,errorMiddleware
DA:6,0
DA:18,0
DA:19,0
DA:20,0
DA:23,0
DA:24,0
DA:27,0
DA:36,0
LF:8
LH:0
BRDA:23,0,0,0
BRDA:23,0,1,0
BRDA:23,0,2,0
BRDA:24,1,0,0
BRDA:24,1,1,0
BRDA:29,2,0,0
BRDA:29,2,1,0
BRDA:31,3,0,0
BRDA:31,3,1,0
BRF:9
BRH:0
end_of_record
TN:
SF:backend\middleware\jwt.middleware.js
FN:19,authenticateJWT
FN:65,authorizeRole
FN:66,(anonymous_2)
FN:94,optionalJWT
FN:121,checkServerOwnership
FNF:5
FNH:3
FNDA:19,authenticateJWT
FNDA:13,authorizeRole
FNDA:14,(anonymous_2)
FNDA:0,optionalJWT
FNDA:0,checkServerOwnership
DA:12,1
DA:20,19
DA:22,19
DA:23,1
DA:31,18
DA:32,18
DA:33,1
DA:40,17
DA:43,17
DA:44,17
DA:45,1
DA:53,16
DA:54,16
DA:66,13
DA:67,14
DA:68,0
DA:75,14
DA:76,2
DA:77,2
DA:86,12
DA:95,0
DA:97,0
DA:98,0
DA:99,0
DA:102,0
DA:103,0
DA:104,0
DA:105,0
DA:108,0
DA:109,0
DA:111,0
DA:112,0
DA:123,0
DA:124,0
DA:128,0
DA:129,0
DA:134,0
DA:138,0
DA:145,1
LF:39
LH:20
BRDA:22,0,0,1
BRDA:22,0,1,18
BRDA:32,1,0,1
BRDA:32,1,1,17
BRDA:32,2,0,18
BRDA:32,2,1,17
BRDA:44,3,0,1
BRDA:44,3,1,16
BRDA:67,4,0,0
BRDA:67,4,1,14
BRDA:75,5,0,2
BRDA:75,5,1,12
BRDA:97,6,0,0
BRDA:97,6,1,0
BRDA:103,7,0,0
BRDA:103,7,1,0
BRDA:103,8,0,0
BRDA:103,8,1,0
BRDA:111,9,0,0
BRDA:111,9,1,0
BRDA:123,10,0,0
BRDA:123,10,1,0
BRDA:128,11,0,0
BRDA:128,11,1,0
BRDA:129,12,0,0
BRDA:129,12,1,0
BRF:26
BRH:11
end_of_record
TN:
SF:backend\models\constants.js
FNF:0
FNH:0
DA:6,0
LF:1
LH:0
BRF:0
BRH:0
end_of_record
TN:
SF:backend\models\responses.js
FN:12,success
FN:27,error
FN:48,validationError
FNF:3
FNH:2
FNDA:12,success
FNDA:5,error
FNDA:0,validationError
DA:13,12
DA:28,5
DA:36,5
DA:37,0
DA:40,5
DA:49,0
DA:59,1
LF:7
LH:5
BRDA:12,0,0,0
BRDA:27,1,0,0
BRDA:27,2,0,5
BRDA:36,3,0,0
BRDA:36,3,1,5
BRF:5
BRH:2
end_of_record
TN:
SF:backend\models\validators.js
FN:13,validatePort
FN:35,validatePresetConfig
FN:69,validateCredentials
FNF:3
FNH:0
FNDA:0,validatePort
FNDA:0,validatePresetConfig
FNDA:0,validateCredentials
DA:6,0
DA:14,0
DA:16,0
DA:17,0
DA:20,0
DA:21,0
DA:27,0
DA:36,0
DA:38,0
DA:39,0
DA:41,0
DA:42,0
DA:44,0
DA:45,0
DA:47,0
DA:48,0
DA:49,0
DA:52,0
DA:53,0
DA:57,0
DA:70,0
DA:71,0
DA:74,0
DA:75,0
DA:78,0
DA:79,0
DA:82,0
DA:85,0
LF:28
LH:0
BRDA:16,0,0,0
BRDA:16,0,1,0
BRDA:20,1,0,0
BRDA:20,1,1,0
BRDA:20,2,0,0
BRDA:20,2,1,0
BRDA:38,3,0,0
BRDA:38,3,1,0
BRDA:41,4,0,0
BRDA:41,4,1,0
BRDA:44,5,0,0
BRDA:44,5,1,0
BRDA:48,6,0,0
BRDA:48,6,1,0
BRDA:52,7,0,0
BRDA:52,7,1,0
BRDA:52,8,0,0
BRDA:52,8,1,0
BRDA:70,9,0,0
BRDA:70,9,1,0
BRDA:70,10,0,0
BRDA:70,10,1,0
BRDA:74,11,0,0
BRDA:74,11,1,0
BRDA:74,12,0,0
BRDA:74,12,1,0
BRDA:78,13,0,0
BRDA:78,13,1,0
BRF:28
BRH:0
end_of_record
TN:
SF:backend\routes\admin.routes.js
FNF:0
FNH:0
DA:6,1
DA:7,1
DA:9,1
DA:15,1
DA:21,1
DA:27,1
DA:33,1
DA:39,1
DA:45,1
DA:51,1
DA:57,1
DA:63,1
DA:69,1
DA:71,1
LF:14
LH:14
BRF:0
BRH:0
end_of_record
TN:
SF:backend\routes\arma-server.routes.js
FNF:0
FNH:0
DA:6,1
DA:7,1
DA:9,1
DA:10,1
DA:16,1
DA:22,1
DA:28,1
DA:34,1
DA:40,1
DA:46,1
DA:52,1
DA:58,1
DA:68,1
DA:75,1
DA:81,1
DA:88,1
DA:94,1
DA:96,1
LF:18
LH:18
BRF:0
BRH:0
end_of_record
TN:
SF:backend\routes\auth.routes.js
FNF:0
FNH:0
DA:11,1
DA:12,1
DA:14,1
DA:15,1
DA:23,1
DA:31,1
DA:38,1
DA:46,1
DA:48,1
LF:9
LH:9
BRF:0
BRH:0
end_of_record
TN:
SF:backend\routes\index.js
FN:30,setupRoutes
FN:34,(anonymous_1)
FN:44,(anonymous_2)
FNF:3
FNH:3
FNDA:1,setupRoutes
FNDA:1,(anonymous_1)
FNDA:1,(anonymous_2)
DA:8,1
DA:9,1
DA:12,1
DA:13,1
DA:14,1
DA:15,1
DA:16,1
DA:17,1
DA:18,1
DA:19,1
DA:22,1
DA:34,1
DA:35,1
DA:44,1
DA:45,1
DA:56,1
DA:63,1
DA:64,1
DA:67,1
DA:68,1
DA:69,1
DA:70,1
DA:71,1
DA:72,1
DA:73,1
DA:76,1
DA:78,1
DA:81,1
LF:28
LH:28
BRDA:49,0,0,1
BRDA:49,0,1,0
BRF:2
BRH:1
end_of_record
TN:
SF:backend\routes\logs.routes.js
FNF:0
FNH:0
DA:6,1
DA:7,1
DA:9,1
DA:15,1
DA:21,1
DA:27,1
DA:33,1
DA:39,1
DA:45,1
DA:51,1
DA:57,1
DA:59,1
LF:12
LH:12
BRF:0
BRH:0
end_of_record
TN:
SF:backend\routes\presets.routes.js
FNF:0
FNH:0
DA:6,1
DA:7,1
DA:9,1
DA:15,1
DA:21,1
DA:27,1
DA:33,1
DA:39,1
DA:45,1
DA:51,1
DA:57,1
DA:63,1
DA:69,1
DA:71,1
LF:14
LH:14
BRF:0
BRH:0
end_of_record
TN:
SF:backend\routes\server-management.routes.js
FNF:0
FNH:0
DA:22,1
DA:23,1
DA:25,1
DA:26,1
DA:36,1
DA:46,1
DA:58,1
DA:70,1
DA:83,1
DA:95,1
DA:105,1
DA:111,1
LF:12
LH:12
BRF:0
BRH:0
end_of_record
TN:
SF:backend\routes\updates.routes.js
FNF:0
FNH:0
DA:6,1
DA:7,1
DA:9,1
DA:15,1
DA:21,1
DA:27,1
DA:33,1
DA:35,1
LF:8
LH:8
BRF:0
BRH:0
end_of_record
TN:
SF:backend\routes\user.routes.js
FNF:0
FNH:0
DA:16,1
DA:17,1
DA:19,1
DA:20,1
DA:27,1
DA:37,1
DA:47,1
DA:58,1
DA:69,1
DA:75,1
LF:10
LH:10
BRF:0
BRH:0
end_of_record
TN:
SF:backend\services\admin.service.js
FN:38,(anonymous_0)
FN:49,(anonymous_1)
FN:87,(anonymous_2)
FN:122,(anonymous_3)
FN:139,(anonymous_4)
FN:185,(anonymous_5)
FN:212,(anonymous_6)
FN:228,(anonymous_7)
FN:261,(anonymous_8)
FN:275,(anonymous_9)
FN:313,(anonymous_10)
FN:322,(anonymous_11)
FN:346,(anonymous_12)
FNF:13
FNH:0
FNDA:0,(anonymous_0)
FNDA:0,(anonymous_1)
FNDA:0,(anonymous_2)
FNDA:0,(anonymous_3)
FNDA:0,(anonymous_4)
FNDA:0,(anonymous_5)
FNDA:0,(anonymous_6)
FNDA:0,(anonymous_7)
FNDA:0,(anonymous_8)
FNDA:0,(anonymous_9)
FNDA:0,(anonymous_10)
FNDA:0,(anonymous_11)
FNDA:0,(anonymous_12)
DA:16,1
DA:17,1
DA:18,1
DA:19,1
DA:20,1
DA:22,1
DA:23,1
DA:39,0
DA:41,0
DA:42,0
DA:45,0
DA:46,0
DA:49,0
DA:52,0
DA:53,0
DA:54,0
DA:57,0
DA:60,0
DA:65,0
DA:72,0
DA:76,0
DA:88,0
DA:89,0
DA:90,0
DA:92,0
DA:93,0
DA:94,0
DA:95,0
DA:101,0
DA:109,0
DA:111,0
DA:123,0
DA:124,0
DA:125,0
DA:127,0
DA:140,0
DA:141,0
DA:142,0
DA:146,0
DA:147,0
DA:151,0
DA:154,0
DA:155,0
DA:156,0
DA:159,0
DA:161,0
DA:166,0
DA:173,0
DA:176,0
DA:186,0
DA:187,0
DA:188,0
DA:189,0
DA:190,0
DA:191,0
DA:193,0
DA:212,0
DA:216,0
DA:217,0
DA:229,0
DA:235,0
DA:241,0
DA:242,0
DA:249,0
DA:255,0
DA:256,0
DA:261,0
DA:265,0
DA:276,0
DA:278,0
DA:279,0
DA:285,0
DA:295,0
DA:297,0
DA:299,0
DA:302,0
DA:314,0
DA:316,0
DA:317,0
DA:318,0
DA:319,0
DA:321,0
DA:322,0
DA:324,0
DA:325,0
DA:330,0
DA:332,0
DA:335,0
DA:347,0
DA:348,0
DA:349,0
DA:350,0
DA:352,0
DA:353,0
DA:355,0
DA:356,0
DA:358,0
DA:359,0
DA:361,0
DA:365,1
LF:100
LH:8
BRDA:38,0,0,0
BRDA:39,1,0,0
BRDA:39,1,1,0
BRDA:53,2,0,0
BRDA:53,2,1,0
BRDA:87,3,0,0
BRDA:122,4,0,0
BRDA:141,5,0,0
BRDA:141,5,1,0
BRDA:146,6,0,0
BRDA:146,6,1,0
BRDA:201,7,0,0
BRDA:201,7,1,0
BRDA:228,8,0,0
BRDA:236,9,0,0
BRDA:236,9,1,0
BRDA:237,10,0,0
BRDA:237,10,1,0
BRDA:238,11,0,0
BRDA:238,11,1,0
BRDA:258,12,0,0
BRDA:258,12,1,0
BRDA:261,13,0,0
BRDA:261,13,1,0
BRDA:275,14,0,0
BRDA:276,15,0,0
BRDA:276,15,1,0
BRDA:290,16,0,0
BRDA:290,16,1,0
BRDA:313,17,0,0
BRDA:314,18,0,0
BRDA:314,18,1,0
BRDA:352,19,0,0
BRDA:352,19,1,0
BRDA:355,20,0,0
BRDA:355,20,1,0
BRDA:358,21,0,0
BRDA:358,21,1,0
BRF:38
BRH:0
end_of_record
TN:
SF:backend\services\arma-logs.service.js
FN:48,(anonymous_0)
FN:60,(anonymous_1)
FN:69,(anonymous_2)
FN:71,(anonymous_3)
FN:79,(anonymous_4)
FN:81,(anonymous_5)
FN:98,(anonymous_6)
FN:134,(anonymous_7)
FN:145,(anonymous_8)
FN:154,(anonymous_9)
FN:159,(anonymous_10)
FN:177,(anonymous_11)
FN:183,(anonymous_12)
FN:191,(anonymous_13)
FN:199,(anonymous_14)
FN:203,(anonymous_15)
FN:214,(anonymous_16)
FN:215,(anonymous_17)
FN:228,(anonymous_18)
FN:237,(anonymous_19)
FN:249,(anonymous_20)
FN:263,(anonymous_21)
FNF:22
FNH:0
FNDA:0,(anonymous_0)
FNDA:0,(anonymous_1)
FNDA:0,(anonymous_2)
FNDA:0,(anonymous_3)
FNDA:0,(anonymous_4)
FNDA:0,(anonymous_5)
FNDA:0,(anonymous_6)
FNDA:0,(anonymous_7)
FNDA:0,(anonymous_8)
FNDA:0,(anonymous_9)
FNDA:0,(anonymous_10)
FNDA:0,(anonymous_11)
FNDA:0,(anonymous_12)
FNDA:0,(anonymous_13)
FNDA:0,(anonymous_14)
FNDA:0,(anonymous_15)
FNDA:0,(anonymous_16)
FNDA:0,(anonymous_17)
FNDA:0,(anonymous_18)
FNDA:0,(anonymous_19)
FNDA:0,(anonymous_20)
FNDA:0,(anonymous_21)
DA:12,1
DA:13,1
DA:18,1
DA:36,1
DA:49,0
DA:50,0
DA:61,0
DA:63,0
DA:64,0
DA:65,0
DA:69,0
DA:70,0
DA:71,0
DA:72,0
DA:73,0
DA:79,0
DA:80,0
DA:81,0
DA:82,0
DA:83,0
DA:88,0
DA:99,0
DA:100,0
DA:104,0
DA:105,0
DA:106,0
DA:107,0
DA:109,0
DA:117,0
DA:118,0
DA:119,0
DA:135,0
DA:136,0
DA:139,0
DA:142,0
DA:143,0
DA:144,0
DA:145,0
DA:146,0
DA:152,0
DA:153,0
DA:154,0
DA:158,0
DA:159,0
DA:163,0
DA:164,0
DA:166,0
DA:178,0
DA:179,0
DA:182,0
DA:183,0
DA:184,0
DA:188,0
DA:189,0
DA:190,0
DA:191,0
DA:192,0
DA:197,0
DA:198,0
DA:199,0
DA:202,0
DA:203,0
DA:206,0
DA:215,0
DA:229,0
DA:238,0
DA:239,0
DA:250,0
DA:251,0
DA:254,0
DA:255,0
DA:263,0
DA:264,0
DA:265,0
DA:268,0
DA:272,1
LF:76
LH:5
BRDA:49,0,0,0
BRDA:49,0,1,0
BRDA:63,1,0,0
BRDA:63,1,1,0
BRDA:63,2,0,0
BRDA:63,2,1,0
BRDA:63,2,2,0
BRDA:72,3,0,0
BRDA:72,3,1,0
BRDA:82,4,0,0
BRDA:82,4,1,0
BRDA:99,5,0,0
BRDA:99,5,1,0
BRDA:105,6,0,0
BRDA:105,6,1,0
BRDA:106,7,0,0
BRDA:106,7,1,0
BRDA:106,8,0,0
BRDA:106,8,1,0
BRDA:107,9,0,0
BRDA:107,9,1,0
BRDA:118,10,0,0
BRDA:118,10,1,0
BRDA:134,11,0,0
BRDA:135,12,0,0
BRDA:135,12,1,0
BRDA:142,13,0,0
BRDA:142,13,1,0
BRDA:144,14,0,0
BRDA:144,14,1,0
BRDA:152,15,0,0
BRDA:152,15,1,0
BRDA:152,16,0,0
BRDA:152,16,1,0
BRDA:158,17,0,0
BRDA:158,17,1,0
BRDA:163,18,0,0
BRDA:163,18,1,0
BRDA:177,19,0,0
BRDA:177,20,0,0
BRDA:178,21,0,0
BRDA:178,21,1,0
BRDA:188,22,0,0
BRDA:188,22,1,0
BRDA:190,23,0,0
BRDA:190,23,1,0
BRDA:197,24,0,0
BRDA:197,24,1,0
BRDA:197,25,0,0
BRDA:197,25,1,0
BRDA:202,26,0,0
BRDA:202,26,1,0
BRDA:229,27,0,0
BRDA:229,27,1,0
BRDA:238,28,0,0
BRDA:238,28,1,0
BRDA:250,29,0,0
BRDA:250,29,1,0
BRDA:259,30,0,0
BRDA:259,30,1,0
BRDA:260,31,0,0
BRDA:260,31,1,0
BRDA:264,32,0,0
BRDA:264,32,1,0
BRDA:265,33,0,0
BRDA:265,33,1,0
BRF:66
BRH:0
end_of_record
TN:
SF:backend\services\arma-server.service.js
FN:42,(anonymous_0)
FN:114,(anonymous_1)
FN:174,(anonymous_2)
FN:198,(anonymous_3)
FN:222,(anonymous_4)
FN:231,(anonymous_5)
FN:241,(anonymous_6)
FN:266,(anonymous_7)
FN:279,(anonymous_8)
FN:302,(anonymous_9)
FN:313,(anonymous_10)
FN:334,(anonymous_11)
FN:363,(anonymous_12)
FN:386,(anonymous_13)
FN:389,(anonymous_14)
FNF:15
FNH:0
FNDA:0,(anonymous_0)
FNDA:0,(anonymous_1)
FNDA:0,(anonymous_2)
FNDA:0,(anonymous_3)
FNDA:0,(anonymous_4)
FNDA:0,(anonymous_5)
FNDA:0,(anonymous_6)
FNDA:0,(anonymous_7)
FNDA:0,(anonymous_8)
FNDA:0,(anonymous_9)
FNDA:0,(anonymous_10)
FNDA:0,(anonymous_11)
FNDA:0,(anonymous_12)
FNDA:0,(anonymous_13)
FNDA:0,(anonymous_14)
DA:15,1
DA:16,1
DA:17,1
DA:18,1
DA:19,1
DA:25,1
DA:43,0
DA:44,0
DA:47,0
DA:48,0
DA:50,0
DA:51,0
DA:55,0
DA:56,0
DA:59,0
DA:61,0
DA:67,0
DA:73,0
DA:74,0
DA:78,0
DA:84,0
DA:92,0
DA:94,0
DA:102,0
DA:115,0
DA:116,0
DA:119,0
DA:122,0
DA:124,0
DA:125,0
DA:127,0
DA:128,0
DA:130,0
DA:137,0
DA:145,0
DA:146,0
DA:147,0
DA:148,0
DA:149,0
DA:150,0
DA:158,0
DA:165,0
DA:175,0
DA:176,0
DA:177,0
DA:180,0
DA:182,0
DA:199,0
DA:201,0
DA:202,0
DA:203,0
DA:213,0
DA:223,0
DA:232,0
DA:242,0
DA:244,0
DA:245,0
DA:246,0
DA:247,0
DA:249,0
DA:257,0
DA:267,0
DA:268,0
DA:280,0
DA:281,0
DA:282,0
DA:285,0
DA:286,0
DA:291,0
DA:303,0
DA:304,0
DA:305,0
DA:306,0
DA:310,0
DA:313,0
DA:316,0
DA:317,0
DA:323,0
DA:335,0
DA:336,0
DA:338,0
DA:339,0
DA:342,0
DA:364,0
DA:365,0
DA:366,0
DA:367,0
DA:369,0
DA:370,0
DA:372,0
DA:373,0
DA:375,0
DA:376,0
DA:378,0
DA:387,0
DA:389,0
DA:395,1
LF:97
LH:7
BRDA:42,0,0,0
BRDA:43,1,0,0
BRDA:43,1,1,0
BRDA:43,2,0,0
BRDA:43,2,1,0
BRDA:50,3,0,0
BRDA:50,3,1,0
BRDA:55,4,0,0
BRDA:55,4,1,0
BRDA:114,5,0,0
BRDA:115,6,0,0
BRDA:115,6,1,0
BRDA:124,7,0,0
BRDA:124,7,1,0
BRDA:145,8,0,0
BRDA:145,8,1,0
BRDA:145,9,0,0
BRDA:145,9,1,0
BRDA:148,10,0,0
BRDA:148,10,1,0
BRDA:176,11,0,0
BRDA:176,11,1,0
BRDA:268,12,0,0
BRDA:268,12,1,0
BRDA:281,13,0,0
BRDA:281,13,1,0
BRDA:285,14,0,0
BRDA:285,14,1,0
BRDA:302,15,0,0
BRDA:305,16,0,0
BRDA:305,16,1,0
BRDA:338,17,0,0
BRDA:338,17,1,0
BRDA:338,18,0,0
BRDA:338,18,1,0
BRDA:347,19,0,0
BRDA:347,19,1,0
BRDA:348,20,0,0
BRDA:348,20,1,0
BRDA:349,21,0,0
BRDA:349,21,1,0
BRDA:350,22,0,0
BRDA:350,22,1,0
BRDA:369,23,0,0
BRDA:369,23,1,0
BRDA:372,24,0,0
BRDA:372,24,1,0
BRDA:375,25,0,0
BRDA:375,25,1,0
BRF:49
BRH:0
end_of_record
TN:
SF:backend\services\arma-version.service.js
FN:14,getInstalledVersion
FN:15,(anonymous_1)
FN:37,getAvailableVersion
FN:38,(anonymous_3)
FN:47,(anonymous_4)
FN:74,isUpdateAvailable
FN:87,saveVersion
FNF:7
FNH:0
FNDA:0,getInstalledVersion
FNDA:0,(anonymous_1)
FNDA:0,getAvailableVersion
FNDA:0,(anonymous_3)
FNDA:0,(anonymous_4)
FNDA:0,isUpdateAvailable
FNDA:0,saveVersion
DA:6,1
DA:7,1
DA:8,1
DA:15,0
DA:16,0
DA:18,0
DA:19,0
DA:20,0
DA:21,0
DA:23,0
DA:26,0
DA:38,0
DA:39,0
DA:40,0
DA:41,0
DA:45,0
DA:47,0
DA:48,0
DA:49,0
DA:50,0
DA:51,0
DA:52,0
DA:57,0
DA:58,0
DA:59,0
DA:61,0
DA:64,0
DA:75,0
DA:76,0
DA:79,0
DA:88,0
DA:89,0
DA:94,0
DA:95,0
DA:97,0
DA:101,1
LF:36
LH:4
BRDA:19,0,0,0
BRDA:19,0,1,0
BRDA:21,1,0,0
BRDA:21,1,1,0
BRDA:39,2,0,0
BRDA:39,2,1,0
BRDA:49,3,0,0
BRDA:49,3,1,0
BRDA:58,4,0,0
BRDA:58,4,1,0
BRDA:58,5,0,0
BRDA:58,5,1,0
BRDA:79,6,0,0
BRDA:79,6,1,0
BRF:14
BRH:0
end_of_record
TN:
SF:backend\services\auth.service.js
FN:26,hashPassword
FN:38,comparePassword
FN:48,generateToken
FN:62,verifyToken
FN:81,login
FN:140,createUser
FN:196,changePassword
FNF:7
FNH:6
FNDA:2,hashPassword
FNDA:3,comparePassword
FNDA:2,generateToken
FNDA:17,verifyToken
FNDA:4,login
FNDA:2,createUser
FNDA:0,changePassword
DA:12,1
DA:13,1
DA:14,1
DA:15,1
DA:17,1
DA:18,1
DA:27,2
DA:28,2
DA:39,3
DA:49,2
DA:63,17
DA:64,17
DA:69,1
DA:70,1
DA:82,4
DA:84,4
DA:86,4
DA:87,1
DA:94,3
DA:95,1
DA:102,2
DA:109,2
DA:111,2
DA:123,0
DA:124,0
DA:141,2
DA:143,2
DA:144,2
DA:145,0
DA:152,2
DA:153,0
DA:160,2
DA:163,2
DA:168,2
DA:174,0
DA:175,0
DA:180,0
DA:181,0
DA:197,0
DA:199,0
DA:201,0
DA:202,0
DA:209,0
DA:210,0
DA:217,0
DA:218,0
DA:225,0
DA:226,0
DA:228,0
DA:233,0
DA:234,0
DA:241,1
LF:52
LH:31
BRDA:86,0,0,1
BRDA:86,0,1,3
BRDA:94,1,0,1
BRDA:94,1,1,2
BRDA:140,2,0,0
BRDA:140,3,0,2
BRDA:144,4,0,0
BRDA:144,4,1,2
BRDA:152,5,0,0
BRDA:152,5,1,2
BRDA:152,6,0,2
BRDA:152,6,1,2
BRDA:174,7,0,0
BRDA:174,7,1,0
BRDA:201,8,0,0
BRDA:201,8,1,0
BRDA:209,9,0,0
BRDA:209,9,1,0
BRDA:217,10,0,0
BRDA:217,10,1,0
BRDA:217,11,0,0
BRDA:217,11,1,0
BRF:22
BRH:9
end_of_record
TN:
SF:backend\services\log.service.js
FN:50,(anonymous_0)
FN:98,(anonymous_1)
FN:118,(anonymous_2)
FN:131,(anonymous_3)
FN:153,(anonymous_4)
FN:159,(anonymous_5)
FN:174,(anonymous_6)
FN:180,(anonymous_7)
FN:193,(anonymous_8)
FN:204,(anonymous_9)
FN:207,(anonymous_10)
FN:213,(anonymous_11)
FN:242,(anonymous_12)
FN:272,(anonymous_13)
FN:304,(anonymous_14)
FN:328,(anonymous_15)
FN:366,(anonymous_16)
FN:381,(anonymous_17)
FN:414,(anonymous_18)
FN:416,(anonymous_19)
FN:431,(anonymous_20)
FNF:21
FNH:0
FNDA:0,(anonymous_0)
FNDA:0,(anonymous_1)
FNDA:0,(anonymous_2)
FNDA:0,(anonymous_3)
FNDA:0,(anonymous_4)
FNDA:0,(anonymous_5)
FNDA:0,(anonymous_6)
FNDA:0,(anonymous_7)
FNDA:0,(anonymous_8)
FNDA:0,(anonymous_9)
FNDA:0,(anonymous_10)
FNDA:0,(anonymous_11)
FNDA:0,(anonymous_12)
FNDA:0,(anonymous_13)
FNDA:0,(anonymous_14)
FNDA:0,(anonymous_15)
FNDA:0,(anonymous_16)
FNDA:0,(anonymous_17)
FNDA:0,(anonymous_18)
FNDA:0,(anonymous_19)
FNDA:0,(anonymous_20)
DA:15,1
DA:16,1
DA:17,1
DA:22,1
DA:51,0
DA:53,0
DA:56,0
DA:59,0
DA:68,0
DA:69,0
DA:70,0
DA:71,0
DA:73,0
DA:77,0
DA:80,0
DA:85,0
DA:87,0
DA:99,0
DA:100,0
DA:101,0
DA:104,0
DA:106,0
DA:107,0
DA:119,0
DA:120,0
DA:121,0
DA:123,0
DA:127,0
DA:128,0
DA:131,0
DA:132,0
DA:134,0
DA:136,0
DA:139,0
DA:141,0
DA:142,0
DA:154,0
DA:155,0
DA:156,0
DA:158,0
DA:159,0
DA:162,0
DA:163,0
DA:175,0
DA:176,0
DA:177,0
DA:179,0
DA:180,0
DA:183,0
DA:184,0
DA:194,0
DA:195,0
DA:197,0
DA:202,0
DA:203,0
DA:204,0
DA:207,0
DA:213,0
DA:215,0
DA:231,0
DA:232,0
DA:243,0
DA:244,0
DA:246,0
DA:247,0
DA:248,0
DA:249,0
DA:252,0
DA:253,0
DA:254,0
DA:257,0
DA:258,0
DA:259,0
DA:261,0
DA:262,0
DA:263,0
DA:266,0
DA:271,0
DA:272,0
DA:276,0
DA:277,0
DA:278,0
DA:279,0
DA:280,0
DA:283,0
DA:289,0
DA:290,0
DA:305,0
DA:306,0
DA:307,0
DA:309,0
DA:311,0
DA:312,0
DA:315,0
DA:317,0
DA:318,0
DA:329,0
DA:330,0
DA:332,0
DA:333,0
DA:334,0
DA:337,0
DA:338,0
DA:340,0
DA:341,0
DA:342,0
DA:347,0
DA:348,0
DA:350,0
DA:353,0
DA:356,0
DA:367,0
DA:368,0
DA:369,0
DA:382,0
DA:385,0
DA:386,0
DA:395,0
DA:396,0
DA:397,0
DA:399,0
DA:400,0
DA:404,0
DA:415,0
DA:416,0
DA:417,0
DA:418,0
DA:421,0
DA:432,0
DA:433,0
DA:437,0
DA:438,0
DA:441,0
DA:442,0
DA:449,0
DA:452,0
DA:456,1
LF:137
LH:5
BRDA:50,0,0,0
BRDA:61,1,0,0
BRDA:61,1,1,0
BRDA:64,2,0,0
BRDA:64,2,1,0
BRDA:98,3,0,0
BRDA:118,4,0,0
BRDA:123,5,0,0
BRDA:123,5,1,0
BRDA:127,6,0,0
BRDA:127,6,1,0
BRDA:128,7,0,0
BRDA:128,7,1,0
BRDA:132,8,0,0
BRDA:132,8,1,0
BRDA:132,9,0,0
BRDA:132,9,1,0
BRDA:136,10,0,0
BRDA:136,10,1,0
BRDA:153,11,0,0
BRDA:174,12,0,0
BRDA:197,13,0,0
BRDA:197,13,1,0
BRDA:203,14,0,0
BRDA:203,14,1,0
BRDA:218,15,0,0
BRDA:218,15,1,0
BRDA:219,16,0,0
BRDA:219,16,1,0
BRDA:220,17,0,0
BRDA:220,17,1,0
BRDA:253,18,0,0
BRDA:253,18,1,0
BRDA:261,19,0,0
BRDA:261,19,1,0
BRDA:304,20,0,0
BRDA:304,21,0,0
BRDA:311,22,0,0
BRDA:311,22,1,0
BRDA:332,23,0,0
BRDA:332,23,1,0
BRDA:340,24,0,0
BRDA:340,24,1,0
BRDA:368,25,0,0
BRDA:368,25,1,0
BRDA:381,26,0,0
BRDA:385,27,0,0
BRDA:385,27,1,0
BRDA:385,28,0,0
BRDA:385,28,1,0
BRDA:390,29,0,0
BRDA:390,29,1,0
BRDA:395,30,0,0
BRDA:395,30,1,0
BRDA:396,31,0,0
BRDA:396,31,1,0
BRDA:399,32,0,0
BRDA:399,32,1,0
BRDA:414,33,0,0
BRDA:417,34,0,0
BRDA:417,34,1,0
BRDA:432,35,0,0
BRDA:432,35,1,0
BRDA:432,36,0,0
BRDA:432,36,1,0
BRDA:443,37,0,0
BRDA:443,37,1,0
BRDA:444,38,0,0
BRDA:444,38,1,0
BRDA:445,39,0,0
BRDA:445,39,1,0
BRDA:446,40,0,0
BRDA:446,40,1,0
BRDA:447,41,0,0
BRDA:447,41,1,0
BRF:75
BRH:0
end_of_record
TN:
SF:backend\services\presets.service.js
FN:46,(anonymous_0)
FN:62,(anonymous_1)
FN:96,(anonymous_2)
FN:130,(anonymous_3)
FN:177,(anonymous_4)
FN:215,(anonymous_5)
FN:243,(anonymous_6)
FN:266,(anonymous_7)
FN:280,(anonymous_8)
FN:288,(anonymous_9)
FN:307,(anonymous_10)
FN:312,(anonymous_11)
FN:331,(anonymous_12)
FN:369,(anonymous_13)
FN:387,(anonymous_14)
FNF:15
FNH:0
FNDA:0,(anonymous_0)
FNDA:0,(anonymous_1)
FNDA:0,(anonymous_2)
FNDA:0,(anonymous_3)
FNDA:0,(anonymous_4)
FNDA:0,(anonymous_5)
FNDA:0,(anonymous_6)
FNDA:0,(anonymous_7)
FNDA:0,(anonymous_8)
FNDA:0,(anonymous_9)
FNDA:0,(anonymous_10)
FNDA:0,(anonymous_11)
FNDA:0,(anonymous_12)
FNDA:0,(anonymous_13)
FNDA:0,(anonymous_14)
DA:16,1
DA:17,1
DA:18,1
DA:20,1
DA:22,1
DA:27,1
DA:47,0
DA:48,0
DA:49,0
DA:50,0
DA:53,0
DA:63,0
DA:64,0
DA:66,0
DA:67,0
DA:69,0
DA:70,0
DA:71,0
DA:74,0
DA:75,0
DA:76,0
DA:78,0
DA:82,0
DA:84,0
DA:85,0
DA:97,0
DA:98,0
DA:100,0
DA:102,0
DA:103,0
DA:106,0
DA:107,0
DA:110,0
DA:111,0
DA:112,0
DA:115,0
DA:117,0
DA:131,0
DA:132,0
DA:135,0
DA:136,0
DA:137,0
DA:141,0
DA:150,0
DA:151,0
DA:154,0
DA:155,0
DA:161,0
DA:163,0
DA:167,0
DA:178,0
DA:179,0
DA:181,0
DA:183,0
DA:184,0
DA:187,0
DA:189,0
DA:193,0
DA:199,0
DA:203,0
DA:216,0
DA:218,0
DA:221,0
DA:230,0
DA:232,0
DA:244,0
DA:246,0
DA:247,0
DA:248,0
DA:252,0
DA:256,0
DA:267,0
DA:268,0
DA:269,0
DA:271,0
DA:281,0
DA:282,0
DA:283,0
DA:285,0
DA:288,0
DA:296,0
DA:297,0
DA:308,0
DA:309,0
DA:310,0
DA:312,0
DA:313,0
DA:318,0
DA:319,0
DA:332,0
DA:334,0
DA:335,0
DA:342,0
DA:343,0
DA:344,0
DA:347,0
DA:348,0
DA:349,0
DA:350,0
DA:357,0
DA:370,0
DA:388,0
DA:389,0
DA:390,0
DA:391,0
DA:393,0
DA:397,0
DA:402,1
LF:108
LH:7
BRDA:48,0,0,0
BRDA:48,0,1,0
BRDA:70,1,0,0
BRDA:70,1,1,0
BRDA:102,2,0,0
BRDA:102,2,1,0
BRDA:111,3,0,0
BRDA:111,3,1,0
BRDA:130,4,0,0
BRDA:136,5,0,0
BRDA:136,5,1,0
BRDA:144,6,0,0
BRDA:144,6,1,0
BRDA:146,7,0,0
BRDA:146,7,1,0
BRDA:156,8,0,0
BRDA:156,8,1,0
BRDA:183,9,0,0
BRDA:183,9,1,0
BRDA:247,10,0,0
BRDA:247,10,1,0
BRDA:313,11,0,0
BRDA:313,11,1,0
BRDA:313,11,2,0
BRDA:315,12,0,0
BRDA:315,12,1,0
BRDA:334,13,0,0
BRDA:334,13,1,0
BRDA:334,14,0,0
BRDA:334,14,1,0
BRDA:343,15,0,0
BRDA:343,15,1,0
BRDA:343,16,0,0
BRDA:343,16,1,0
BRDA:347,17,0,0
BRDA:347,17,1,0
BRDA:347,18,0,0
BRDA:347,18,1,0
BRDA:349,19,0,0
BRDA:349,19,1,0
BRDA:387,20,0,0
BRF:41
BRH:0
end_of_record
TN:
SF:backend\services\server-management.service.js
FN:22,createServer
FN:74,getAllServers
FN:138,getServerById
FN:177,updateServer
FN:233,deleteServer
FN:283,lockServer
FN:331,unlockServer
FN:381,canManageServer
FN:403,getGameMasterServers
FN:432,_logAudit
FNF:10
FNH:2
FNDA:1,createServer
FNDA:1,getAllServers
FNDA:0,getServerById
FNDA:0,updateServer
FNDA:0,deleteServer
FNDA:0,lockServer
FNDA:0,unlockServer
FNDA:0,canManageServer
FNDA:0,getGameMasterServers
FNDA:0,_logAudit
DA:14,1
DA:23,1
DA:24,1
DA:26,1
DA:27,0
DA:34,1
DA:35,1
DA:36,0
DA:43,1
DA:48,0
DA:54,1
DA:55,1
DA:56,0
DA:61,1
DA:75,1
DA:76,1
DA:78,1
DA:87,1
DA:88,1
DA:89,1
DA:92,1
DA:93,0
DA:94,0
DA:95,0
DA:96,0
DA:100,1
DA:101,0
DA:102,0
DA:103,0
DA:104,0
DA:108,1
DA:109,1
DA:112,1
DA:113,1
DA:115,1
DA:117,1
DA:124,0
DA:125,0
DA:139,0
DA:140,0
DA:150,0
DA:151,0
DA:157,0
DA:162,0
DA:163,0
DA:178,0
DA:179,0
DA:181,0
DA:182,0
DA:188,0
DA:190,0
DA:191,0
DA:193,0
DA:194,0
DA:195,0
DA:198,0
DA:199,0
DA:200,0
DA:203,0
DA:204,0
DA:205,0
DA:208,0
DA:209,0
DA:211,0
DA:213,0
DA:218,0
DA:219,0
DA:234,0
DA:235,0
DA:237,0
DA:238,0
DA:244,0
DA:245,0
DA:252,0
DA:255,0
DA:263,0
DA:268,0
DA:269,0
DA:284,0
DA:285,0
DA:287,0
DA:288,0
DA:294,0
DA:295,0
DA:302,0
DA:309,0
DA:311,0
DA:316,0
DA:317,0
DA:332,0
DA:333,0
DA:335,0
DA:336,0
DA:342,0
DA:343,0
DA:350,0
DA:357,0
DA:359,0
DA:364,0
DA:365,0
DA:383,0
DA:384,0
DA:388,0
DA:389,0
DA:390,0
DA:394,0
DA:404,0
DA:405,0
DA:414,0
DA:419,0
DA:420,0
DA:433,0
DA:434,0
DA:439,0
DA:443,1
LF:115
LH:25
BRDA:24,0,0,0
BRDA:24,1,0,0
BRDA:26,2,0,0
BRDA:26,2,1,1
BRDA:26,3,0,1
BRDA:26,3,1,1
BRDA:26,3,2,1
BRDA:35,4,0,0
BRDA:35,4,1,1
BRDA:55,5,0,0
BRDA:55,5,1,1
BRDA:74,6,0,0
BRDA:76,7,0,0
BRDA:76,8,0,0
BRDA:76,9,0,0
BRDA:76,10,0,0
BRDA:92,11,0,0
BRDA:92,11,1,1
BRDA:100,12,0,0
BRDA:100,12,1,1
BRDA:103,13,0,0
BRDA:103,13,1,0
BRDA:104,14,0,0
BRDA:104,14,1,0
BRDA:150,15,0,0
BRDA:150,15,1,0
BRDA:181,16,0,0
BRDA:181,16,1,0
BRDA:193,17,0,0
BRDA:193,17,1,0
BRDA:198,18,0,0
BRDA:198,18,1,0
BRDA:203,19,0,0
BRDA:203,19,1,0
BRDA:237,20,0,0
BRDA:237,20,1,0
BRDA:244,21,0,0
BRDA:244,21,1,0
BRDA:287,22,0,0
BRDA:287,22,1,0
BRDA:294,23,0,0
BRDA:294,23,1,0
BRDA:335,24,0,0
BRDA:335,24,1,0
BRDA:342,25,0,0
BRDA:342,25,1,0
BRDA:383,26,0,0
BRDA:383,26,1,0
BRDA:388,27,0,0
BRDA:388,27,1,0
BRDA:390,28,0,0
BRDA:390,28,1,0
BRF:52
BRH:8
end_of_record
TN:
SF:backend\services\update.service.js
FN:35,(anonymous_0)
FN:94,(anonymous_1)
FN:119,(anonymous_2)
FN:137,(anonymous_3)
FN:166,(anonymous_4)
FN:194,(anonymous_5)
FN:195,(anonymous_6)
FN:196,(anonymous_7)
FN:245,(anonymous_8)
FN:277,(anonymous_9)
FN:294,(anonymous_10)
FN:295,(anonymous_11)
FN:310,(anonymous_12)
FN:311,(anonymous_13)
FN:324,(anonymous_14)
FNF:15
FNH:0
FNDA:0,(anonymous_0)
FNDA:0,(anonymous_1)
FNDA:0,(anonymous_2)
FNDA:0,(anonymous_3)
FNDA:0,(anonymous_4)
FNDA:0,(anonymous_5)
FNDA:0,(anonymous_6)
FNDA:0,(anonymous_7)
FNDA:0,(anonymous_8)
FNDA:0,(anonymous_9)
FNDA:0,(anonymous_10)
FNDA:0,(anonymous_11)
FNDA:0,(anonymous_12)
FNDA:0,(anonymous_13)
FNDA:0,(anonymous_14)
DA:15,1
DA:16,1
DA:17,1
DA:18,1
DA:36,0
DA:37,0
DA:39,0
DA:40,0
DA:43,0
DA:45,0
DA:46,0
DA:47,0
DA:48,0
DA:61,0
DA:62,0
DA:64,0
DA:67,0
DA:70,0
DA:72,0
DA:81,0
DA:95,0
DA:96,0
DA:97,0
DA:99,0
DA:100,0
DA:101,0
DA:104,0
DA:105,0
DA:111,0
DA:112,0
DA:117,0
DA:118,0
DA:119,0
DA:124,0
DA:138,0
DA:139,0
DA:140,0
DA:143,0
DA:144,0
DA:146,0
DA:147,0
DA:151,0
DA:167,0
DA:177,0
DA:179,0
DA:182,0
DA:195,0
DA:196,0
DA:200,0
DA:201,0
DA:204,0
DA:205,0
DA:208,0
DA:209,0
DA:210,0
DA:214,0
DA:219,0
DA:223,0
DA:224,0
DA:225,0
DA:228,0
DA:246,0
DA:247,0
DA:251,0
DA:257,0
DA:258,0
DA:259,0
DA:260,0
DA:265,0
DA:266,0
DA:278,0
DA:295,0
DA:296,0
DA:300,0
DA:311,0
DA:312,0
DA:315,0
DA:325,0
DA:335,1
LF:79
LH:5
BRDA:35,0,0,0
BRDA:36,1,0,0
BRDA:36,1,1,0
BRDA:39,2,0,0
BRDA:39,2,1,0
BRDA:46,3,0,0
BRDA:46,3,1,0
BRDA:94,4,0,0
BRDA:95,5,0,0
BRDA:95,5,1,0
BRDA:96,6,0,0
BRDA:96,6,1,0
BRDA:117,7,0,0
BRDA:117,7,1,0
BRDA:138,8,0,0
BRDA:138,8,1,0
BRDA:138,9,0,0
BRDA:138,9,1,0
BRDA:177,10,0,0
BRDA:177,10,1,0
BRDA:200,11,0,0
BRDA:200,11,1,0
BRDA:201,12,0,0
BRDA:201,12,1,0
BRDA:204,13,0,0
BRDA:204,13,1,0
BRDA:204,14,0,0
BRDA:204,14,1,0
BRDA:208,15,0,0
BRDA:208,15,1,0
BRDA:210,16,0,0
BRDA:210,16,1,0
BRDA:211,17,0,0
BRDA:211,17,1,0
BRDA:219,18,0,0
BRDA:219,18,1,0
BRDA:219,18,2,0
BRDA:223,19,0,0
BRDA:223,19,1,0
BRDA:223,20,0,0
BRDA:223,20,1,0
BRDA:246,21,0,0
BRDA:246,21,1,0
BRDA:259,22,0,0
BRDA:259,22,1,0
BRDA:259,23,0,0
BRDA:259,23,1,0
BRDA:266,24,0,0
BRDA:266,24,1,0
BRDA:279,25,0,0
BRDA:279,25,1,0
BRDA:296,26,0,0
BRDA:296,26,1,0
BRDA:296,26,2,0
BRDA:312,27,0,0
BRDA:312,27,1,0
BRF:56
BRH:0
end_of_record
TN:
SF:backend\services\user.service.js
FN:22,getAllUsers
FN:91,getUserById
FN:126,deleteUser
FN:183,updateUserRole
FN:243,updateUserStatus
FN:288,_logAudit
FNF:6
FNH:4
FNDA:5,getAllUsers
FNDA:1,getUserById
FNDA:0,deleteUser
FNDA:1,updateUserRole
FNDA:0,updateUserStatus
FNDA:1,_logAudit
DA:13,1
DA:14,1
DA:23,5
DA:24,5
DA:26,5
DA:27,5
DA:28,5
DA:29,5
DA:32,5
DA:33,5
DA:34,5
DA:35,5
DA:36,5
DA:40,5
DA:41,0
DA:42,0
DA:43,0
DA:44,0
DA:48,5
DA:49,0
DA:50,0
DA:51,0
DA:52,0
DA:53,0
DA:57,5
DA:58,5
DA:61,5
DA:62,5
DA:64,5
DA:66,5
DA:77,0
DA:78,0
DA:92,1
DA:93,1
DA:99,1
DA:100,1
DA:106,0
DA:111,0
DA:112,0
DA:127,0
DA:129,0
DA:130,0
DA:136,0
DA:138,0
DA:139,0
DA:146,0
DA:147,0
DA:148,0
DA:149,0
DA:157,0
DA:160,0
DA:162,0
DA:167,0
DA:168,0
DA:184,1
DA:185,1
DA:186,1
DA:187,0
DA:193,1
DA:195,1
DA:196,0
DA:202,1
DA:203,0
DA:210,1
DA:214,1
DA:222,1
DA:227,0
DA:228,0
DA:244,0
DA:245,0
DA:247,0
DA:248,0
DA:254,0
DA:255,0
DA:256,0
DA:263,0
DA:267,0
DA:268,0
DA:270,0
DA:275,0
DA:276,0
DA:289,1
DA:290,1
DA:295,0
DA:299,1
LF:85
LH:37
BRDA:22,0,0,0
BRDA:24,1,0,0
BRDA:24,2,0,0
BRDA:24,3,0,0
BRDA:24,4,0,0
BRDA:24,5,0,0
BRDA:32,6,0,5
BRDA:32,6,1,0
BRDA:40,7,0,0
BRDA:40,7,1,5
BRDA:48,8,0,0
BRDA:48,8,1,5
BRDA:99,9,0,1
BRDA:99,9,1,0
BRDA:129,10,0,0
BRDA:129,10,1,0
BRDA:138,11,0,0
BRDA:138,11,1,0
BRDA:146,12,0,0
BRDA:146,12,1,0
BRDA:148,13,0,0
BRDA:148,13,1,0
BRDA:186,14,0,0
BRDA:186,14,1,1
BRDA:195,15,0,0
BRDA:195,15,1,1
BRDA:202,16,0,0
BRDA:202,16,1,1
BRDA:247,17,0,0
BRDA:247,17,1,0
BRDA:254,18,0,0
BRDA:254,18,1,0
BRDA:254,19,0,0
BRDA:254,19,1,0
BRDA:255,20,0,0
BRDA:255,20,1,0
BRDA:264,21,0,0
BRDA:264,21,1,0
BRDA:267,22,0,0
BRDA:267,22,1,0
BRDA:268,23,0,0
BRDA:268,23,1,0
BRDA:272,24,0,0
BRDA:272,24,1,0
BRF:44
BRH:7
end_of_record
TN:
SF:backend\utils\formatters.js
FN:11,formatDate
FN:20,formatBytes
FN:37,formatDuration
FN:56,sanitizeHeaders
FN:66,(anonymous_4)
FNF:5
FNH:0
FNDA:0,formatDate
FNDA:0,formatBytes
FNDA:0,formatDuration
FNDA:0,sanitizeHeaders
FNDA:0,(anonymous_4)
DA:12,0
DA:21,0
DA:22,0
DA:25,0
DA:26,0
DA:27,0
DA:29,0
DA:38,0
DA:39,0
DA:40,0
DA:42,0
DA:43,0
DA:45,0
DA:46,0
DA:48,0
DA:57,0
DA:64,0
DA:66,0
DA:67,0
DA:68,0
DA:72,0
DA:75,0
LF:22
LH:0
BRDA:11,0,0,0
BRDA:21,1,0,0
BRDA:21,1,1,0
BRDA:42,2,0,0
BRDA:42,2,1,0
BRDA:45,3,0,0
BRDA:45,3,1,0
BRDA:67,4,0,0
BRDA:67,4,1,0
BRF:9
BRH:0
end_of_record
